[
  {
    "Product": "DISCO",
    "Release": "25.2",
    "Platform": "Windows",
    "TestName": "Structural_Explore_BearingLoad",
    "Result": "ERROR",
    "FailureMessage": "<TESTSET NAME=\"Structural_Explore_BearingLoad\" NTESTS=\"1\" TITLE=\"Structural_Explore_BearingLoad\"><MACHINE>CHQ2DISCOTEST24</MACHINE><PACKAGE_ID>202505130155P00</PACKAGE_ID><STANDALONE_BUILD_DATE /><BUILD_ID_DISPLAY_NAME>2025-05-13 01:55 P00</BUILD_ID_DISPLAY_NAME><VERSION>25.2</VERSION><SUPPORT>SUPPORTED</SUPPORT><RUNTYPE>OFFICIAL</RUNTYPE><MODIFIED_RUNTYPE>OFFICIAL</MODIFIED_RUNTYPE> <TEST_INFO><APPLICATION>ANSYS</APPLICATION><TEST_TYPE>UNIFIED</TEST_TYPE><NAME>Structural_Explore_BearingLoad</NAME><OWNER>Michael</OWNER><PRODUCT>DISCO</PRODUCT><TEST_PATH>ExploreScriptTestSuite\\STRUCTURAL_EXPLORE_BEARINGLOAD</TEST_PATH></TEST_INFO><SYSTEM_INFO><SOFTWARE><OS><NAME>Windows 11</NAME><TYPE>Windows</TYPE></OS></SOFTWARE></SYSTEM_INFO><START>05/15/2025 01:10:49</START><TESTCASE TITLE=\"Structural_Explore_BearingLoad\"><STEPS><PLUGIN NAME=\"DISCO_EXECUTION\"><DETAILS><MESSAGE>Test Categories: Structural, Modal</MESSAGE><MESSAGE RESULT=\"ERROR\"> Status: ValidationError Summary: 2 validation error(s) in test run. See results file for complete details of all failures. First validation error: Max. X Displacement 1 - Explore - GetValueExploreValue \tActual: 5.7789616221271E-06 \tExpected: 4.02E-06 </MESSAGE></DETAILS><ELAPSED>98.8836388</ELAPSED><MESSAGE ELAPSED=\"2.8587959\" RESULT=\"PASSED\">SCENARIO 1 Open Project File</MESSAGE><MESSAGE ELAPSED=\"2.8772755\" RESULT=\"PASSED\">SCENARIO 2 Apply Bearing Load</MESSAGE><MESSAGE ELAPSED=\"4.7828675\" RESULT=\"PASSED\">SCENARIO 3 Create Monitors</MESSAGE><MESSAGE ELAPSED=\"2.5941816\" RESULT=\"PASSED\">SCENARIO 4 Explore Solve 1</MESSAGE><MESSAGE ELAPSED=\"0.001892\" RESULT=\"FAILED\">SCENARIO 5 Explore Solve 2</MESSAGE><MESSAGE RESULT=\"FAILED\">Max. X Displacement 1 - Explore - GetValueExploreValue [TARGET=4.02E-06] [TEST=5.7789616221271E-06]</MESSAGE><MESSAGE RESULT=\"FAILED\">Z Reaction Force 2 - Explore - GetValueExploreValue [TARGET=9070] [TEST=10000.0029296875]</MESSAGE><MESSAGE ELAPSED=\"0.5013678\" RESULT=\"PASSED\">SCENARIO 6 Suppress Bearing Load</MESSAGE><MESSAGE ELAPSED=\"5.2433135\" RESULT=\"PASSED\">SCENARIO 7 Add New Bearing Load</MESSAGE><MESSAGE ELAPSED=\"27.499048\" RESULT=\"PASSED\">SCENARIO 8 Explore Solve 3</MESSAGE><MESSAGE ELAPSED=\"0.00026\" RESULT=\"PASSED\">SCENARIO 9 Validate Mode 1 Frequency - Explore</MESSAGE><MESSAGE ELAPSED=\"0.0001674\" RESULT=\"PASSED\">SCENARIO 10 Validate Mode 2 Frequency - Explore</MESSAGE><MESSAGE ELAPSED=\"1.6975409\" RESULT=\"PASSED\">SCENARIO 11 Validate Mode 3 Frequency - Explore</MESSAGE><MESSAGE ELAPSED=\"3.9129125\" RESULT=\"PASSED\">SCENARIO 12 Save Project</MESSAGE><MESSAGE ELAPSED=\"10.6296837\" RESULT=\"PASSED\">SCENARIO 13 Resume Project</MESSAGE><MESSAGE ELAPSED=\"0.0057857\" RESULT=\"PASSED\">SCENARIO 14 Explore Solve 4</MESSAGE><RESULT>ERROR</RESULT></PLUGIN></STEPS><RESULT>ERROR</RESULT><ELAPSED>98.8836388</ELAPSED><STEPS><PLUGIN NAME=\"TFS_DISCO_EXECUTION\"><DETAILS><MESSAGE RESULT=\"ERROR\">Assert.Fail failed. Test has failed TestCleanup method Ansys.Disco.Integration.Tests.ScriptTests.ExploreScriptTestSuite.AfterEach threw exception. Microsoft.VisualStudio.TestTools.UnitTesting.AssertFailedException: Assert.Fail failed.  Status: ValidationError Summary: 2 validation error(s) in test run. See results file for complete details of all failures. First validation error: Max. X Displacement 1 - Explore - GetValueExploreValue \tActual: 5.7789616221271E-06 \tExpected: 4.02E-06 .</MESSAGE></DETAILS><ELAPSED>109</ELAPSED><RESULT>ERROR</RESULT></PLUGIN></STEPS></TESTCASE></TESTSET>",
    "Owner": "Michael",
    "HasInvestigation": true,
    "InvestigationReport": "Bearing load script test keeps hanging after script suppresses condition",
    "WorkItemId": "1179367"
  },
  {
    "Product": "DISCO",
    "Release": "25.2",
    "Platform": "Windows",
    "TestName": "Owens_Corning_Die",
    "Result": "ERROR",
    "FailureMessage": "<TESTSET NAME=\"Owens_Corning_Die\" NTESTS=\"1\" TITLE=\"Owens_Corning_Die\"><MACHINE>CHQ2DISCOTEST24</MACHINE><PACKAGE_ID>202505131143P00</PACKAGE_ID><STANDALONE_BUILD_DATE /><BUILD_ID_DISPLAY_NAME>2025-05-13 11:43 P00</BUILD_ID_DISPLAY_NAME><VERSION>25.2</VERSION><SUPPORT>SUPPORTED</SUPPORT><RUNTYPE>OFFICIAL</RUNTYPE><MODIFIED_RUNTYPE>OFFICIAL</MODIFIED_RUNTYPE> <TEST_INFO><APPLICATION>ANSYS</APPLICATION><TEST_TYPE>UNIFIED</TEST_TYPE><NAME>Owens_Corning_Die</NAME><OWNER>Craig</OWNER><PRODUCT>DISCO</PRODUCT><TEST_PATH>DesignScriptTestSuite\\OWENS_CORNING_DIE</TEST_PATH></TEST_INFO><SYSTEM_INFO><SOFTWARE><OS><NAME>Windows 11</NAME><TYPE>Windows</TYPE></OS></SOFTWARE></SYSTEM_INFO><START>05/14/2025 01:50:20</START><TESTCASE TITLE=\"Owens_Corning_Die\"><STEPS><PLUGIN NAME=\"DISCO_EXECUTION\"><DETAILS><MESSAGE>Test Categories: </MESSAGE><MESSAGE RESULT=\"ERROR\"> Script Error: Object reference not set to an instance of an object. Error occurred at line 225:   result = ShareTopologyNamedSelection.FindAndFix(options) Additional details are available in the log file. </MESSAGE></DETAILS><ELAPSED>48.9784937</ELAPSED><MESSAGE ELAPSED=\"0.0001159\" RESULT=\"PASSED\">SCENARIO 1 Define helper functions</MESSAGE><MESSAGE ELAPSED=\"4.8391066\" RESULT=\"PASSED\">SCENARIO 2 Import geometry OC Coathanger Assembly_NO Mixer_135° Lip.SLDASM</MESSAGE><MESSAGE ELAPSED=\"0.4952369\" RESULT=\"PASSED\">SCENARIO 3 Validate imported geometry</MESSAGE><MESSAGE ELAPSED=\"0.5371265\" RESULT=\"PASSED\">SCENARIO 4 Rename all bodies in line with Component name and move to new Component</MESSAGE><MESSAGE ELAPSED=\"0.6447681\" RESULT=\"PASSED\">SCENARIO 5 Creating Proper Body Names</MESSAGE><MESSAGE ELAPSED=\"0.0296213\" RESULT=\"PASSED\">SCENARIO 6 Extracting Pipe Fluid Volume</MESSAGE><MESSAGE ELAPSED=\"0.7622708\" RESULT=\"PASSED\">SCENARIO 7 Fluid pipe extraction</MESSAGE><MESSAGE ELAPSED=\"4.5575371\" RESULT=\"PASSED\">SCENARIO 8 Extracting Fluid Die</MESSAGE><MESSAGE ELAPSED=\"2.1910334\" RESULT=\"PASSED\">SCENARIO 9 Extracting Fluid Die</MESSAGE><MESSAGE ELAPSED=\"1.7050215\" RESULT=\"FAILED\">SCENARIO 10 Creating Die Cap</MESSAGE><RESULT>ERROR</RESULT></PLUGIN></STEPS><RESULT>ERROR</RESULT><ELAPSED>48.9784937</ELAPSED></TESTCASE></TESTSET>",
    "Owner": "Craig",
    "HasInvestigation": false
  },
  {
    "Product": "DISCO",
    "Release": "25.2",
    "Platform": "Windows",
    "TestName": "Fill_Objective_Volumechange",
    "Result": "ERROR",
    "FailureMessage": "<TESTSET NAME=\"Fill_Objective_Volumechange\" NTESTS=\"1\" TITLE=\"Fill_Objective_Volumechange\"><MACHINE>CHQ2DISCOTEST24</MACHINE><PACKAGE_ID>202505131143P00</PACKAGE_ID><STANDALONE_BUILD_DATE /><BUILD_ID_DISPLAY_NAME>2025-05-13 11:43 P00</BUILD_ID_DISPLAY_NAME><VERSION>25.2</VERSION><SUPPORT>SUPPORTED</SUPPORT><RUNTYPE>OFFICIAL</RUNTYPE><MODIFIED_RUNTYPE>OFFICIAL</MODIFIED_RUNTYPE> <TEST_INFO><APPLICATION>ANSYS</APPLICATION><TEST_TYPE>UNIFIED</TEST_TYPE><NAME>Fill_Objective_Volumechange</NAME><OWNER>Jitesh</OWNER><PRODUCT>DISCO</PRODUCT><TEST_PATH>DesignTestSuite\\FILL_OBJECTIVE_VOLUMECHANGE</TEST_PATH></TEST_INFO><SYSTEM_INFO><SOFTWARE><OS><NAME>Windows 11</NAME><TYPE>Windows</TYPE></OS></SOFTWARE></SYSTEM_INFO><START>05/14/2025 01:59:06</START><TESTCASE TITLE=\"Fill_Objective_Volumechange\"><STEPS><PLUGIN NAME=\"DISCO_EXECUTION\"><DETAILS><MESSAGE>Test Categories: </MESSAGE><MESSAGE RESULT=\"ERROR\">Status:  ValidationError Step:    79 Details: Validation error: step#79# during replay. While setting selection: Expected 0 objects, but 1 were selected: \tActual:   (1) Body \tExpected:  </MESSAGE></DETAILS><ELAPSED>44.8798809</ELAPSED><RESULT>ERROR</RESULT></PLUGIN></STEPS><RESULT>ERROR</RESULT><ELAPSED>44.8798809</ELAPSED></TESTCASE></TESTSET>",
    "Owner": "Jitesh",
    "HasInvestigation": true,
    "InvestigationReport": "Extruding a pattern causes error",
    "WorkItemId": "1175970"
  },
  {
    "Product": "DISCO",
    "Release": "25.2",
    "Platform": "Windows",
    "TestName": "Shared_OnDemand_Fluid",
    "Result": "TIMEOUT",
    "FailureMessage": "<TESTSET NAME=\"Shared_OnDemand_Fluid\" NTESTS=\"1\" TITLE=\"Shared_OnDemand_Fluid\"><MACHINE>CHQ2DISCOTEST41</MACHINE><PACKAGE_ID>202505131143P00</PACKAGE_ID><STANDALONE_BUILD_DATE /><BUILD_ID_DISPLAY_NAME>2025-05-13 11:43 P00</BUILD_ID_DISPLAY_NAME><VERSION>25.2</VERSION><SUPPORT>SUPPORTED</SUPPORT><RUNTYPE>OFFICIAL</RUNTYPE><MODIFIED_RUNTYPE>OFFICIAL</MODIFIED_RUNTYPE> <TEST_INFO><APPLICATION>ANSYS</APPLICATION><TEST_TYPE>UNIFIED</TEST_TYPE><NAME>Shared_OnDemand_Fluid</NAME><OWNER>Christine</OWNER><PRODUCT>DISCO</PRODUCT><TEST_PATH>WebLicenseTestSuite\\SHARED_ONDEMAND_FLUID</TEST_PATH></TEST_INFO><SYSTEM_INFO><SOFTWARE><OS><NAME>Windows 11</NAME><TYPE>Windows</TYPE></OS></SOFTWARE></SYSTEM_INFO><START>05/13/2025 23:32:13</START><TESTCASE TITLE=\"Shared_OnDemand_Fluid\"><STEPS><PLUGIN NAME=\"DISCO_EXECUTION\"><DETAILS><MESSAGE>Test Categories: Shared</MESSAGE><MESSAGE RESULT=\"TIMEOUT\">Discovery processes associated with test 'Shared_OnDemand_Fluid' did not finish closing before timeout was hit.Test 'Shared_OnDemand_Fluid' exceeded execution timeout period at step 0.Test 'Shared_OnDemand_Fluid' exceeded execution timeout period at step 0.</MESSAGE></DETAILS><ELAPSED>362.4794843</ELAPSED><RESULT>TIMEOUT</RESULT></PLUGIN></STEPS><RESULT>TIMEOUT</RESULT><ELAPSED>362.4794843</ELAPSED><STEPS><PLUGIN NAME=\"TFS_DISCO_EXECUTION\"><DETAILS><MESSAGE RESULT=\"TIMEOUT\">Assert.Fail failed. The test has timed out after 360s TestCleanup method Ansys.Disco.Integration.Tests.JournalTests.WebLicenseTestSuite.WebLicenseTestSuite.AfterEach threw exception. Microsoft.VisualStudio.TestTools.UnitTesting.AssertFailedException: Assert.Fail failed. Test 'Shared_OnDemand_Fluid' exceeded execution timeout period at step 0..</MESSAGE></DETAILS><ELAPSED>369</ELAPSED><RESULT>TIMEOUT</RESULT></PLUGIN></STEPS></TESTCASE></TESTSET>",
    "Owner": "Christine",
    "HasInvestigation": true,
    "InvestigationReport": "CFD Solver web licensing checkout fails",
    "WorkItemId": "1266390"
  },
  {
    "Product": "DISCO",
    "Release": "25.2",
    "Platform": "Windows",
    "TestName": "ParamSweeps_LatinHyperCube",
    "Result": "ERROR",
    "FailureMessage": "<TESTSET NAME=\"ParamSweeps_LatinHyperCube\" NTESTS=\"1\" TITLE=\"ParamSweeps_LatinHyperCube\"><MACHINE>CHQ2DISCOTEST24</MACHINE><PACKAGE_ID>202505130155P00</PACKAGE_ID><STANDALONE_BUILD_DATE /><BUILD_ID_DISPLAY_NAME>2025-05-13 01:55 P00</BUILD_ID_DISPLAY_NAME><VERSION>25.2</VERSION><SUPPORT>SUPPORTED</SUPPORT><RUNTYPE>OFFICIAL</RUNTYPE><MODIFIED_RUNTYPE>OFFICIAL</MODIFIED_RUNTYPE> <TEST_INFO><APPLICATION>ANSYS</APPLICATION><TEST_TYPE>UNIFIED</TEST_TYPE><NAME>ParamSweeps_LatinHyperCube</NAME><OWNER>Pritam</OWNER><PRODUCT>DISCO</PRODUCT><TEST_PATH>ExploreTestSuite\\PARAMSWEEPS_LATINHYPERCUBE</TEST_PATH></TEST_INFO><SYSTEM_INFO><SOFTWARE><OS><NAME>Windows 11</NAME><TYPE>Windows</TYPE></OS></SOFTWARE></SYSTEM_INFO><START>05/15/2025 01:29:37</START><TESTCASE TITLE=\"ParamSweeps_LatinHyperCube\"><STEPS><PLUGIN NAME=\"DISCO_EXECUTION\"><DETAILS><MESSAGE>Test Categories: ParameterSweeps</MESSAGE><MESSAGE RESULT=\"ERROR\">Status:  ValidationError Step:    285 Details: Validation error: step#285# during replay. While setting selection: The object 'NominalFace (id=0:203, Parasolid Face 14517 (plane), loops = 1, edges = 4)' (Face) has some differences     Actual:   Area=0.000529     Expected: Area=0.000484 </MESSAGE></DETAILS><ELAPSED>54.2246624</ELAPSED><RESULT>ERROR</RESULT></PLUGIN></STEPS><RESULT>ERROR</RESULT><ELAPSED>54.2246624</ELAPSED><STEPS><PLUGIN NAME=\"TFS_DISCO_EXECUTION\"><DETAILS><MESSAGE RESULT=\"ERROR\">Assert.Fail failed. Test has failed TestCleanup method Ansys.Disco.Integration.Tests.JournalTests.ExploreTestSuite.AfterEach threw exception. Microsoft.VisualStudio.TestTools.UnitTesting.AssertFailedException: Assert.Fail failed. Status:  ValidationError Step:    285 Details: Validation error: step#285# during replay. While setting selection: The object 'NominalFace (id=0:203, Parasolid Face 14517 (plane), loops = 1, edges = 4)' (Face) has some differences     Actual:   Area=0.000529     Expected: Area=0.000484 .</MESSAGE></DETAILS><ELAPSED>66</ELAPSED><RESULT>ERROR</RESULT></PLUGIN></STEPS></TESTCASE></TESTSET>",
    "Owner": "Pritam",
    "HasInvestigation": false
  },
  {
    "Product": "DISCO",
    "Release": "25.2",
    "Platform": "Windows",
    "TestName": "ParamSweeps_Components_Angles",
    "Result": "ERROR",
    "FailureMessage": "<TESTSET NAME=\"ParamSweeps_Components_Angles\" NTESTS=\"1\" TITLE=\"ParamSweeps_Components_Angles\"><MACHINE>CHQ2DISCOTEST24</MACHINE><PACKAGE_ID>202505130155P00</PACKAGE_ID><STANDALONE_BUILD_DATE /><BUILD_ID_DISPLAY_NAME>2025-05-13 01:55 P00</BUILD_ID_DISPLAY_NAME><VERSION>25.2</VERSION><SUPPORT>SUPPORTED</SUPPORT><RUNTYPE>OFFICIAL</RUNTYPE><MODIFIED_RUNTYPE>OFFICIAL</MODIFIED_RUNTYPE> <TEST_INFO><APPLICATION>ANSYS</APPLICATION><TEST_TYPE>UNIFIED</TEST_TYPE><NAME>ParamSweeps_Components_Angles</NAME><OWNER>Christine</OWNER><PRODUCT>DISCO</PRODUCT><TEST_PATH>ExploreTestSuite\\PARAMSWEEPS_COMPONENTS_ANGLES</TEST_PATH></TEST_INFO><SYSTEM_INFO><SOFTWARE><OS><NAME>Windows 11</NAME><TYPE>Windows</TYPE></OS></SOFTWARE></SYSTEM_INFO><START>05/15/2025 01:28:12</START><TESTCASE TITLE=\"ParamSweeps_Components_Angles\"><STEPS><PLUGIN NAME=\"DISCO_EXECUTION\"><DETAILS><MESSAGE>Test Categories: Fluid, ParameterSweeps</MESSAGE><MESSAGE RESULT=\"ERROR\">Status:  ValidationError Step:    329 Details: Validation error: step#329# during replay. Expected validation class ValidateVariationUICommand, but found SetSelectionCommand. </MESSAGE></DETAILS><ELAPSED>72.2935313</ELAPSED><RESULT>ERROR</RESULT></PLUGIN></STEPS><RESULT>ERROR</RESULT><ELAPSED>72.2935313</ELAPSED><STEPS><PLUGIN NAME=\"TFS_DISCO_EXECUTION\"><DETAILS><MESSAGE RESULT=\"ERROR\">Assert.Fail failed. Test has failed TestCleanup method Ansys.Disco.Integration.Tests.JournalTests.ExploreTestSuite.AfterEach threw exception. Microsoft.VisualStudio.TestTools.UnitTesting.AssertFailedException: Assert.Fail failed. Status:  ValidationError Step:    329 Details: Validation error: step#329# during replay. Expected validation class ValidateVariationUICommand, but found SetSelectionCommand. .</MESSAGE></DETAILS><ELAPSED>84</ELAPSED><RESULT>ERROR</RESULT></PLUGIN></STEPS></TESTCASE></TESTSET>",
    "Owner": "Christine",
    "HasInvestigation": true,
    "InvestigationReport": "Toolkit Bug - Toolkit Update PR should be merged soon",
    "WorkItemId": "1265608"
  },
  {
    "Product": "DISCO",
    "Release": "25.2",
    "Platform": "Windows",
    "TestName": "CHT_2DFans_LiqGas",
    "Result": "ERROR",
    "FailureMessage": "<TESTSET NAME=\"CHT_2DFans_LiqGas\" NTESTS=\"1\" TITLE=\"CHT_2DFans_LiqGas\"><MACHINE>CHQ2DISCOTEST22</MACHINE><PACKAGE_ID>202505131143P00</PACKAGE_ID><STANDALONE_BUILD_DATE /><BUILD_ID_DISPLAY_NAME>2025-05-13 11:43 P00</BUILD_ID_DISPLAY_NAME><VERSION>25.2</VERSION><SUPPORT>SUPPORTED</SUPPORT><RUNTYPE>OFFICIAL</RUNTYPE><MODIFIED_RUNTYPE>OFFICIAL</MODIFIED_RUNTYPE> <TEST_INFO><APPLICATION>ANSYS</APPLICATION><TEST_TYPE>UNIFIED</TEST_TYPE><NAME>CHT_2DFans_LiqGas</NAME><OWNER>Jane</OWNER><PRODUCT>DISCO</PRODUCT><TEST_PATH>RefineScriptTestSuite\\CHT_2DFANS_LIQGAS</TEST_PATH></TEST_INFO><SYSTEM_INFO><SOFTWARE><OS><NAME>Windows 11</NAME><TYPE>Windows</TYPE></OS></SOFTWARE></SYSTEM_INFO><START>05/14/2025 05:30:23</START><TESTCASE TITLE=\"CHT_2DFans_LiqGas\"><STEPS><PLUGIN NAME=\"DISCO_EXECUTION\"><DETAILS><MESSAGE>Test Categories: Fluid</MESSAGE><MESSAGE RESULT=\"ERROR\"> Script Error: One or more errors occurred. Error occurred at line 364:   condition.Definition = definition Additional details are available in the log file. </MESSAGE></DETAILS><ELAPSED>212.0714104</ELAPSED><MESSAGE ELAPSED=\"3.7400191\" RESULT=\"PASSED\">SCENARIO 1 Insert CHT_2-Fluids.dsco and rescale it</MESSAGE><MESSAGE ELAPSED=\"5.1136758\" RESULT=\"PASSED\">SCENARIO 2 Create two pressure inlets with inlet 1 at 50C</MESSAGE><MESSAGE ELAPSED=\"0.6810991\" RESULT=\"PASSED\">SCENARIO 3 Change the fluid for the simulation from water to air</MESSAGE><MESSAGE ELAPSED=\"13.6841898\" RESULT=\"PASSED\">SCENARIO 4 Create two Exhaust Fan conditions based on two Icepak library definitions</MESSAGE><MESSAGE ELAPSED=\"1.4947578\" RESULT=\"PASSED\">SCENARIO 5 Unsuppress solid thermal body to create a CHT simulation with two flow paths</MESSAGE><MESSAGE ELAPSED=\"0.0085189\" RESULT=\"PASSED\">SCENARIO 6 Check that CHT simulation with two Icepak exhaust fans is valid when fluid is air in both flow paths</MESSAGE><MESSAGE ELAPSED=\"1.616276\" RESULT=\"PASSED\">SCENARIO 7 Replace air with water for cold path</MESSAGE><MESSAGE ELAPSED=\"1.2157289\" RESULT=\"PASSED\">SCENARIO 8 Edit the properties of water to be more similar to air while still labelled as a liquid</MESSAGE><MESSAGE ELAPSED=\"0.0069439\" RESULT=\"PASSED\">SCENARIO 9 Check that the CHT simulation is invalid when an Icepak library fan is combined with a liquid and that there is an error message</MESSAGE><MESSAGE ELAPSED=\"0.0023938\" RESULT=\"PASSED\">SCENARIO 10 Check that the information for the fan on the liquid path includes its make and model from the Icepak library</MESSAGE><MESSAGE ELAPSED=\"0.8693919\" RESULT=\"PASSED\">SCENARIO 11 Modify a row of the fan curve</MESSAGE><MESSAGE ELAPSED=\"0.0005956\" RESULT=\"PASSED\">SCENARIO 12 Check that simulation is now valid following the change to the fan curve and that the error message has been removed</MESSAGE><MESSAGE ELAPSED=\"0.0012869\" RESULT=\"PASSED\">SCENARIO 13 Check that the information about modified fan no longer includes the make and model from the Icepak library</MESSAGE><MESSAGE ELAPSED=\"1.3579694\" RESULT=\"PASSED\">SCENARIO 14 Create monitors for Fan Pressure Rise and Volume Flow Rate</MESSAGE><MESSAGE ELAPSED=\"16.1997572\" RESULT=\"PASSED\">SCENARIO 15 Solve CHT simulation with modified Icepak fan on liquid path in Explore and validate monitors</MESSAGE><MESSAGE ELAPSED=\"57.4238882\" RESULT=\"PASSED\">SCENARIO 16 Move to Refine stage, solve the CHT simulation with modified Icepak fan on liquid path in Refine and validate monitors</MESSAGE><MESSAGE ELAPSED=\"13.2512856\" RESULT=\"PASSED\">SCENARIO 17 Replace the exhaust fan on the liquid path with a different fan from the Icepak library</MESSAGE><MESSAGE ELAPSED=\"0.0002892\" RESULT=\"PASSED\">SCENARIO 18 Check that the CHT simulation is now invalid due to the new Icepak library fan on the liquid path and that there is an error message</MESSAGE><MESSAGE ELAPSED=\"0.0005099\" RESULT=\"PASSED\">SCENARIO 19 Check that the information for the fan on the liquid path includes its make and model from the Icepak library</MESSAGE><MESSAGE ELAPSED=\"1.0284183\" RESULT=\"PASSED\">SCENARIO 20 Change the option selected for the fan on the liquid path from volume flow rate to constant pressure rise and provide a value</MESSAGE><MESSAGE ELAPSED=\"0.0001472\" RESULT=\"PASSED\">SCENARIO 21 Check that for the CHT simulation with constant pressure rise, the error message has been removed</MESSAGE><MESSAGE ELAPSED=\"38.5674435\" RESULT=\"PASSED\">SCENARIO 22 Solve the CHT simulation with a constant pressure rise for the fan on the liquid path in Refine and validate monitors</MESSAGE><MESSAGE ELAPSED=\"18.9913107\" RESULT=\"PASSED\">SCENARIO 23 Move to Explore, solve the CHT simulation with a constant pressure rise for the fan on the liquid path in Explore and validate monitors</MESSAGE><MESSAGE ELAPSED=\"0.6491093\" RESULT=\"FAILED\">SCENARIO 24 Replace the fan on the liquid path with a fan from the local library</MESSAGE><RESULT>ERROR</RESULT></PLUGIN></STEPS><RESULT>ERROR</RESULT><ELAPSED>212.0714104</ELAPSED></TESTCASE></TESTSET>",
    "Owner": "Jane",
    "HasInvestigation": false
  },
  {
    "Product": "DISCO",
    "Release": "25.2",
    "Platform": "Windows",
    "TestName": "BurstCompute_HT",
    "Result": "ERROR",
    "FailureMessage": "<TESTSET NAME=\"BurstCompute_HT\" NTESTS=\"1\" TITLE=\"BurstCompute_HT\"><MACHINE>CHQ2DISCOTEST41</MACHINE><PACKAGE_ID>202505131143P00</PACKAGE_ID><STANDALONE_BUILD_DATE /><BUILD_ID_DISPLAY_NAME>2025-05-13 11:43 P00</BUILD_ID_DISPLAY_NAME><VERSION>25.2</VERSION><SUPPORT>SUPPORTED</SUPPORT><RUNTYPE>OFFICIAL</RUNTYPE><MODIFIED_RUNTYPE>OFFICIAL</MODIFIED_RUNTYPE> <TEST_INFO><APPLICATION>ANSYS</APPLICATION><TEST_TYPE>UNIFIED</TEST_TYPE><NAME>BurstCompute_HT</NAME><OWNER>Pritam</OWNER><PRODUCT>DISCO</PRODUCT><TEST_PATH>BurstComputeTestSuite\\BURSTCOMPUTE_HT</TEST_PATH></TEST_INFO><SYSTEM_INFO><SOFTWARE><OS><NAME>Windows 11</NAME><TYPE>Windows</TYPE></OS></SOFTWARE></SYSTEM_INFO><START>05/13/2025 23:24:46</START><TESTCASE TITLE=\"BurstCompute_HT\"><STEPS><PLUGIN NAME=\"DISCO_EXECUTION\"><DETAILS><MESSAGE>Test Categories: </MESSAGE><MESSAGE RESULT=\"ERROR\">Status:  ValidationError Step:    965 Details: Validation error: step#965# during replay. The object 'DefinedVariationState' has some differences     Actual:   OutputCellValues=IsEmpty:False, Value:Ratio, 3078849, DecimalFraction, IsEmpty:False, Value:Length, 3.484381E-12, Meter, IsEmpty:False, Value:Pressure, 77.10674, Pascal     Expected: OutputCellValues=IsEmpty:False, Value:Ratio, 3275420, DecimalFraction, IsEmpty:False, Value:Length, 3.488301E-12, Meter, IsEmpty:False, Value:Pressure, 72.47926, Pascal </MESSAGE></DETAILS><ELAPSED>433.0421268</ELAPSED><RESULT>ERROR</RESULT></PLUGIN></STEPS><RESULT>ERROR</RESULT><ELAPSED>433.0421268</ELAPSED><STEPS><PLUGIN NAME=\"TFS_DISCO_EXECUTION\"><DETAILS><MESSAGE RESULT=\"ERROR\">Assert.Fail failed. Test has failed TestCleanup method Ansys.Disco.Integration.Tests.JournalTests.BurstComputeTestSuite.AfterEach threw exception. Microsoft.VisualStudio.TestTools.UnitTesting.AssertFailedException: Assert.Fail failed. Status:  ValidationError Step:    965 Details: Validation error: step#965# during replay. The object 'DefinedVariationState' has some differences     Actual:   OutputCellValues=IsEmpty:False, Value:Ratio, 3078849, DecimalFraction, IsEmpty:False, Value:Length, 3.484381E-12, Meter, IsEmpty:False, Value:Pressure, 77.10674, Pascal     Expected: OutputCellValues=IsEmpty:False, Value:Ratio, 3275420, DecimalFraction, IsEmpty:False, Value:Length, 3.488301E-12, Meter, IsEmpty:False, Value:Pressure, 72.47926, Pascal .</MESSAGE></DETAILS><ELAPSED>438</ELAPSED><RESULT>ERROR</RESULT></PLUGIN></STEPS></TESTCASE></TESTSET>",
    "Owner": "Pritam",
    "HasInvestigation": false
  },
  {
    "Product": "DISCO",
    "Release": "25.2",
    "Platform": "Windows",
    "TestName": "TestingAddinV252_InvalidateResults",
    "Result": "ERROR",
    "FailureMessage": "<TESTSET NAME=\"TestingAddinV252_InvalidateResults\" NTESTS=\"1\" TITLE=\"TestingAddinV252_InvalidateResults\"><MACHINE>CHQ2DISCOTEST04</MACHINE><PACKAGE_ID>202505131143P00</PACKAGE_ID><STANDALONE_BUILD_DATE /><BUILD_ID_DISPLAY_NAME>2025-05-13 11:43 P00</BUILD_ID_DISPLAY_NAME><VERSION>25.2</VERSION><SUPPORT>SUPPORTED</SUPPORT><RUNTYPE>OFFICIAL</RUNTYPE><MODIFIED_RUNTYPE>OFFICIAL</MODIFIED_RUNTYPE> <TEST_INFO><APPLICATION>ANSYS</APPLICATION><TEST_TYPE>UNIFIED</TEST_TYPE><NAME>TestingAddinV252_InvalidateResults</NAME><OWNER>Craig</OWNER><PRODUCT>DISCO</PRODUCT><TEST_PATH>AddinTestSuite\\TESTINGADDINV252_INVALIDATERESULTS</TEST_PATH></TEST_INFO><SYSTEM_INFO><SOFTWARE><OS><NAME>Windows 11</NAME><TYPE>Windows</TYPE></OS></SOFTWARE></SYSTEM_INFO><START>05/14/2025 01:06:05</START><TESTCASE TITLE=\"TestingAddinV252_InvalidateResults\"><STEPS><PLUGIN NAME=\"DISCO_EXECUTION\"><DETAILS><MESSAGE>Test Categories: Addin [TestingV252]</MESSAGE><MESSAGE RESULT=\"ERROR\">Status:  ValidationError Step:    157 Details: Validation error: step#157# during replay. of ICT-BL-TestingAddinV252_InvalidResults-1.png. Images differ by 9249 pixels </MESSAGE></DETAILS><ELAPSED>48.9535777</ELAPSED><RESULT>ERROR</RESULT></PLUGIN></STEPS><RESULT>ERROR</RESULT><ELAPSED>48.9535777</ELAPSED></TESTCASE></TESTSET>",
    "Owner": "Craig",
    "HasInvestigation": true,
    "InvestigationReport": "DiscoTestingAddInV252 - Log is showing as Db on custom contour activation",
    "WorkItemId": "1265658"
  },
  {
    "Product": "DISCO",
    "Release": "25.2",
    "Platform": "Windows",
    "TestName": "Import_Export_FluentMesh",
    "Result": "TIMEOUT",
    "FailureMessage": "<TESTSET NAME=\"Import_Export_FluentMesh\" NTESTS=\"1\" TITLE=\"Import_Export_FluentMesh\"><MACHINE>CHQ2DISCOTEST24</MACHINE><PACKAGE_ID>202505131143P00</PACKAGE_ID><STANDALONE_BUILD_DATE /><BUILD_ID_DISPLAY_NAME>2025-05-13 11:43 P00</BUILD_ID_DISPLAY_NAME><VERSION>25.2</VERSION><SUPPORT>SUPPORTED</SUPPORT><RUNTYPE>OFFICIAL</RUNTYPE><MODIFIED_RUNTYPE>OFFICIAL</MODIFIED_RUNTYPE> <TEST_INFO><APPLICATION>ANSYS</APPLICATION><TEST_TYPE>UNIFIED</TEST_TYPE><NAME>Import_Export_FluentMesh</NAME><OWNER>Ryan</OWNER><PRODUCT>DISCO</PRODUCT><TEST_PATH>DesignScriptTestSuite\\IMPORT_EXPORT_FLUENTMESH</TEST_PATH></TEST_INFO><SYSTEM_INFO><SOFTWARE><OS><NAME>Windows 11</NAME><TYPE>Windows</TYPE></OS></SOFTWARE></SYSTEM_INFO><START>05/14/2025 01:52:13</START><TESTCASE TITLE=\"Import_Export_FluentMesh\"><STEPS><PLUGIN NAME=\"DISCO_EXECUTION\"><DETAILS><MESSAGE>Test Categories: DesignStage, GeomImport</MESSAGE><MESSAGE RESULT=\"TIMEOUT\">Discovery processes associated with test 'Import_Export_FluentMesh' did not finish closing before timeout was hit.Test 'Import_Export_FluentMesh' exceeded execution timeout period at step 0.Test 'Import_Export_FluentMesh' exceeded execution timeout period at step 0.</MESSAGE></DETAILS><ELAPSED>90.1419916</ELAPSED><RESULT>TIMEOUT</RESULT></PLUGIN></STEPS><RESULT>TIMEOUT</RESULT><ELAPSED>90.1419916</ELAPSED></TESTCASE></TESTSET>",
    "Owner": "Ryan",
    "HasInvestigation": true,
    "InvestigationReport": "Fluent mesh export scaled on import",
    "WorkItemId": "1222449"
  },
  {
    "Product": "DISCO",
    "Release": "25.2",
    "Platform": "Windows",
    "TestName": "Import_Export_ply",
    "Result": "TIMEOUT",
    "FailureMessage": "<TESTSET NAME=\"Import_Export_ply\" NTESTS=\"1\" TITLE=\"Import_Export_ply\"><MACHINE>CHQ2DISCOTEST24</MACHINE><PACKAGE_ID>202505131143P00</PACKAGE_ID><STANDALONE_BUILD_DATE /><BUILD_ID_DISPLAY_NAME>2025-05-13 11:43 P00</BUILD_ID_DISPLAY_NAME><VERSION>25.2</VERSION><SUPPORT>SUPPORTED</SUPPORT><RUNTYPE>OFFICIAL</RUNTYPE><MODIFIED_RUNTYPE>OFFICIAL</MODIFIED_RUNTYPE> <TEST_INFO><APPLICATION>ANSYS</APPLICATION><TEST_TYPE>UNIFIED</TEST_TYPE><NAME>Import_Export_ply</NAME><OWNER>Pritam</OWNER><PRODUCT>DISCO</PRODUCT><TEST_PATH>DesignScriptTestSuite\\IMPORT_EXPORT_PLY</TEST_PATH></TEST_INFO><SYSTEM_INFO><SOFTWARE><OS><NAME>Windows 11</NAME><TYPE>Windows</TYPE></OS></SOFTWARE></SYSTEM_INFO><START>05/14/2025 01:46:58</START><TESTCASE TITLE=\"Import_Export_ply\"><STEPS><PLUGIN NAME=\"DISCO_EXECUTION\"><DETAILS><MESSAGE>Test Categories: GeomImport</MESSAGE><MESSAGE RESULT=\"TIMEOUT\">Discovery processes associated with test 'Import_Export_ply' did not finish closing before timeout was hit.Test 'Import_Export_ply' exceeded execution timeout period at step 0.Test 'Import_Export_ply' exceeded execution timeout period at step 0.</MESSAGE></DETAILS><ELAPSED>90.3294229</ELAPSED><RESULT>TIMEOUT</RESULT></PLUGIN></STEPS><RESULT>TIMEOUT</RESULT><ELAPSED>90.3294229</ELAPSED></TESTCASE></TESTSET>",
    "Owner": "Pritam",
    "HasInvestigation": true,
    "InvestigationReport": "Regression: Import_Export_ply,Import_Export_FluentMesh failing",
    "WorkItemId": "1222449"
  },
  {
    "Product": "DISCO",
    "Release": "25.2",
    "Platform": "Windows",
    "TestName": "Params_OutOfDate_UndoRedo",
    "Result": "TIMEOUT",
    "FailureMessage": "<TESTSET NAME=\"Params_OutOfDate_UndoRedo\" NTESTS=\"1\" TITLE=\"Params_OutOfDate_UndoRedo\"><MACHINE>CHQ2DISCOTEST24</MACHINE><PACKAGE_ID>202505130155P00</PACKAGE_ID><STANDALONE_BUILD_DATE /><BUILD_ID_DISPLAY_NAME>2025-05-13 01:55 P00</BUILD_ID_DISPLAY_NAME><VERSION>25.2</VERSION><SUPPORT>SUPPORTED</SUPPORT><RUNTYPE>OFFICIAL</RUNTYPE><MODIFIED_RUNTYPE>OFFICIAL</MODIFIED_RUNTYPE> <TEST_INFO><APPLICATION>ANSYS</APPLICATION><TEST_TYPE>UNIFIED</TEST_TYPE><NAME>Params_OutOfDate_UndoRedo</NAME><OWNER>Christine</OWNER><PRODUCT>DISCO</PRODUCT><TEST_PATH>ExploreTestSuite\\PARAMS_OUTOFDATE_UNDOREDO</TEST_PATH></TEST_INFO><SYSTEM_INFO><SOFTWARE><OS><NAME>Windows 11</NAME><TYPE>Windows</TYPE></OS></SOFTWARE></SYSTEM_INFO><START>05/15/2025 01:29:02</START><TESTCASE TITLE=\"Params_OutOfDate_UndoRedo\"><STEPS><PLUGIN NAME=\"DISCO_EXECUTION\"><DETAILS><MESSAGE>Test Categories: Structural, ParameterSweeps</MESSAGE><MESSAGE RESULT=\"TIMEOUT\">Discovery processes associated with test 'Params_OutOfDate_UndoRedo' did not finish closing before timeout was hit.Test 'Params_OutOfDate_UndoRedo' exceeded execution timeout period at step 0.Test 'Params_OutOfDate_UndoRedo' exceeded execution timeout period at step 0.</MESSAGE></DETAILS><ELAPSED>380.1855631</ELAPSED><RESULT>TIMEOUT</RESULT></PLUGIN></STEPS><RESULT>TIMEOUT</RESULT><ELAPSED>380.1855631</ELAPSED><STEPS><PLUGIN NAME=\"TFS_DISCO_EXECUTION\"><DETAILS><MESSAGE RESULT=\"TIMEOUT\">Assert.Fail failed. The test has timed out after 380s TestCleanup method Ansys.Disco.Integration.Tests.JournalTests.ExploreTestSuite.AfterEach threw exception. Microsoft.VisualStudio.TestTools.UnitTesting.AssertFailedException: Assert.Fail failed. Test 'Params_OutOfDate_UndoRedo' exceeded execution timeout period at step 0..</MESSAGE></DETAILS><ELAPSED>380</ELAPSED><RESULT>TIMEOUT</RESULT></PLUGIN></STEPS></TESTCASE></TESTSET>",
    "Owner": "Christine",
    "HasInvestigation": false
  },
  {
    "Product": "DISCO",
    "Release": "25.2",
    "Platform": "Windows",
    "TestName": "ExtBuilder_HeatSink_Preview",
    "Result": "ERROR",
    "FailureMessage": "<TESTSET NAME=\"ExtBuilder_HeatSink_Preview\" NTESTS=\"1\" TITLE=\"ExtBuilder_HeatSink_Preview\"><MACHINE>CHQ2DISCOTEST04</MACHINE><PACKAGE_ID>202505131143P00</PACKAGE_ID><STANDALONE_BUILD_DATE /><BUILD_ID_DISPLAY_NAME>2025-05-13 11:43 P00</BUILD_ID_DISPLAY_NAME><VERSION>25.2</VERSION><SUPPORT>SUPPORTED</SUPPORT><RUNTYPE>OFFICIAL</RUNTYPE><MODIFIED_RUNTYPE>OFFICIAL</MODIFIED_RUNTYPE> <TEST_INFO><APPLICATION>ANSYS</APPLICATION><TEST_TYPE>UNIFIED</TEST_TYPE><NAME>ExtBuilder_HeatSink_Preview</NAME><OWNER>Craig</OWNER><PRODUCT>DISCO</PRODUCT><TEST_PATH>AddinTestSuite\\EXTBUILDER_HEATSINK_PREVIEW</TEST_PATH></TEST_INFO><SYSTEM_INFO><SOFTWARE><OS><NAME>Windows 11</NAME><TYPE>Windows</TYPE></OS></SOFTWARE></SYSTEM_INFO><START>05/14/2025 00:48:05</START><TESTCASE TITLE=\"ExtBuilder_HeatSink_Preview\"><STEPS><PLUGIN NAME=\"DISCO_EXECUTION\"><DETAILS><MESSAGE>Test Categories: Addin [ExtBuilder]</MESSAGE><MESSAGE RESULT=\"ERROR\">Status:  ValidationError Step:    806 Details: Validation error: step#806# during replay. While setting selection: The object 'PhysicsObject (id=0:36)' (MaterialAssignment) has some differences     Actual:   ThermalProperties=CoefficientOfThermalExpansion 1.67e-05 1/°C, IsotropicThermalConductivity 396.7 W/m·K, SpecificHeat 383.3 J/kg.K     Expected: ThermalProperties=CoefficientOfThermalExpansion 1.67e-05 1/°C, IsotropicThermalConductivity 396.71 W/m·K, SpecificHeat 383.25 J/kg.K     Actual:   MechanicalProperties=BulkModulus 1.35e+11 Pa, PoissonsRatio 0.35, ShearModulus 4.68e+10 Pa, YoungsModulus 1.26e+11 Pa     Expected: MechanicalProperties=BulkModulus 1.36e+11 Pa, PoissonsRatio 0.35, ShearModulus 4.68e+10 Pa, YoungsModulus 1.26e+11 Pa     Actual:   ElectromagneticProperties=Conductivity 5.75e+07 S/m, RelativePermittivity 1, ElectricLossTangent 0, RelativePermeability 1, MagneticLossTangent 0     Expected: ElectromagneticProperties=Conductivity 5.42e+07 S/m, RelativePermittivity 1, ElectricLossTangent 0, RelativePermeability 1, MagneticLossTangent 0 </MESSAGE></DETAILS><ELAPSED>89.0987736</ELAPSED><RESULT>ERROR</RESULT></PLUGIN></STEPS><RESULT>ERROR</RESULT><ELAPSED>89.0987736</ELAPSED></TESTCASE></TESTSET>",
    "Owner": "Craig",
    "HasInvestigation": false
  },
  {
    "Product": "DISCO",
    "Release": "25.2",
    "Platform": "Windows",
    "TestName": "ScriptParameters_FluidSolve",
    "Result": "ERROR",
    "FailureMessage": "<TESTSET NAME=\"ScriptParameters_FluidSolve\" NTESTS=\"1\" TITLE=\"ScriptParameters_FluidSolve\"><MACHINE>CHQ2DISCOTEST24</MACHINE><PACKAGE_ID>202505130155P00</PACKAGE_ID><STANDALONE_BUILD_DATE /><BUILD_ID_DISPLAY_NAME>2025-05-13 01:55 P00</BUILD_ID_DISPLAY_NAME><VERSION>25.2</VERSION><SUPPORT>SUPPORTED</SUPPORT><RUNTYPE>OFFICIAL</RUNTYPE><MODIFIED_RUNTYPE>OFFICIAL</MODIFIED_RUNTYPE> <TEST_INFO><APPLICATION>ANSYS</APPLICATION><TEST_TYPE>UNIFIED</TEST_TYPE><NAME>ScriptParameters_FluidSolve</NAME><OWNER>Craig</OWNER><PRODUCT>DISCO</PRODUCT><TEST_PATH>ExploreTestSuite\\SCRIPTPARAMETERS_FLUIDSOLVE</TEST_PATH></TEST_INFO><SYSTEM_INFO><SOFTWARE><OS><NAME>Windows 11</NAME><TYPE>Windows</TYPE></OS></SOFTWARE></SYSTEM_INFO><START>05/15/2025 01:23:00</START><TESTCASE TITLE=\"ScriptParameters_FluidSolve\"><STEPS><PLUGIN NAME=\"DISCO_EXECUTION\"><DETAILS><MESSAGE>Test Categories: Fluid, JournalScript, ScriptParameters</MESSAGE><MESSAGE RESULT=\"ERROR\">Status:  ValidationError Step:    534 Details: Validation error: step#534# during replay. The tree node label for '0/2' does not match: \tActual:   Gravity \tExpected: Non-Slip Wall (default) No nodes matching 'Non-Slip Wall (default)' were found. Full expected path = 'Physics/Non-Slip Wall (default)' Potential journal fix (please review before applying): Old: S=534,UI_CMD=Disco.PhysicsTree,Action=Select,Preview,1,0/2,Physics/Non-Slip Wall (default) New: S=534,UI_CMD=Disco.PhysicsTree,Action=Select,Preview,1,0/2,Physics/Gravity </MESSAGE></DETAILS><ELAPSED>106.5303441</ELAPSED><RESULT>ERROR</RESULT></PLUGIN></STEPS><RESULT>ERROR</RESULT><ELAPSED>106.5303441</ELAPSED><STEPS><PLUGIN NAME=\"TFS_DISCO_EXECUTION\"><DETAILS><MESSAGE RESULT=\"ERROR\">Assert.Fail failed. Test has failed TestCleanup method Ansys.Disco.Integration.Tests.JournalTests.ExploreTestSuite.AfterEach threw exception. Microsoft.VisualStudio.TestTools.UnitTesting.AssertFailedException: Assert.Fail failed. Status:  ValidationError Step:    534 Details: Validation error: step#534# during replay. The tree node label for '0/2' does not match: \tActual:   Gravity \tExpected: Non-Slip Wall (default) No nodes matching 'Non-Slip Wall (default)' were found. Full expected path = 'Physics/Non-Slip Wall (default)' Potential journal fix (please review before applying): Old: S=534,UI_CMD=Disco.PhysicsTree,Action=Select,Preview,1,0/2,Physics/Non-Slip Wall (default) New: S=534,UI_CMD=Disco.PhysicsTree,Action=Select,Preview,1,0/2,Physics/Gravity .</MESSAGE></DETAILS><ELAPSED>119</ELAPSED><RESULT>ERROR</RESULT></PLUGIN></STEPS></TESTCASE></TESTSET>",
    "Owner": "Craig",
    "HasInvestigation": true,
    "InvestigationReport": "Script Parameter update is recording second change index and failing regression test ScriptParameters_FluidSolve",
    "WorkItemId": "1201824"
  },
  {
    "Product": "DISCO",
    "Release": "25.2",
    "Platform": "Windows",
    "TestName": "TestingAddinV252_VisResultSets",
    "Result": "ERROR",
    "FailureMessage": "<TESTSET NAME=\"TestingAddinV252_VisResultSets\" NTESTS=\"1\" TITLE=\"TestingAddinV252_VisResultSets\"><MACHINE>CHQ2DISCOTEST04</MACHINE><PACKAGE_ID>202505131143P00</PACKAGE_ID><STANDALONE_BUILD_DATE /><BUILD_ID_DISPLAY_NAME>2025-05-13 11:43 P00</BUILD_ID_DISPLAY_NAME><VERSION>25.2</VERSION><SUPPORT>SUPPORTED</SUPPORT><RUNTYPE>OFFICIAL</RUNTYPE><MODIFIED_RUNTYPE>OFFICIAL</MODIFIED_RUNTYPE> <TEST_INFO><APPLICATION>ANSYS</APPLICATION><TEST_TYPE>UNIFIED</TEST_TYPE><NAME>TestingAddinV252_VisResultSets</NAME><OWNER>Craig</OWNER><PRODUCT>DISCO</PRODUCT><TEST_PATH>AddinTestSuite\\TESTINGADDINV252_VISRESULTSETS</TEST_PATH></TEST_INFO><SYSTEM_INFO><SOFTWARE><OS><NAME>Windows 11</NAME><TYPE>Windows</TYPE></OS></SOFTWARE></SYSTEM_INFO><START>05/14/2025 01:05:05</START><TESTCASE TITLE=\"TestingAddinV252_VisResultSets\"><STEPS><PLUGIN NAME=\"DISCO_EXECUTION\"><DETAILS><MESSAGE>Test Categories: Addin [TestingV252]</MESSAGE><MESSAGE RESULT=\"ERROR\">Status:  ValidationError Step:    219 Details: Validation error: step#219# during replay. of ICT-BL-TestingAddinV252_VisResultSets-1.png. Images differ by 8971 pixels </MESSAGE></DETAILS><ELAPSED>48.5070059</ELAPSED><RESULT>ERROR</RESULT></PLUGIN></STEPS><RESULT>ERROR</RESULT><ELAPSED>48.5070059</ELAPSED></TESTCASE></TESTSET>",
    "Owner": "Craig",
    "HasInvestigation": true,
    "InvestigationReport": "DiscoTestingAddInV252 - Log is showing as Db on custom contour activation",
    "WorkItemId": "1265658"
  },
  {
    "Product": "DISCO",
    "Release": "25.2",
    "Platform": "Windows",
    "TestName": "Electromagnetic_Auto_Detect_Local_Fidelities",
    "Result": "TIMEOUT",
    "FailureMessage": "<TESTSET NAME=\"Electromagnetic_Auto_Detect_Local_Fidelities\" NTESTS=\"1\" TITLE=\"Electromagnetic_Auto_Detect_Local_Fidelities\"><MACHINE>CHQ2DISCOTEST42</MACHINE><PACKAGE_ID>202505131143P00</PACKAGE_ID><STANDALONE_BUILD_DATE /><BUILD_ID_DISPLAY_NAME>2025-05-13 11:43 P00</BUILD_ID_DISPLAY_NAME><VERSION>25.2</VERSION><SUPPORT>SUPPORTED</SUPPORT><RUNTYPE>OFFICIAL</RUNTYPE><MODIFIED_RUNTYPE>OFFICIAL</MODIFIED_RUNTYPE> <TEST_INFO><APPLICATION>ANSYS</APPLICATION><TEST_TYPE>UNIFIED</TEST_TYPE><NAME>Electromagnetic_Auto_Detect_Local_Fidelities</NAME><OWNER>Alex</OWNER><PRODUCT>DISCO</PRODUCT><TEST_PATH>CanadarmTestSuite\\ELECTROMAGNETIC_AUTO_DETECT_LOCAL_FIDELITIES</TEST_PATH></TEST_INFO><SYSTEM_INFO><SOFTWARE><OS><NAME>Windows 11</NAME><TYPE>Windows</TYPE></OS></SOFTWARE></SYSTEM_INFO><START>05/13/2025 22:49:33</START><TESTCASE TITLE=\"Electromagnetic_Auto_Detect_Local_Fidelities\"><STEPS><PLUGIN NAME=\"DISCO_EXECUTION\"><DETAILS><MESSAGE>Test Categories: AvoidArtemisSyncRun</MESSAGE><MESSAGE RESULT=\"TIMEOUT\">Discovery processes associated with test 'Electromagnetic_Auto_Detect_Local_Fidelities' did not finish closing before timeout was hit.Test 'Electromagnetic_Auto_Detect_Local_Fidelities' exceeded execution timeout period at step 0.Test 'Electromagnetic_Auto_Detect_Local_Fidelities' exceeded execution timeout period at step 0.</MESSAGE></DETAILS><ELAPSED>500.3168619</ELAPSED><RESULT>TIMEOUT</RESULT></PLUGIN></STEPS><RESULT>TIMEOUT</RESULT><ELAPSED>500.3168619</ELAPSED></TESTCASE></TESTSET>",
    "Owner": "Alex",
    "HasInvestigation": true,
    "InvestigationReport": "Discovery exe doesnt not end after running this journal which creates an auto generated fidelity for an Emag setup",
    "WorkItemId": "1266477"
  },
  {
    "Product": "DISCO",
    "Release": "25.2",
    "Platform": "Windows",
    "TestName": "Structural_JointDisplaced_RemPointDef",
    "Result": "ERROR",
    "FailureMessage": "<TESTSET NAME=\"Structural_JointDisplaced_RemPointDef\" NTESTS=\"1\" TITLE=\"Structural_JointDisplaced_RemPointDef\"><MACHINE>CHQ2DISCOTEST22</MACHINE><PACKAGE_ID>202505131143P00</PACKAGE_ID><STANDALONE_BUILD_DATE /><BUILD_ID_DISPLAY_NAME>2025-05-13 11:43 P00</BUILD_ID_DISPLAY_NAME><VERSION>25.2</VERSION><SUPPORT>SUPPORTED</SUPPORT><RUNTYPE>OFFICIAL</RUNTYPE><MODIFIED_RUNTYPE>OFFICIAL</MODIFIED_RUNTYPE> <TEST_INFO><APPLICATION>ANSYS</APPLICATION><TEST_TYPE>UNIFIED</TEST_TYPE><NAME>Structural_JointDisplaced_RemPointDef</NAME><OWNER>Michael</OWNER><PRODUCT>DISCO</PRODUCT><TEST_PATH>RefineScriptTestSuite\\STRUCTURAL_JOINTDISPLACED_REMPOINTDEF</TEST_PATH></TEST_INFO><SYSTEM_INFO><SOFTWARE><OS><NAME>Windows 11</NAME><TYPE>Windows</TYPE></OS></SOFTWARE></SYSTEM_INFO><START>05/14/2025 05:34:07</START><TESTCASE TITLE=\"Structural_JointDisplaced_RemPointDef\"><STEPS><PLUGIN NAME=\"DISCO_EXECUTION\"><DETAILS><MESSAGE>Test Categories: Structural, Thermal</MESSAGE><MESSAGE RESULT=\"ERROR\"> Script Error: Condition label is invalid Error occurred at line 65:   monitor=Results.Monitor.GetByLabel(\"Avg. Reaction Force 3\") Additional details are available in the log file. </MESSAGE></DETAILS><ELAPSED>62.2544118</ELAPSED><MESSAGE ELAPSED=\"18.1930301\" RESULT=\"PASSED\">SCENARIO 1 ExhaustManifold_DisplacedSupport.dsco</MESSAGE><MESSAGE ELAPSED=\"0.6045221\" RESULT=\"FAILED\">SCENARIO 2 Validate the Results of Solve 1 (Displacement) - Explore</MESSAGE><RESULT>ERROR</RESULT></PLUGIN></STEPS><RESULT>ERROR</RESULT><ELAPSED>62.2544118</ELAPSED></TESTCASE></TESTSET>",
    "Owner": "Michael",
    "HasInvestigation": true,
    "InvestigationReport": "Fluid_CutterBodies_WallsInterfaces, Fluid_RotatingWall_Bug675469  throw LockRecursionException",
    "WorkItemId": "1094642"
  },
  {
    "Product": "DISCO",
    "Release": "25.2",
    "Platform": "Windows",
    "TestName": "Import_Export_Rhino_3dm",
    "Result": "ERROR",
    "FailureMessage": "<TESTSET NAME=\"Import_Export_Rhino_3dm\" NTESTS=\"1\" TITLE=\"Import_Export_Rhino_3dm\"><MACHINE>CHQ2DISCOTEST24</MACHINE><PACKAGE_ID>202505131143P00</PACKAGE_ID><STANDALONE_BUILD_DATE /><BUILD_ID_DISPLAY_NAME>2025-05-13 11:43 P00</BUILD_ID_DISPLAY_NAME><VERSION>25.2</VERSION><SUPPORT>SUPPORTED</SUPPORT><RUNTYPE>OFFICIAL</RUNTYPE><MODIFIED_RUNTYPE>OFFICIAL</MODIFIED_RUNTYPE> <TEST_INFO><APPLICATION>ANSYS</APPLICATION><TEST_TYPE>UNIFIED</TEST_TYPE><NAME>Import_Export_Rhino_3dm</NAME><OWNER>Pritam</OWNER><PRODUCT>DISCO</PRODUCT><TEST_PATH>DesignScriptTestSuite\\IMPORT_EXPORT_RHINO_3DM</TEST_PATH></TEST_INFO><SYSTEM_INFO><SOFTWARE><OS><NAME>Windows 11</NAME><TYPE>Windows</TYPE></OS></SOFTWARE></SYSTEM_INFO><START>05/14/2025 01:49:27</START><TESTCASE TITLE=\"Import_Export_Rhino_3dm\"><STEPS><PLUGIN NAME=\"DISCO_EXECUTION\"><DETAILS><MESSAGE>Test Categories: GeomImport</MESSAGE><MESSAGE RESULT=\"ERROR\"> Status: ValidationError Summary: 2 validation error(s) in test run. See results file for complete details of all failures. First validation error: Validate Geometry - Edge Count \tActual: 61 \tExpected: 60 </MESSAGE></DETAILS><ELAPSED>42.856938</ELAPSED><MESSAGE ELAPSED=\"3.5461925\" RESULT=\"PASSED\">SCENARIO 1 Open T-flange-RH5.3dm</MESSAGE><MESSAGE ELAPSED=\"2.1851521\" RESULT=\"PASSED\">SCENARIO 2 Save as Rhino file</MESSAGE><MESSAGE ELAPSED=\"3.086309\" RESULT=\"FAILED\">SCENARIO 3 Open Save_As_Rhino.3dm</MESSAGE><MESSAGE RESULT=\"FAILED\">Validate Geometry - Edge Count [TARGET=60] [TEST=61]</MESSAGE><MESSAGE RESULT=\"FAILED\">Save_As_Rhino Solid Body Name - General Validation [TARGET=Solid] [TEST=Base]</MESSAGE><RESULT>ERROR</RESULT></PLUGIN></STEPS><RESULT>ERROR</RESULT><ELAPSED>42.856938</ELAPSED></TESTCASE></TESTSET>",
    "Owner": "Pritam",
    "HasInvestigation": true,
    "InvestigationReport": "Fluid_CutterBodies_WallsInterfaces, Fluid_RotatingWall_Bug675469  throw LockRecursionException",
    "WorkItemId": "1094642"
  },
  {
    "Product": "DISCO",
    "Release": "25.2",
    "Platform": "Windows",
    "TestName": "Fluid_CutterBodies_WallsInterfaces",
    "Result": "TIMEOUT",
    "FailureMessage": "<TESTSET NAME=\"Fluid_CutterBodies_WallsInterfaces\" NTESTS=\"1\" TITLE=\"Fluid_CutterBodies_WallsInterfaces\"><MACHINE>CHQ2DISCOTEST24</MACHINE><PACKAGE_ID>202505130155P00</PACKAGE_ID><STANDALONE_BUILD_DATE /><BUILD_ID_DISPLAY_NAME>2025-05-13 01:55 P00</BUILD_ID_DISPLAY_NAME><VERSION>25.2</VERSION><SUPPORT>SUPPORTED</SUPPORT><RUNTYPE>OFFICIAL</RUNTYPE><MODIFIED_RUNTYPE>OFFICIAL</MODIFIED_RUNTYPE> <TEST_INFO><APPLICATION>ANSYS</APPLICATION><TEST_TYPE>UNIFIED</TEST_TYPE><NAME>Fluid_CutterBodies_WallsInterfaces</NAME><OWNER>Jane</OWNER><PRODUCT>DISCO</PRODUCT><TEST_PATH>ExploreScriptTestSuite\\FLUID_CUTTERBODIES_WALLSINTERFACES</TEST_PATH></TEST_INFO><SYSTEM_INFO><SOFTWARE><OS><NAME>Windows 11</NAME><TYPE>Windows</TYPE></OS></SOFTWARE></SYSTEM_INFO><START>05/15/2025 01:12:39</START><TESTCASE TITLE=\"Fluid_CutterBodies_WallsInterfaces\"><STEPS><PLUGIN NAME=\"DISCO_EXECUTION\"><DETAILS><MESSAGE>Test Categories: Fluid</MESSAGE><MESSAGE RESULT=\"TIMEOUT\">Discovery processes associated with test 'Fluid_CutterBodies_WallsInterfaces' did not finish closing before timeout was hit.Test 'Fluid_CutterBodies_WallsInterfaces' exceeded execution timeout period at step 0.Test 'Fluid_CutterBodies_WallsInterfaces' exceeded execution timeout period at step 0.</MESSAGE></DETAILS><ELAPSED>620.201941</ELAPSED><RESULT>TIMEOUT</RESULT></PLUGIN></STEPS><RESULT>TIMEOUT</RESULT><ELAPSED>620.201941</ELAPSED><STEPS><PLUGIN NAME=\"TFS_DISCO_EXECUTION\"><DETAILS><MESSAGE RESULT=\"TIMEOUT\">Assert.Fail failed. The test has timed out after 620s TestCleanup method Ansys.Disco.Integration.Tests.ScriptTests.ExploreScriptTestSuite.AfterEach threw exception. Microsoft.VisualStudio.TestTools.UnitTesting.AssertFailedException: Assert.Fail failed. Test 'Fluid_CutterBodies_WallsInterfaces' exceeded execution timeout period at step 0..</MESSAGE></DETAILS><ELAPSED>620</ELAPSED><RESULT>TIMEOUT</RESULT></PLUGIN></STEPS></TESTCASE></TESTSET>",
    "Owner": "Jane",
    "HasInvestigation": true,
    "InvestigationReport": "Fluid_CutterBodies_WallsInterfaces, Fluid_RotatingWall_Bug675469  throw LockRecursionException",
    "WorkItemId": "1094642"
  },
  {
    "Product": "DISCO",
    "Release": "25.2",
    "Platform": "Windows",
    "TestName": "GFX_Polymesh_FFinterface",
    "Result": "ERROR",
    "FailureMessage": "<TESTSET NAME=\"GFX_Polymesh_FFinterface\" NTESTS=\"1\" TITLE=\"GFX_Polymesh_FFinterface\"><MACHINE>CHQ2DISCOTEST42</MACHINE><PACKAGE_ID>202505131143P00</PACKAGE_ID><STANDALONE_BUILD_DATE /><BUILD_ID_DISPLAY_NAME>2025-05-13 11:43 P00</BUILD_ID_DISPLAY_NAME><VERSION>25.2</VERSION><SUPPORT>SUPPORTED</SUPPORT><RUNTYPE>OFFICIAL</RUNTYPE><MODIFIED_RUNTYPE>OFFICIAL</MODIFIED_RUNTYPE> <TEST_INFO><APPLICATION>ANSYS</APPLICATION><TEST_TYPE>UNIFIED</TEST_TYPE><NAME>GFX_Polymesh_FFinterface</NAME><OWNER>Rohhan</OWNER><PRODUCT>DISCO</PRODUCT><TEST_PATH>DailyTestSuite\\GFX_POLYMESH_FFINTERFACE</TEST_PATH></TEST_INFO><SYSTEM_INFO><SOFTWARE><OS><NAME>Windows 11</NAME><TYPE>Windows</TYPE></OS></SOFTWARE></SYSTEM_INFO><START>05/13/2025 23:24:45</START><TESTCASE TITLE=\"GFX_Polymesh_FFinterface\"><STEPS><PLUGIN NAME=\"DISCO_EXECUTION\"><DETAILS><MESSAGE>Test Categories: Fluid, GFX, PolyMesh</MESSAGE><MESSAGE RESULT=\"ERROR\">Status:  ValidationError Step:    934 Details: Validation error: step#934# during replay. of ICT-BL-GFX_Polymesh_FFinterface-1.png. Images differ by 113877 pixels </MESSAGE></DETAILS><ELAPSED>131.4815278</ELAPSED><RESULT>ERROR</RESULT></PLUGIN></STEPS><RESULT>ERROR</RESULT><ELAPSED>131.4815278</ELAPSED></TESTCASE></TESTSET>",
    "Owner": "Rohhan",
    "HasInvestigation": true,
    "InvestigationReport": "Improve reliability of HQ Streamlet image capture",
    "WorkItemId": "1032285"
  },
  {
    "Product": "DISCO",
    "Release": "25.2",
    "Platform": "Windows",
    "TestName": "SampleAddinV232_Annotate_Graphics_Other",
    "Result": "ERROR",
    "FailureMessage": "<TESTSET NAME=\"SampleAddinV232_Annotate_Graphics_Other\" NTESTS=\"1\" TITLE=\"SampleAddinV232_Annotate_Graphics_Other\"><MACHINE>CHQ2DISCOTEST04</MACHINE><PACKAGE_ID>202505131143P00</PACKAGE_ID><STANDALONE_BUILD_DATE /><BUILD_ID_DISPLAY_NAME>2025-05-13 11:43 P00</BUILD_ID_DISPLAY_NAME><VERSION>25.2</VERSION><SUPPORT>SUPPORTED</SUPPORT><RUNTYPE>OFFICIAL</RUNTYPE><MODIFIED_RUNTYPE>OFFICIAL</MODIFIED_RUNTYPE> <TEST_INFO><APPLICATION>ANSYS</APPLICATION><TEST_TYPE>UNIFIED</TEST_TYPE><NAME>SampleAddinV232_Annotate_Graphics_Other</NAME><OWNER>Craig</OWNER><PRODUCT>DISCO</PRODUCT><TEST_PATH>AddinTestSuite\\SAMPLEADDINV232_ANNOTATE_GRAPHICS_OTHER</TEST_PATH></TEST_INFO><SYSTEM_INFO><SOFTWARE><OS><NAME>Windows 11</NAME><TYPE>Windows</TYPE></OS></SOFTWARE></SYSTEM_INFO><START>05/14/2025 02:26:09</START><TESTCASE TITLE=\"SampleAddinV232_Annotate_Graphics_Other\"><STEPS><PLUGIN NAME=\"DISCO_EXECUTION\"><DETAILS><MESSAGE>Test Categories: Addin [SampleAddinV232]</MESSAGE><MESSAGE RESULT=\"ERROR\">Status:  ValidationError Step:    163 Details: Validation error: step#163# during replay. of ICT-BL-SampleAddinV232_Annotate_Graphics_Other-2.png. Images differ by 33521 pixels </MESSAGE></DETAILS><ELAPSED>48.7592751</ELAPSED><RESULT>ERROR</RESULT></PLUGIN></STEPS><RESULT>ERROR</RESULT><ELAPSED>48.7592751</ELAPSED></TESTCASE></TESTSET>",
    "Owner": "Craig",
    "HasInvestigation": true,
    "InvestigationReport": "SampleAddInV232 - Suppression of annotations is broken",
    "WorkItemId": "1157532"
  },
  {
    "Product": "DISCO",
    "Release": "25.2",
    "Platform": "Windows",
    "TestName": "Bolts_CustomSim",
    "Result": "ERROR",
    "FailureMessage": "<TESTSET NAME=\"Bolts_CustomSim\" NTESTS=\"1\" TITLE=\"Bolts_CustomSim\"><MACHINE>CHQ2DISCOTEST22</MACHINE><PACKAGE_ID>202505131143P00</PACKAGE_ID><STANDALONE_BUILD_DATE /><BUILD_ID_DISPLAY_NAME>2025-05-13 11:43 P00</BUILD_ID_DISPLAY_NAME><VERSION>25.2</VERSION><SUPPORT>SUPPORTED</SUPPORT><RUNTYPE>OFFICIAL</RUNTYPE><MODIFIED_RUNTYPE>OFFICIAL</MODIFIED_RUNTYPE> <TEST_INFO><APPLICATION>ANSYS</APPLICATION><TEST_TYPE>UNIFIED</TEST_TYPE><NAME>Bolts_CustomSim</NAME><OWNER>Michael</OWNER><PRODUCT>DISCO</PRODUCT><TEST_PATH>RefineScriptTestSuite\\BOLTS_CUSTOMSIM</TEST_PATH></TEST_INFO><SYSTEM_INFO><SOFTWARE><OS><NAME>Windows 11</NAME><TYPE>Windows</TYPE></OS></SOFTWARE></SYSTEM_INFO><START>05/14/2025 05:01:31</START><TESTCASE TITLE=\"Bolts_CustomSim\"><STEPS><PLUGIN NAME=\"DISCO_EXECUTION\"><DETAILS><MESSAGE>Test Categories: Structural, Bolts</MESSAGE><MESSAGE RESULT=\"ERROR\"> Status: ValidationError Summary: 3 validation error(s) in test run. See results file for complete details of all failures. First validation error: Max. Bolt Shear - Explore - 2 - GetValueExploreValue \tActual: 837.596862792969 \tExpected: 752.24 </MESSAGE></DETAILS><ELAPSED>142.3370423</ELAPSED><MESSAGE ELAPSED=\"6.2799859\" RESULT=\"PASSED\">SCENARIO 1 Open Project File</MESSAGE><MESSAGE ELAPSED=\"0.0329582\" RESULT=\"PASSED\">SCENARIO 2 Remove Pre-Existing Physics Conditions</MESSAGE><MESSAGE ELAPSED=\"1.5188425\" RESULT=\"PASSED\">SCENARIO 3 Add First Bolt</MESSAGE><MESSAGE ELAPSED=\"0.7617002\" RESULT=\"PASSED\">SCENARIO 4 Add Second Bolt</MESSAGE><MESSAGE ELAPSED=\"4.0862459\" RESULT=\"PASSED\">SCENARIO 5 Add Monitors and Physics</MESSAGE><MESSAGE ELAPSED=\"12.8677275\" RESULT=\"PASSED\">SCENARIO 6 Explore Initial Solve</MESSAGE><MESSAGE ELAPSED=\"0.0061173\" RESULT=\"PASSED\">SCENARIO 7 Explore Initial Validate Monitors</MESSAGE><MESSAGE ELAPSED=\"0.3602965\" RESULT=\"PASSED\">SCENARIO 8 Explore Material Change</MESSAGE><MESSAGE ELAPSED=\"0.7422151\" RESULT=\"PASSED\">SCENARIO 9 Explore Updated Solve</MESSAGE><MESSAGE ELAPSED=\"0.0007859\" RESULT=\"FAILED\">SCENARIO 10 Explore Updated Validate Monitors</MESSAGE><MESSAGE RESULT=\"FAILED\">Max. Bolt Shear - Explore - 2 - GetValueExploreValue [TARGET=752.24] [TEST=837.596862792969]</MESSAGE><MESSAGE RESULT=\"FAILED\">Avg. Bolt Shear - Explore - 2 - GetValueExploreValue [TARGET=1314.08] [TEST=1461.19323730469]</MESSAGE><MESSAGE RESULT=\"FAILED\">Max. Von Mises Stress - Explore - 2 - GetValueExploreValue [TARGET=0.00764] [TEST=0.00805387739092112]</MESSAGE><MESSAGE ELAPSED=\"32.5167736\" RESULT=\"PASSED\">SCENARIO 11 Refine Stage Solve and Validate</MESSAGE><MESSAGE ELAPSED=\"0.3853056\" RESULT=\"PASSED\">SCENARIO 12 Refine Material Change</MESSAGE><MESSAGE ELAPSED=\"0.6825325\" RESULT=\"PASSED\">SCENARIO 13 Refine Export CATtool</MESSAGE><MESSAGE ELAPSED=\"28.1714511\" RESULT=\"PASSED\">SCENARIO 14 Refine Save and Resume</MESSAGE><MESSAGE ELAPSED=\"0.0009227\" RESULT=\"PASSED\">SCENARIO 15 Refine Resume Validate Monitors</MESSAGE><MESSAGE ELAPSED=\"13.7975698\" RESULT=\"PASSED\">SCENARIO 16 Check Bolt Tolerance</MESSAGE><RESULT>ERROR</RESULT></PLUGIN></STEPS><RESULT>ERROR</RESULT><ELAPSED>142.3370423</ELAPSED></TESTCASE></TESTSET>",
    "Owner": "Michael",
    "HasInvestigation": false
  },
  {
    "Product": "DISCO",
    "Release": "25.2",
    "Platform": "Windows",
    "TestName": "StreamletsCurved",
    "Result": "ERROR",
    "FailureMessage": "<TESTSET NAME=\"StreamletsCurved\" NTESTS=\"1\" TITLE=\"StreamletsCurved\"><MACHINE>CHQ2DISCOTEST42</MACHINE><PACKAGE_ID>202505131143P00</PACKAGE_ID><STANDALONE_BUILD_DATE /><BUILD_ID_DISPLAY_NAME>2025-05-13 11:43 P00</BUILD_ID_DISPLAY_NAME><VERSION>25.2</VERSION><SUPPORT>SUPPORTED</SUPPORT><RUNTYPE>OFFICIAL</RUNTYPE><MODIFIED_RUNTYPE>OFFICIAL</MODIFIED_RUNTYPE> <TEST_INFO><APPLICATION>ANSYS</APPLICATION><TEST_TYPE>UNIFIED</TEST_TYPE><NAME>StreamletsCurved</NAME><OWNER>Mahadeo</OWNER><PRODUCT>DISCO</PRODUCT><TEST_PATH>DailyTestSuite\\STREAMLETSCURVED</TEST_PATH></TEST_INFO><SYSTEM_INFO><SOFTWARE><OS><NAME>Windows 11</NAME><TYPE>Windows</TYPE></OS></SOFTWARE></SYSTEM_INFO><START>05/13/2025 23:10:52</START><TESTCASE TITLE=\"StreamletsCurved\"><STEPS><PLUGIN NAME=\"DISCO_EXECUTION\"><DETAILS><MESSAGE>Test Categories: Fluid, Thermal</MESSAGE><MESSAGE RESULT=\"ERROR\">Status:  ValidationError Step:    1030 Details: Validation error: step#1030# during replay. of ICT-BL-StreamletsCurved-3.png. Images differ by 1253 pixels </MESSAGE></DETAILS><ELAPSED>95.346627</ELAPSED><RESULT>ERROR</RESULT></PLUGIN></STEPS><RESULT>ERROR</RESULT><ELAPSED>95.346627</ELAPSED></TESTCASE></TESTSET>",
    "Owner": "Mahadeo",
    "HasInvestigation": true,
    "InvestigationReport": "Improve reliability of HQ Streamlet image capture",
    "WorkItemId": "1032285"
  },
  {
    "Product": "DISCO",
    "Release": "25.2",
    "Platform": "Windows",
    "TestName": "Import_creo_prt1",
    "Result": "ERROR",
    "FailureMessage": "<TESTSET NAME=\"Import_creo_prt1\" NTESTS=\"1\" TITLE=\"Import_creo_prt1\"><MACHINE>CHQ2DISCOTEST24</MACHINE><PACKAGE_ID>202505131143P00</PACKAGE_ID><STANDALONE_BUILD_DATE /><BUILD_ID_DISPLAY_NAME>2025-05-13 11:43 P00</BUILD_ID_DISPLAY_NAME><VERSION>25.2</VERSION><SUPPORT>SUPPORTED</SUPPORT><RUNTYPE>OFFICIAL</RUNTYPE><MODIFIED_RUNTYPE>OFFICIAL</MODIFIED_RUNTYPE> <TEST_INFO><APPLICATION>ANSYS</APPLICATION><TEST_TYPE>UNIFIED</TEST_TYPE><NAME>Import_creo_prt1</NAME><OWNER>Pritam</OWNER><PRODUCT>DISCO</PRODUCT><TEST_PATH>DesignTestSuite\\IMPORT_CREO_PRT1</TEST_PATH></TEST_INFO><SYSTEM_INFO><SOFTWARE><OS><NAME>Windows 11</NAME><TYPE>Windows</TYPE></OS></SOFTWARE></SYSTEM_INFO><START>05/14/2025 02:00:03</START><TESTCASE TITLE=\"Import_creo_prt1\"><STEPS><PLUGIN NAME=\"DISCO_EXECUTION\"><DETAILS><MESSAGE>Test Categories: GeomImport</MESSAGE><MESSAGE RESULT=\"ERROR\">Status:  ValidationError Step:    42 Details: Validation error: step#42# during replay. The tree node label for '0' does not match: \tActual:   815397.prt \tExpected: 815397 No nodes matching '815397' were found. Full expected path = '815397' Potential journal fix (please review before applying): Old: S=42,UI_CMD=Disco.DesignTree,Action=Select,Preview,1,0,815397 New: S=42,UI_CMD=Disco.DesignTree,Action=Select,Preview,1,0,815397.prt </MESSAGE></DETAILS><ELAPSED>44.3495579</ELAPSED><RESULT>ERROR</RESULT></PLUGIN></STEPS><RESULT>ERROR</RESULT><ELAPSED>44.3495579</ELAPSED></TESTCASE></TESTSET>",
    "Owner": "Pritam",
    "HasInvestigation": true,
    "InvestigationReport": "[Hoops Translator] Creo part with \".prt.1\" extension shows \".prt\" in structure tree file name",
    "WorkItemId": "788192"
  },
  {
    "Product": "DISCO",
    "Release": "25.2",
    "Platform": "Windows",
    "TestName": "Fluids_InDepth_Workflow_pt1_and_pt2",
    "Result": "ERROR",
    "FailureMessage": "<TESTSET NAME=\"Fluids_InDepth_Workflow_pt1_and_pt2\" NTESTS=\"1\" TITLE=\"Fluids_InDepth_Workflow_pt1_and_pt2\"><MACHINE>CHQ2DISCOTEST42</MACHINE><PACKAGE_ID>202505131143P00</PACKAGE_ID><STANDALONE_BUILD_DATE /><BUILD_ID_DISPLAY_NAME>2025-05-13 11:43 P00</BUILD_ID_DISPLAY_NAME><VERSION>25.2</VERSION><SUPPORT>SUPPORTED</SUPPORT><RUNTYPE>OFFICIAL</RUNTYPE><MODIFIED_RUNTYPE>OFFICIAL</MODIFIED_RUNTYPE> <TEST_INFO><APPLICATION>ANSYS</APPLICATION><TEST_TYPE>UNIFIED</TEST_TYPE><NAME>Fluids_InDepth_Workflow_pt1_and_pt2</NAME><OWNER>Dipali</OWNER><PRODUCT>DISCO</PRODUCT><TEST_PATH>DailyTestSuite\\FLUIDS_INDEPTH_WORKFLOW_PT1_AND_PT2</TEST_PATH></TEST_INFO><SYSTEM_INFO><SOFTWARE><OS><NAME>Windows 11</NAME><TYPE>Windows</TYPE></OS></SOFTWARE></SYSTEM_INFO><START>05/13/2025 23:28:08</START><TESTCASE TITLE=\"Fluids_InDepth_Workflow_pt1_and_pt2\"><STEPS><PLUGIN NAME=\"DISCO_EXECUTION\"><DETAILS><MESSAGE>Test Categories: Fluid, GFX, AvoidArtemisSyncRun</MESSAGE><MESSAGE RESULT=\"ERROR\">Status:  ValidationError Step:    1233 Details: Validation error: step#1233# during replay. of ICT-BL-Fluids_InDepth_Workflow_pt1_and_pt2-1.png. Images differ by 71358 pixels </MESSAGE></DETAILS><ELAPSED>54.8457074</ELAPSED><RESULT>ERROR</RESULT></PLUGIN></STEPS><RESULT>ERROR</RESULT><ELAPSED>54.8457074</ELAPSED></TESTCASE></TESTSET>",
    "Owner": "Dipali",
    "HasInvestigation": true,
    "InvestigationReport": "Improve_Gradient_Calculation",
    "WorkItemId": "927536"
  },
  {
    "Product": "DISCO",
    "Release": "25.2",
    "Platform": "Windows",
    "TestName": "GFX_Fluids_SuppressResults",
    "Result": "ERROR",
    "FailureMessage": "<TESTSET NAME=\"GFX_Fluids_SuppressResults\" NTESTS=\"1\" TITLE=\"GFX_Fluids_SuppressResults\"><MACHINE>CHQ2DISCOTEST42</MACHINE><PACKAGE_ID>202505131143P00</PACKAGE_ID><STANDALONE_BUILD_DATE /><BUILD_ID_DISPLAY_NAME>2025-05-13 11:43 P00</BUILD_ID_DISPLAY_NAME><VERSION>25.2</VERSION><SUPPORT>SUPPORTED</SUPPORT><RUNTYPE>OFFICIAL</RUNTYPE><MODIFIED_RUNTYPE>OFFICIAL</MODIFIED_RUNTYPE> <TEST_INFO><APPLICATION>ANSYS</APPLICATION><TEST_TYPE>UNIFIED</TEST_TYPE><NAME>GFX_Fluids_SuppressResults</NAME><OWNER>Swapnil</OWNER><PRODUCT>DISCO</PRODUCT><TEST_PATH>DailyTestSuite\\GFX_FLUIDS_SUPPRESSRESULTS</TEST_PATH></TEST_INFO><SYSTEM_INFO><SOFTWARE><OS><NAME>Windows 11</NAME><TYPE>Windows</TYPE></OS></SOFTWARE></SYSTEM_INFO><START>05/13/2025 23:09:17</START><TESTCASE TITLE=\"GFX_Fluids_SuppressResults\"><STEPS><PLUGIN NAME=\"DISCO_EXECUTION\"><DETAILS><MESSAGE>Test Categories: Fluid, GFX, PolyMesh</MESSAGE><MESSAGE RESULT=\"ERROR\">Status:  ValidationError Step:    688 Details: Validation error: step#688# during replay. of ICT-BL-GFX_Fluids_SuppressResults-5.png. Images differ by 60602 pixels </MESSAGE></DETAILS><ELAPSED>83.617956</ELAPSED><RESULT>ERROR</RESULT></PLUGIN></STEPS><RESULT>ERROR</RESULT><ELAPSED>83.617956</ELAPSED></TESTCASE></TESTSET>",
    "Owner": "Swapnil",
    "HasInvestigation": true,
    "InvestigationReport": "Improve reliability of HQ Streamlet image capture",
    "WorkItemId": "1032285"
  },
  {
    "Product": "DISCO",
    "Release": "25.2",
    "Platform": "Windows",
    "TestName": "GFX_FluentStreamlets",
    "Result": "ERROR",
    "FailureMessage": "<TESTSET NAME=\"GFX_FluentStreamlets\" NTESTS=\"1\" TITLE=\"GFX_FluentStreamlets\"><MACHINE>CHQ2DISCOTEST42</MACHINE><PACKAGE_ID>202505131143P00</PACKAGE_ID><STANDALONE_BUILD_DATE /><BUILD_ID_DISPLAY_NAME>2025-05-13 11:43 P00</BUILD_ID_DISPLAY_NAME><VERSION>25.2</VERSION><SUPPORT>SUPPORTED</SUPPORT><RUNTYPE>OFFICIAL</RUNTYPE><MODIFIED_RUNTYPE>OFFICIAL</MODIFIED_RUNTYPE> <TEST_INFO><APPLICATION>ANSYS</APPLICATION><TEST_TYPE>UNIFIED</TEST_TYPE><NAME>GFX_FluentStreamlets</NAME><OWNER>Mahadeo</OWNER><PRODUCT>DISCO</PRODUCT><TEST_PATH>DailyTestSuite\\GFX_FLUENTSTREAMLETS</TEST_PATH></TEST_INFO><SYSTEM_INFO><SOFTWARE><OS><NAME>Windows 11</NAME><TYPE>Windows</TYPE></OS></SOFTWARE></SYSTEM_INFO><START>05/13/2025 23:27:08</START><TESTCASE TITLE=\"GFX_FluentStreamlets\"><STEPS><PLUGIN NAME=\"DISCO_EXECUTION\"><DETAILS><MESSAGE>Test Categories: Fluid, Fluent, GFX</MESSAGE><MESSAGE RESULT=\"ERROR\">Status:  ParseError Step:    43 Details: Parse error at step: S=43,UI_CMD=Disco.MinorGridNumericTextBoxId,{\"UnitAbbreviation\":\"\",\"Value\":0.001}. Check the UICommand. </MESSAGE></DETAILS><ELAPSED>48.2716279</ELAPSED><RESULT>ERROR</RESULT></PLUGIN></STEPS><RESULT>ERROR</RESULT><ELAPSED>48.2716279</ELAPSED></TESTCASE></TESTSET>",
    "Owner": "Mahadeo",
    "HasInvestigation": true,
    "InvestigationReport": "Improve reliability of HQ Streamlet image capture",
    "WorkItemId": "1032285"
  },
  {
    "Product": "DISCO",
    "Release": "25.2",
    "Platform": "Windows",
    "TestName": "BackcompatJournal_HouseExternalFlow_Fluent_24_2",
    "Result": "ERROR",
    "FailureMessage": "<TESTSET NAME=\"BackcompatJournal_HouseExternalFlow_Fluent_24_2\" NTESTS=\"1\" TITLE=\"BackcompatJournal_HouseExternalFlow_Fluent_24_2\"><MACHINE>CHQ2DISCOTEST42</MACHINE><PACKAGE_ID>202505131143P00</PACKAGE_ID><STANDALONE_BUILD_DATE /><BUILD_ID_DISPLAY_NAME>2025-05-13 11:43 P00</BUILD_ID_DISPLAY_NAME><VERSION>25.2</VERSION><SUPPORT>SUPPORTED</SUPPORT><RUNTYPE>OFFICIAL</RUNTYPE><MODIFIED_RUNTYPE>OFFICIAL</MODIFIED_RUNTYPE> <TEST_INFO><APPLICATION>ANSYS</APPLICATION><TEST_TYPE>UNIFIED</TEST_TYPE><NAME>BackcompatJournal_HouseExternalFlow_Fluent_24_2</NAME><OWNER>Michael</OWNER><PRODUCT>DISCO</PRODUCT><TEST_PATH>BackcompatJournalTestSuite\\BACKCOMPATJOURNAL_HOUSEEXTERNALFLOW_FLUENT_24_2</TEST_PATH></TEST_INFO><SYSTEM_INFO><SOFTWARE><OS><NAME>Windows 11</NAME><TYPE>Windows</TYPE></OS></SOFTWARE></SYSTEM_INFO><START>05/13/2025 22:47:48</START><TESTCASE TITLE=\"BackcompatJournal_HouseExternalFlow_Fluent_24_2\"><STEPS><PLUGIN NAME=\"DISCO_EXECUTION\"><DETAILS><MESSAGE>Test Categories: GFX</MESSAGE><MESSAGE RESULT=\"ERROR\">Status:  ValidationError Step:    410 Details: Validation error: step#410# during replay. of ICT-BL-BackcompatJournal_HouseExternalFlow_Fluent_24_2-1.png. Images differ by 26986 pixels </MESSAGE></DETAILS><ELAPSED>93.1115724</ELAPSED><RESULT>ERROR</RESULT></PLUGIN></STEPS><RESULT>ERROR</RESULT><ELAPSED>93.1115724</ELAPSED></TESTCASE></TESTSET>",
    "Owner": "Michael",
    "HasInvestigation": true,
    "InvestigationReport": "Improve reliability of HQ Streamlet image capture",
    "WorkItemId": "1032285"
  },
  {
    "Product": "DISCO",
    "Release": "25.2",
    "Platform": "Windows",
    "TestName": "TestingAddinV252_CustomColorMap",
    "Result": "ERROR",
    "FailureMessage": "<TESTSET NAME=\"TestingAddinV252_CustomColorMap\" NTESTS=\"1\" TITLE=\"TestingAddinV252_CustomColorMap\"><MACHINE>CHQ2DISCOTEST04</MACHINE><PACKAGE_ID>202505131143P00</PACKAGE_ID><STANDALONE_BUILD_DATE /><BUILD_ID_DISPLAY_NAME>2025-05-13 11:43 P00</BUILD_ID_DISPLAY_NAME><VERSION>25.2</VERSION><SUPPORT>SUPPORTED</SUPPORT><RUNTYPE>OFFICIAL</RUNTYPE><MODIFIED_RUNTYPE>OFFICIAL</MODIFIED_RUNTYPE> <TEST_INFO><APPLICATION>ANSYS</APPLICATION><TEST_TYPE>UNIFIED</TEST_TYPE><NAME>TestingAddinV252_CustomColorMap</NAME><OWNER>Craig</OWNER><PRODUCT>DISCO</PRODUCT><TEST_PATH>AddinTestSuite\\TESTINGADDINV252_CUSTOMCOLORMAP</TEST_PATH></TEST_INFO><SYSTEM_INFO><SOFTWARE><OS><NAME>Windows 11</NAME><TYPE>Windows</TYPE></OS></SOFTWARE></SYSTEM_INFO><START>05/14/2025 01:07:04</START><TESTCASE TITLE=\"TestingAddinV252_CustomColorMap\"><STEPS><PLUGIN NAME=\"DISCO_EXECUTION\"><DETAILS><MESSAGE>Test Categories: Addin [TestingV252]</MESSAGE><MESSAGE RESULT=\"ERROR\">Status:  ValidationError Step:    411 Details: Validation error: step#411# during replay. of ICT-BL-TestingAddinV252_CustomColorMap-2.png. Images differ by 8971 pixels </MESSAGE></DETAILS><ELAPSED>60.4832933</ELAPSED><RESULT>ERROR</RESULT></PLUGIN></STEPS><RESULT>ERROR</RESULT><ELAPSED>60.4832933</ELAPSED></TESTCASE></TESTSET>",
    "Owner": "Craig",
    "HasInvestigation": true,
    "InvestigationReport": "DiscoTestingAddInV252 - Log is showing as Db on custom contour activation",
    "WorkItemId": "1265658"
  },
  {
    "Product": "DISCO",
    "Release": "25.2",
    "Platform": "Windows",
    "TestName": "Explore_Target_Numerical_convergence_control",
    "Result": "TIMEOUT",
    "FailureMessage": "<TESTSET NAME=\"Explore_Target_Numerical_convergence_control\" NTESTS=\"1\" TITLE=\"Explore_Target_Numerical_convergence_control\"><MACHINE>CHQ2DISCOTEST24</MACHINE><PACKAGE_ID>202505130155P00</PACKAGE_ID><STANDALONE_BUILD_DATE /><BUILD_ID_DISPLAY_NAME>2025-05-13 01:55 P00</BUILD_ID_DISPLAY_NAME><VERSION>25.2</VERSION><SUPPORT>SUPPORTED</SUPPORT><RUNTYPE>OFFICIAL</RUNTYPE><MODIFIED_RUNTYPE>OFFICIAL</MODIFIED_RUNTYPE> <TEST_INFO><APPLICATION>ANSYS</APPLICATION><TEST_TYPE>UNIFIED</TEST_TYPE><NAME>Explore_Target_Numerical_convergence_control</NAME><OWNER>Rohhan</OWNER><PRODUCT>DISCO</PRODUCT><TEST_PATH>ExploreScriptTestSuite\\EXPLORE_TARGET_NUMERICAL_CONVERGENCE_CONTROL</TEST_PATH></TEST_INFO><SYSTEM_INFO><SOFTWARE><OS><NAME>Windows 11</NAME><TYPE>Windows</TYPE></OS></SOFTWARE></SYSTEM_INFO><START>05/15/2025 01:10:48</START><TESTCASE TITLE=\"Explore_Target_Numerical_convergence_control\"><STEPS><PLUGIN NAME=\"DISCO_EXECUTION\"><DETAILS><MESSAGE>Test Categories: Fluid, ConvergenceCriteria</MESSAGE><MESSAGE RESULT=\"TIMEOUT\">Discovery processes associated with test 'Explore_Target_Numerical_convergence_control' did not finish closing before timeout was hit.Test 'Explore_Target_Numerical_convergence_control' exceeded execution timeout period at step 0.Test 'Explore_Target_Numerical_convergence_control' exceeded execution timeout period at step 0.</MESSAGE></DETAILS><ELAPSED>300.2026288</ELAPSED><RESULT>TIMEOUT</RESULT></PLUGIN></STEPS><RESULT>TIMEOUT</RESULT><ELAPSED>300.2026288</ELAPSED><STEPS><PLUGIN NAME=\"TFS_DISCO_EXECUTION\"><DETAILS><MESSAGE RESULT=\"TIMEOUT\">Assert.Fail failed. The test has timed out after 300s TestCleanup method Ansys.Disco.Integration.Tests.ScriptTests.ExploreScriptTestSuite.AfterEach threw exception. Microsoft.VisualStudio.TestTools.UnitTesting.AssertFailedException: Assert.Fail failed. Test 'Explore_Target_Numerical_convergence_control' exceeded execution timeout period at step 0..</MESSAGE></DETAILS><ELAPSED>300</ELAPSED><RESULT>TIMEOUT</RESULT></PLUGIN></STEPS></TESTCASE></TESTSET>",
    "Owner": "Rohhan",
    "HasInvestigation": false
  },
  {
    "Product": "DISCO",
    "Release": "25.2",
    "Platform": "Windows",
    "TestName": "AcademicLicense_NodeValidation_Fluid",
    "Result": "ERROR",
    "FailureMessage": "<TESTSET NAME=\"AcademicLicense_NodeValidation_Fluid\" NTESTS=\"1\" TITLE=\"AcademicLicense_NodeValidation_Fluid\"><MACHINE>CHQ2DISCOTEST41</MACHINE><PACKAGE_ID>202505131143P00</PACKAGE_ID><STANDALONE_BUILD_DATE /><BUILD_ID_DISPLAY_NAME>2025-05-13 11:43 P00</BUILD_ID_DISPLAY_NAME><VERSION>25.2</VERSION><SUPPORT>SUPPORTED</SUPPORT><RUNTYPE>OFFICIAL</RUNTYPE><MODIFIED_RUNTYPE>OFFICIAL</MODIFIED_RUNTYPE> <TEST_INFO><APPLICATION>ANSYS</APPLICATION><TEST_TYPE>UNIFIED</TEST_TYPE><NAME>AcademicLicense_NodeValidation_Fluid</NAME><OWNER>Christine</OWNER><PRODUCT>DISCO</PRODUCT><TEST_PATH>LicenseTestSuite\\ACADEMICLICENSE_NODEVALIDATION_FLUID</TEST_PATH></TEST_INFO><SYSTEM_INFO><SOFTWARE><OS><NAME>Windows 11</NAME><TYPE>Windows</TYPE></OS></SOFTWARE></SYSTEM_INFO><START>05/13/2025 23:38:30</START><TESTCASE TITLE=\"AcademicLicense_NodeValidation_Fluid\"><STEPS><PLUGIN NAME=\"DISCO_EXECUTION\"><DETAILS><MESSAGE>Test Categories: </MESSAGE><MESSAGE RESULT=\"ERROR\">Status:  ValidationError Step:    88 Details: Validation error: step#88# during replay. While setting selection: The object 'PhysicsObject (id=11:1)' (Monitor: Max. Velocity 1) has some differences     Actual:   Values=Variation: DV1, Solver: Artemis, Value: Speed, 2.106814, MeterPerSecond     Expected: Values=Variation: DV1, Solver: Artemis, Value: Speed, 1.994285, MeterPerSecond </MESSAGE></DETAILS><ELAPSED>379.8722254</ELAPSED><RESULT>ERROR</RESULT></PLUGIN></STEPS><RESULT>ERROR</RESULT><ELAPSED>379.8722254</ELAPSED><STEPS><PLUGIN NAME=\"TFS_DISCO_EXECUTION\"><DETAILS><MESSAGE RESULT=\"ERROR\">Assert.Fail failed. Test has failed TestCleanup method Ansys.Disco.Integration.Tests.JournalTests.LicenseTestSuite.LicenseTestSuite.AfterEach threw exception. Microsoft.VisualStudio.TestTools.UnitTesting.AssertFailedException: Assert.Fail failed. Status:  ValidationError Step:    88 Details: Validation error: step#88# during replay. While setting selection: The object 'PhysicsObject (id=11:1)' (Monitor: Max. Velocity 1) has some differences     Actual:   Values=Variation: DV1, Solver: Artemis, Value: Speed, 2.106814, MeterPerSecond     Expected: Values=Variation: DV1, Solver: Artemis, Value: Speed, 1.994285, MeterPerSecond .</MESSAGE></DETAILS><ELAPSED>399</ELAPSED><RESULT>ERROR</RESULT></PLUGIN></STEPS></TESTCASE></TESTSET>",
    "Owner": "Christine",
    "HasInvestigation": true,
    "InvestigationReport": "License tests failing - under investigation",
    "WorkItemId": "1188864"
  },
  {
    "Product": "DISCO",
    "Release": "25.2",
    "Platform": "Windows",
    "TestName": "TestingAddinV252_Visualization",
    "Result": "ERROR",
    "FailureMessage": "<TESTSET NAME=\"TestingAddinV252_Visualization\" NTESTS=\"1\" TITLE=\"TestingAddinV252_Visualization\"><MACHINE>CHQ2DISCOTEST04</MACHINE><PACKAGE_ID>202505131143P00</PACKAGE_ID><STANDALONE_BUILD_DATE /><BUILD_ID_DISPLAY_NAME>2025-05-13 11:43 P00</BUILD_ID_DISPLAY_NAME><VERSION>25.2</VERSION><SUPPORT>SUPPORTED</SUPPORT><RUNTYPE>OFFICIAL</RUNTYPE><MODIFIED_RUNTYPE>OFFICIAL</MODIFIED_RUNTYPE> <TEST_INFO><APPLICATION>ANSYS</APPLICATION><TEST_TYPE>UNIFIED</TEST_TYPE><NAME>TestingAddinV252_Visualization</NAME><OWNER>Craig</OWNER><PRODUCT>DISCO</PRODUCT><TEST_PATH>AddinTestSuite\\TESTINGADDINV252_VISUALIZATION</TEST_PATH></TEST_INFO><SYSTEM_INFO><SOFTWARE><OS><NAME>Windows 11</NAME><TYPE>Windows</TYPE></OS></SOFTWARE></SYSTEM_INFO><START>05/14/2025 01:04:06</START><TESTCASE TITLE=\"TestingAddinV252_Visualization\"><STEPS><PLUGIN NAME=\"DISCO_EXECUTION\"><DETAILS><MESSAGE>Test Categories: Addin [TestingV252]</MESSAGE><MESSAGE RESULT=\"ERROR\">Status:  ValidationError Step:    297 Details: Validation error: step#297# during replay. of ICT-BL-TestingAddinV252_Visualization-1.png. Images differ by 8666 pixels </MESSAGE></DETAILS><ELAPSED>48.4469688</ELAPSED><RESULT>ERROR</RESULT></PLUGIN></STEPS><RESULT>ERROR</RESULT><ELAPSED>48.4469688</ELAPSED></TESTCASE></TESTSET>",
    "Owner": "Craig",
    "HasInvestigation": true,
    "InvestigationReport": "DiscoTestingAddInV252 - Log is showing as Db on custom contour activation",
    "WorkItemId": "1265658"
  },
  {
    "Product": "DISCO",
    "Release": "25.2",
    "Platform": "Windows",
    "TestName": "Perf_ContactToJoints",
    "Result": "ERROR",
    "FailureMessage": "<TESTSET NAME=\"Perf_ContactToJoints\" NTESTS=\"1\" TITLE=\"Perf_ContactToJoints\"><MACHINE>CHQ2DISCOTEST49</MACHINE><PACKAGE_ID>202505131143P00</PACKAGE_ID><STANDALONE_BUILD_DATE /><BUILD_ID_DISPLAY_NAME>2025-05-13 11:43 P00</BUILD_ID_DISPLAY_NAME><VERSION>25.2</VERSION><SUPPORT>SUPPORTED</SUPPORT><RUNTYPE>OFFICIAL</RUNTYPE><MODIFIED_RUNTYPE>OFFICIAL</MODIFIED_RUNTYPE> <TEST_INFO><APPLICATION>ANSYS</APPLICATION><TEST_TYPE>UNIFIED</TEST_TYPE><NAME>Perf_ContactToJoints</NAME><OWNER>Vidish</OWNER><PRODUCT>DISCO</PRODUCT><TEST_PATH>PerformanceTestSuite\\PERF_CONTACTTOJOINTS</TEST_PATH></TEST_INFO><SYSTEM_INFO><SOFTWARE><OS><NAME>Windows 11</NAME><TYPE>Windows</TYPE></OS></SOFTWARE></SYSTEM_INFO><START>05/14/2025 06:38:15</START><TESTCASE TITLE=\"Perf_ContactToJoints\"><STEPS><PLUGIN NAME=\"DISCO_EXECUTION\"><DETAILS><MESSAGE>Test Categories: RefineStage, Structural, AvoidArtemisSyncRun</MESSAGE><MESSAGE RESULT=\"ERROR\">Status:  ValidationError Step:    658 Details: Validation error: step#658# during replay. While setting selection: Mismatched object types: \tActual:   (120) JointCondition, (20) Null \tExpected: (20) JointCondition </MESSAGE></DETAILS><ELAPSED>65.4856019</ELAPSED><RESULT>ERROR</RESULT></PLUGIN></STEPS><RESULT>ERROR</RESULT><ELAPSED>65.4856019</ELAPSED><STEPS><PLUGIN NAME=\"TFS_DISCO_EXECUTION\"><DETAILS><MESSAGE RESULT=\"ERROR\">Assert.Fail failed. Test has failed TestCleanup method Ansys.Disco.Integration.Tests.JournalTests.PerformanceTestSuite.AfterEach threw exception. Microsoft.VisualStudio.TestTools.UnitTesting.AssertFailedException: Assert.Fail failed. Status:  ValidationError Step:    658 Details: Validation error: step#658# during replay. While setting selection: Mismatched object types: \tActual:   (120) JointCondition, (20) Null \tExpected: (20) JointCondition .</MESSAGE></DETAILS><ELAPSED>78</ELAPSED><RESULT>ERROR</RESULT></PLUGIN></STEPS></TESTCASE></TESTSET>",
    "Owner": "Vidish",
    "HasInvestigation": true,
    "InvestigationReport": "Regression: Perf_ContactToJoints failing",
    "WorkItemId": "1226795"
  },
  {
    "Product": "DISCO",
    "Release": "25.2",
    "Platform": "Windows",
    "TestName": "Import_NX_part_assembly",
    "Result": "ERROR",
    "FailureMessage": "<TESTSET NAME=\"Import_NX_part_assembly\" NTESTS=\"1\" TITLE=\"Import_NX_part_assembly\"><MACHINE>CHQ2DISCOTEST24</MACHINE><PACKAGE_ID>202505131143P00</PACKAGE_ID><STANDALONE_BUILD_DATE /><BUILD_ID_DISPLAY_NAME>2025-05-13 11:43 P00</BUILD_ID_DISPLAY_NAME><VERSION>25.2</VERSION><SUPPORT>SUPPORTED</SUPPORT><RUNTYPE>OFFICIAL</RUNTYPE><MODIFIED_RUNTYPE>OFFICIAL</MODIFIED_RUNTYPE> <TEST_INFO><APPLICATION>ANSYS</APPLICATION><TEST_TYPE>UNIFIED</TEST_TYPE><NAME>Import_NX_part_assembly</NAME><OWNER>Pritam</OWNER><PRODUCT>DISCO</PRODUCT><TEST_PATH>DesignTestSuite\\IMPORT_NX_PART_ASSEMBLY</TEST_PATH></TEST_INFO><SYSTEM_INFO><SOFTWARE><OS><NAME>Windows 11</NAME><TYPE>Windows</TYPE></OS></SOFTWARE></SYSTEM_INFO><START>05/14/2025 02:00:58</START><TESTCASE TITLE=\"Import_NX_part_assembly\"><STEPS><PLUGIN NAME=\"DISCO_EXECUTION\"><DETAILS><MESSAGE>Test Categories: GeomImport</MESSAGE><MESSAGE RESULT=\"ERROR\">Status:  ValidationError Step:    318 Details: Validation error: step#318# during replay. The tree node label for '0/0/1' does not match: \tActual:   Structural steel, S275N \tExpected: Solid Materials No nodes matching 'Solid Materials' were found. Full expected path = 'Physics/Solid Materials/(Imported) Bronze' Potential journal fix (please review before applying): Old: S=318,UI_CMD=Disco.PhysicsTree,Action=Select,Preview,1,0/0/1,Physics/Solid Materials/(Imported) Bronze New: S=318,UI_CMD=Disco.PhysicsTree,Action=Select,Preview,1,0/0/1,Physics/Structural%20steel%2C%20S275N/(Imported) Bronze </MESSAGE></DETAILS><ELAPSED>57.0046129</ELAPSED><RESULT>ERROR</RESULT></PLUGIN></STEPS><RESULT>ERROR</RESULT><ELAPSED>57.0046129</ELAPSED></TESTCASE></TESTSET>",
    "Owner": "Pritam",
    "HasInvestigation": true,
    "InvestigationReport": "[Hoops translator] Imported NX assembly loses material properties when imported as heavyweight object",
    "WorkItemId": "753550"
  },
  {
    "Product": "DISCO",
    "Release": "25.2",
    "Platform": "Windows",
    "TestName": "Import_Export_stp",
    "Result": "ERROR",
    "FailureMessage": "<TESTSET NAME=\"Import_Export_stp\" NTESTS=\"1\" TITLE=\"Import_Export_stp\"><MACHINE>CHQ2DISCOTEST24</MACHINE><PACKAGE_ID>202505131143P00</PACKAGE_ID><STANDALONE_BUILD_DATE /><BUILD_ID_DISPLAY_NAME>2025-05-13 11:43 P00</BUILD_ID_DISPLAY_NAME><VERSION>25.2</VERSION><SUPPORT>SUPPORTED</SUPPORT><RUNTYPE>OFFICIAL</RUNTYPE><MODIFIED_RUNTYPE>OFFICIAL</MODIFIED_RUNTYPE> <TEST_INFO><APPLICATION>ANSYS</APPLICATION><TEST_TYPE>UNIFIED</TEST_TYPE><NAME>Import_Export_stp</NAME><OWNER>Pritam</OWNER><PRODUCT>DISCO</PRODUCT><TEST_PATH>DesignScriptTestSuite\\IMPORT_EXPORT_STP</TEST_PATH></TEST_INFO><SYSTEM_INFO><SOFTWARE><OS><NAME>Windows 11</NAME><TYPE>Windows</TYPE></OS></SOFTWARE></SYSTEM_INFO><START>05/14/2025 01:51:19</START><TESTCASE TITLE=\"Import_Export_stp\"><STEPS><PLUGIN NAME=\"DISCO_EXECUTION\"><DETAILS><MESSAGE>Test Categories: GeomImport</MESSAGE><MESSAGE RESULT=\"ERROR\"> Script Error: One or more errors occurred. Error occurred at line 50:   File.SaveAs(testFilePath2) Additional details are available in the log file. </MESSAGE></DETAILS><ELAPSED>43.0826878</ELAPSED><MESSAGE ELAPSED=\"6.3953755\" RESULT=\"PASSED\">SCENARIO 1 Open ASTS_131103.stp</MESSAGE><MESSAGE ELAPSED=\"1.3137016\" RESULT=\"FAILED\">SCENARIO 2 Save as STEP file</MESSAGE><RESULT>ERROR</RESULT></PLUGIN></STEPS><RESULT>ERROR</RESULT><ELAPSED>43.0826878</ELAPSED></TESTCASE></TESTSET>",
    "Owner": "Pritam",
    "HasInvestigation": true,
    "InvestigationReport": "Fluid_CutterBodies_WallsInterfaces, Fluid_RotatingWall_Bug675469  throw LockRecursionException",
    "WorkItemId": "1094642"
  },
  {
    "Product": "DISCO",
    "Release": "25.2",
    "Platform": "Windows",
    "TestName": "MeshQualityCheck_StructuralScript",
    "Result": "ERROR",
    "FailureMessage": "<TESTSET NAME=\"MeshQualityCheck_StructuralScript\" NTESTS=\"1\" TITLE=\"MeshQualityCheck_StructuralScript\"><MACHINE>CHQ2DISCOTEST22</MACHINE><PACKAGE_ID>202505131143P00</PACKAGE_ID><STANDALONE_BUILD_DATE /><BUILD_ID_DISPLAY_NAME>2025-05-13 11:43 P00</BUILD_ID_DISPLAY_NAME><VERSION>25.2</VERSION><SUPPORT>SUPPORTED</SUPPORT><RUNTYPE>OFFICIAL</RUNTYPE><MODIFIED_RUNTYPE>OFFICIAL</MODIFIED_RUNTYPE> <TEST_INFO><APPLICATION>ANSYS</APPLICATION><TEST_TYPE>UNIFIED</TEST_TYPE><NAME>MeshQualityCheck_StructuralScript</NAME><OWNER>Michael</OWNER><PRODUCT>DISCO</PRODUCT><TEST_PATH>RefineScriptTestSuite\\MESHQUALITYCHECK_STRUCTURALSCRIPT</TEST_PATH></TEST_INFO><SYSTEM_INFO><SOFTWARE><OS><NAME>Windows 11</NAME><TYPE>Windows</TYPE></OS></SOFTWARE></SYSTEM_INFO><START>05/14/2025 05:04:05</START><TESTCASE TITLE=\"MeshQualityCheck_StructuralScript\"><STEPS><PLUGIN NAME=\"DISCO_EXECUTION\"><DETAILS><MESSAGE>Test Categories: Structural, Mesh</MESSAGE><MESSAGE RESULT=\"ERROR\"> Status: ValidationError Summary: 2 validation error(s) in test run. See results file for complete details of all failures. First validation error: Max. Jacobian Ratio - Refine - GetValueRefineValue \tActual: 1535.4 \tExpected: 557.4 </MESSAGE></DETAILS><ELAPSED>79.3371037</ELAPSED><MESSAGE ELAPSED=\"5.5341135\" RESULT=\"PASSED\">SCENARIO 1 Open file</MESSAGE><MESSAGE ELAPSED=\"0.2769894\" RESULT=\"PASSED\">SCENARIO 2 Enable Mesh Quality Check Settings</MESSAGE><MESSAGE ELAPSED=\"2.438825\" RESULT=\"PASSED\">SCENARIO 3 Add mesh quality statistic monitors</MESSAGE><MESSAGE ELAPSED=\"28.6446136\" RESULT=\"PASSED\">SCENARIO 4 Generate mesh</MESSAGE><MESSAGE ELAPSED=\"3.0137933\" RESULT=\"FAILED\">SCENARIO 5 Validate monitors - Refine</MESSAGE><MESSAGE RESULT=\"FAILED\">Max. Jacobian Ratio - Refine - GetValueRefineValue [TARGET=557.4] [TEST=1535.4]</MESSAGE><MESSAGE RESULT=\"FAILED\">Max. Aspect Ratio - Refine - GetValueRefineValue [TARGET=27.904] [TEST=25.848]</MESSAGE><MESSAGE ELAPSED=\"0.0093416\" RESULT=\"PASSED\">SCENARIO 6 Validate SID Mesh Quality Messages - Initial Values</MESSAGE><MESSAGE ELAPSED=\"0.8582247\" RESULT=\"PASSED\">SCENARIO 7 Update Mesh Metrics - Min. Values</MESSAGE><MESSAGE ELAPSED=\"0.0005198\" RESULT=\"PASSED\">SCENARIO 8 Validate SID Mesh Quality Messages - Min. Values</MESSAGE><MESSAGE ELAPSED=\"0.8211341\" RESULT=\"PASSED\">SCENARIO 9 Update Mesh Metrics - Max. Values</MESSAGE><MESSAGE ELAPSED=\"0.0684698\" RESULT=\"PASSED\">SCENARIO 10 Validate SID Mesh Quality Messages - Max. Values</MESSAGE><RESULT>ERROR</RESULT></PLUGIN></STEPS><RESULT>ERROR</RESULT><ELAPSED>79.3371037</ELAPSED></TESTCASE></TESTSET>",
    "Owner": "Michael",
    "HasInvestigation": true,
    "InvestigationReport": "Mesh quality metric varies even when you mesh the same model with the same fidelity",
    "WorkItemId": "1176607"
  },
  {
    "Product": "DISCO",
    "Release": "25.2",
    "Platform": "Windows",
    "TestName": "BackcompatJournal_HouseExternalFlow_24_2",
    "Result": "ERROR",
    "FailureMessage": "<TESTSET NAME=\"BackcompatJournal_HouseExternalFlow_24_2\" NTESTS=\"1\" TITLE=\"BackcompatJournal_HouseExternalFlow_24_2\"><MACHINE>CHQ2DISCOTEST42</MACHINE><PACKAGE_ID>202505131143P00</PACKAGE_ID><STANDALONE_BUILD_DATE /><BUILD_ID_DISPLAY_NAME>2025-05-13 11:43 P00</BUILD_ID_DISPLAY_NAME><VERSION>25.2</VERSION><SUPPORT>SUPPORTED</SUPPORT><RUNTYPE>OFFICIAL</RUNTYPE><MODIFIED_RUNTYPE>OFFICIAL</MODIFIED_RUNTYPE> <TEST_INFO><APPLICATION>ANSYS</APPLICATION><TEST_TYPE>UNIFIED</TEST_TYPE><NAME>BackcompatJournal_HouseExternalFlow_24_2</NAME><OWNER>Michael</OWNER><PRODUCT>DISCO</PRODUCT><TEST_PATH>BackcompatJournalTestSuite\\BACKCOMPATJOURNAL_HOUSEEXTERNALFLOW_24_2</TEST_PATH></TEST_INFO><SYSTEM_INFO><SOFTWARE><OS><NAME>Windows 11</NAME><TYPE>Windows</TYPE></OS></SOFTWARE></SYSTEM_INFO><START>05/13/2025 22:46:16</START><TESTCASE TITLE=\"BackcompatJournal_HouseExternalFlow_24_2\"><STEPS><PLUGIN NAME=\"DISCO_EXECUTION\"><DETAILS><MESSAGE>Test Categories: </MESSAGE><MESSAGE RESULT=\"ERROR\">Status:  ValidationError Step:    335 Details: Validation error: step#335# during replay. of ICT-BL-BackcompatJournal_HouseExternalFlow_24_2-1.png. Images differ by 38751 pixels </MESSAGE></DETAILS><ELAPSED>81.1663114</ELAPSED><RESULT>ERROR</RESULT></PLUGIN></STEPS><RESULT>ERROR</RESULT><ELAPSED>81.1663114</ELAPSED></TESTCASE></TESTSET>",
    "Owner": "Michael",
    "HasInvestigation": true,
    "InvestigationReport": "Improve reliability of HQ Streamlet image capture",
    "WorkItemId": "1032285"
  },
  {
    "Product": "DISCO",
    "Release": "25.2",
    "Platform": "Windows",
    "TestName": "HistoryTracking_RecalculateContacts",
    "Result": "ERROR",
    "FailureMessage": "<TESTSET NAME=\"HistoryTracking_RecalculateContacts\" NTESTS=\"1\" TITLE=\"HistoryTracking_RecalculateContacts\"><MACHINE>CHQ2DISCOTEST24</MACHINE><PACKAGE_ID>202505130155P00</PACKAGE_ID><STANDALONE_BUILD_DATE /><BUILD_ID_DISPLAY_NAME>2025-05-13 01:55 P00</BUILD_ID_DISPLAY_NAME><VERSION>25.2</VERSION><SUPPORT>SUPPORTED</SUPPORT><RUNTYPE>OFFICIAL</RUNTYPE><MODIFIED_RUNTYPE>OFFICIAL</MODIFIED_RUNTYPE> <TEST_INFO><APPLICATION>ANSYS</APPLICATION><TEST_TYPE>UNIFIED</TEST_TYPE><NAME>HistoryTracking_RecalculateContacts</NAME><OWNER>Ryan</OWNER><PRODUCT>DISCO</PRODUCT><TEST_PATH>ExploreTestSuite\\HISTORYTRACKING_RECALCULATECONTACTS</TEST_PATH></TEST_INFO><SYSTEM_INFO><SOFTWARE><OS><NAME>Windows 11</NAME><TYPE>Windows</TYPE></OS></SOFTWARE></SYSTEM_INFO><START>05/15/2025 01:21:52</START><TESTCASE TITLE=\"HistoryTracking_RecalculateContacts\"><STEPS><PLUGIN NAME=\"DISCO_EXECUTION\"><DETAILS><MESSAGE>Test Categories: HistoryTracking</MESSAGE><MESSAGE RESULT=\"ERROR\">Status:  ValidationError Step:    326 Details: Validation error: step#326# during replay. The tree node label for '0/4/1' does not match: \tActual:   Stationary Wall (Insulated) (default) \tExpected: Non-Slip Wall (default) No nodes matching 'Non-Slip Wall (default)' were found. Full expected path = 'Physics/Fluid Flow/Non-Slip Wall (default)' Potential journal fix (please review before applying): Old: S=326,UI_CMD=Disco.PhysicsTree,Action=Select,Preview,1,0/4/1,Physics/Fluid Flow/Non-Slip Wall (default) New: S=326,UI_CMD=Disco.PhysicsTree,Action=Select,Preview,1,0/4/1,Physics/Fluid Flow/Stationary Wall (Insulated) (default) </MESSAGE></DETAILS><ELAPSED>226.9349487</ELAPSED><RESULT>ERROR</RESULT></PLUGIN></STEPS><RESULT>ERROR</RESULT><ELAPSED>226.9349487</ELAPSED><STEPS><PLUGIN NAME=\"TFS_DISCO_EXECUTION\"><DETAILS><MESSAGE RESULT=\"ERROR\">Assert.Fail failed. Test has failed TestCleanup method Ansys.Disco.Integration.Tests.JournalTests.ExploreTestSuite.AfterEach threw exception. Microsoft.VisualStudio.TestTools.UnitTesting.AssertFailedException: Assert.Fail failed. Status:  ValidationError Step:    326 Details: Validation error: step#326# during replay. The tree node label for '0/4/1' does not match: \tActual:   Stationary Wall (Insulated) (default) \tExpected: Non-Slip Wall (default) No nodes matching 'Non-Slip Wall (default)' were found. Full expected path = 'Physics/Fluid Flow/Non-Slip Wall (default)' Potential journal fix (please review before applying): Old: S=326,UI_CMD=Disco.PhysicsTree,Action=Select,Preview,1,0/4/1,Physics/Fluid Flow/Non-Slip Wall (default) New: S=326,UI_CMD=Disco.PhysicsTree,Action=Select,Preview,1,0/4/1,Physics/Fluid Flow/Stationary Wall (Insulated) (default) .</MESSAGE></DETAILS><ELAPSED>256</ELAPSED><RESULT>ERROR</RESULT></PLUGIN></STEPS></TESTCASE></TESTSET>",
    "Owner": "Ryan",
    "HasInvestigation": true,
    "InvestigationReport": "Regressions from sc.237",
    "WorkItemId": "1140398"
  },
  {
    "Product": "DISCO",
    "Release": "25.2",
    "Platform": "Windows",
    "TestName": "Import_Export_acis_sat_sab",
    "Result": "ERROR",
    "FailureMessage": "<TESTSET NAME=\"Import_Export_acis_sat_sab\" NTESTS=\"1\" TITLE=\"Import_Export_acis_sat_sab\"><MACHINE>CHQ2DISCOTEST24</MACHINE><PACKAGE_ID>202505131143P00</PACKAGE_ID><STANDALONE_BUILD_DATE /><BUILD_ID_DISPLAY_NAME>2025-05-13 11:43 P00</BUILD_ID_DISPLAY_NAME><VERSION>25.2</VERSION><SUPPORT>SUPPORTED</SUPPORT><RUNTYPE>OFFICIAL</RUNTYPE><MODIFIED_RUNTYPE>OFFICIAL</MODIFIED_RUNTYPE> <TEST_INFO><APPLICATION>ANSYS</APPLICATION><TEST_TYPE>UNIFIED</TEST_TYPE><NAME>Import_Export_acis_sat_sab</NAME><OWNER>Pritam</OWNER><PRODUCT>DISCO</PRODUCT><TEST_PATH>DesignScriptTestSuite\\IMPORT_EXPORT_ACIS_SAT_SAB</TEST_PATH></TEST_INFO><SYSTEM_INFO><SOFTWARE><OS><NAME>Windows 11</NAME><TYPE>Windows</TYPE></OS></SOFTWARE></SYSTEM_INFO><START>05/14/2025 01:48:30</START><TESTCASE TITLE=\"Import_Export_acis_sat_sab\"><STEPS><PLUGIN NAME=\"DISCO_EXECUTION\"><DETAILS><MESSAGE>Test Categories: GeomImport</MESSAGE><MESSAGE RESULT=\"ERROR\"> Status: ValidationError Summary: 1 validation error(s) in test run. See results file for complete details of all failures. First validation error: Validate Save_As_ACISsat.sat Body Properties - Edge Count \tActual: 37 \tExpected: 36 </MESSAGE></DETAILS><ELAPSED>46.7346726</ELAPSED><MESSAGE ELAPSED=\"2.2562343\" RESULT=\"PASSED\">SCENARIO 1 Open ACIS_28.sat geometry</MESSAGE><MESSAGE ELAPSED=\"0.0795635\" RESULT=\"PASSED\">SCENARIO 2 validate ACIS_28.sat geometry details</MESSAGE><MESSAGE ELAPSED=\"2.5899157\" RESULT=\"PASSED\">SCENARIO 3 Save as .sat file</MESSAGE><MESSAGE ELAPSED=\"0.3970386\" RESULT=\"PASSED\">SCENARIO 4 Insert PMI.sab geometry</MESSAGE><MESSAGE ELAPSED=\"0.0168764\" RESULT=\"PASSED\">SCENARIO 5 validate ACIS_28.sat geometry details</MESSAGE><MESSAGE ELAPSED=\"3.7853766\" RESULT=\"PASSED\">SCENARIO 6 Save as .sab file</MESSAGE><MESSAGE ELAPSED=\"1.6289208\" RESULT=\"PASSED\">SCENARIO 7 Open Save_As_ACISsat.sat</MESSAGE><MESSAGE ELAPSED=\"0.9241018\" RESULT=\"FAILED\">SCENARIO 8 validate Save_As_ACISsat.sat geometry details</MESSAGE><MESSAGE RESULT=\"FAILED\">Validate Save_As_ACISsat.sat Body Properties - Edge Count [TARGET=36] [TEST=37]</MESSAGE><MESSAGE ELAPSED=\"1.5991105\" RESULT=\"PASSED\">SCENARIO 9 Open Save_As_ACISsab.sab</MESSAGE><MESSAGE ELAPSED=\"0.1352839\" RESULT=\"PASSED\">SCENARIO 10 validate Save_As_ACISsab.sab geometry details</MESSAGE><RESULT>ERROR</RESULT></PLUGIN></STEPS><RESULT>ERROR</RESULT><ELAPSED>46.7346726</ELAPSED></TESTCASE></TESTSET>",
    "Owner": "Pritam",
    "HasInvestigation": true,
    "InvestigationReport": "File.ResetProject() is not working if run test in VS",
    "WorkItemId": "1022885"
  }
]