[
  {
    "Product": "DISCO",
    "Release": "25.2",
    "Platform": "Windows",
    "TestName": "Bolts_CustomSim",
    "Result": "ERROR",
    "FailureMessage": "<TESTSET NAME=\"Bolts_CustomSim\" NTESTS=\"1\" TITLE=\"Bolts_CustomSim\"><MACHINE>CHQ2DISCOTEST41</MACHINE><PACKAGE_ID>202505201950P00</PACKAGE_ID><STANDALONE_BUILD_DATE /><BUILD_ID_DISPLAY_NAME>R252RC1P00</BUILD_ID_DISPLAY_NAME><VERSION>25.2</VERSION><SUPPORT>SUPPORTED</SUPPORT><RUNTYPE>OFFICIAL</RUNTYPE><MODIFIED_RUNTYPE>OFFICIAL</MODIFIED_RUNTYPE> <TEST_INFO><APPLICATION>ANSYS</APPLICATION><TEST_TYPE>UNIFIED</TEST_TYPE><NAME>Bolts_CustomSim</NAME><OWNER>Michael</OWNER><PRODUCT>DISCO</PRODUCT><TEST_PATH>RefineScriptTestSuite\\BOLTS_CUSTOMSIM</TEST_PATH></TEST_INFO><SYSTEM_INFO><SOFTWARE><OS><NAME>Windows 11</NAME><TYPE>Windows</TYPE></OS></SOFTWARE></SYSTEM_INFO><START>05/21/2025 23:10:07</START><TESTCASE TITLE=\"Bolts_CustomSim\"><STEPS><PLUGIN NAME=\"DISCO_EXECUTION\"><DETAILS><MESSAGE>Test Categories: Structural, Bolts</MESSAGE><MESSAGE RESULT=\"ERROR\"> Status: ValidationError Summary: 3 validation error(s) in test run. See results file for complete details of all failures. First validation error: Max. Bolt Shear - Explore - 2 - GetValueExploreValue \tActual: 837.596862792969 \tExpected: 752.24 </MESSAGE></DETAILS><ELAPSED>148.4163726</ELAPSED><MESSAGE ELAPSED=\"5.9623207\" RESULT=\"PASSED\">SCENARIO 1 Open Project File</MESSAGE><MESSAGE ELAPSED=\"0.0309973\" RESULT=\"PASSED\">SCENARIO 2 Remove Pre-Existing Physics Conditions</MESSAGE><MESSAGE ELAPSED=\"1.4492615\" RESULT=\"PASSED\">SCENARIO 3 Add First Bolt</MESSAGE><MESSAGE ELAPSED=\"0.7750663\" RESULT=\"PASSED\">SCENARIO 4 Add Second Bolt</MESSAGE><MESSAGE ELAPSED=\"2.011172\" RESULT=\"PASSED\">SCENARIO 5 Add Monitors and Physics</MESSAGE><MESSAGE ELAPSED=\"7.711593\" RESULT=\"PASSED\">SCENARIO 6 Explore Initial Solve</MESSAGE><MESSAGE ELAPSED=\"0.0059655\" RESULT=\"PASSED\">SCENARIO 7 Explore Initial Validate Monitors</MESSAGE><MESSAGE ELAPSED=\"0.3852358\" RESULT=\"PASSED\">SCENARIO 8 Explore Material Change</MESSAGE><MESSAGE ELAPSED=\"0.5293528\" RESULT=\"PASSED\">SCENARIO 9 Explore Updated Solve</MESSAGE><MESSAGE ELAPSED=\"0.0007992\" RESULT=\"FAILED\">SCENARIO 10 Explore Updated Validate Monitors</MESSAGE><MESSAGE RESULT=\"FAILED\">Max. Bolt Shear - Explore - 2 - GetValueExploreValue [TARGET=752.24] [TEST=837.596862792969]</MESSAGE><MESSAGE RESULT=\"FAILED\">Avg. Bolt Shear - Explore - 2 - GetValueExploreValue [TARGET=1314.08] [TEST=1461.19323730469]</MESSAGE><MESSAGE RESULT=\"FAILED\">Max. Von Mises Stress - Explore - 2 - GetValueExploreValue [TARGET=0.00764] [TEST=0.00805387739092112]</MESSAGE><MESSAGE ELAPSED=\"36.0836171\" RESULT=\"PASSED\">SCENARIO 11 Refine Stage Solve and Validate</MESSAGE><MESSAGE ELAPSED=\"0.3778728\" RESULT=\"PASSED\">SCENARIO 12 Refine Material Change</MESSAGE><MESSAGE ELAPSED=\"0.8976034\" RESULT=\"PASSED\">SCENARIO 13 Refine Export CATtool</MESSAGE><MESSAGE ELAPSED=\"34.2014776\" RESULT=\"PASSED\">SCENARIO 14 Refine Save and Resume</MESSAGE><MESSAGE ELAPSED=\"0.0023732\" RESULT=\"PASSED\">SCENARIO 15 Refine Resume Validate Monitors</MESSAGE><MESSAGE ELAPSED=\"13.3291808\" RESULT=\"PASSED\">SCENARIO 16 Check Bolt Tolerance</MESSAGE><RESULT>ERROR</RESULT></PLUGIN></STEPS><RESULT>ERROR</RESULT><ELAPSED>148.4163726</ELAPSED></TESTCASE></TESTSET>",
    "Owner": "Michael",
    "HasInvestigation": true,
    "InvestigationReport": "Some bug fixes appear to not be present in the candidate build, but are in the release branch",
    "WorkItemId": "1267884"
  },
  {
    "Product": "DISCO",
    "Release": "25.2",
    "Platform": "Windows",
    "TestName": "GFX_FluentStreamlets",
    "Result": "ERROR",
    "FailureMessage": "<TESTSET NAME=\"GFX_FluentStreamlets\" NTESTS=\"1\" TITLE=\"GFX_FluentStreamlets\"><MACHINE>CHQ2DISCOTEST42</MACHINE><PACKAGE_ID>202505201950P00</PACKAGE_ID><STANDALONE_BUILD_DATE /><BUILD_ID_DISPLAY_NAME>R252RC1P00</BUILD_ID_DISPLAY_NAME><VERSION>25.2</VERSION><SUPPORT>SUPPORTED</SUPPORT><RUNTYPE>OFFICIAL</RUNTYPE><MODIFIED_RUNTYPE>OFFICIAL</MODIFIED_RUNTYPE> <TEST_INFO><APPLICATION>ANSYS</APPLICATION><TEST_TYPE>UNIFIED</TEST_TYPE><NAME>GFX_FluentStreamlets</NAME><OWNER>Mahadeo</OWNER><PRODUCT>DISCO</PRODUCT><TEST_PATH>DailyTestSuite\\GFX_FLUENTSTREAMLETS</TEST_PATH></TEST_INFO><SYSTEM_INFO><SOFTWARE><OS><NAME>Windows 11</NAME><TYPE>Windows</TYPE></OS></SOFTWARE></SYSTEM_INFO><START>05/21/2025 20:56:19</START><TESTCASE TITLE=\"GFX_FluentStreamlets\"><STEPS><PLUGIN NAME=\"DISCO_EXECUTION\"><DETAILS><MESSAGE>Test Categories: Fluid, Fluent, GFX</MESSAGE><MESSAGE RESULT=\"ERROR\">Status:  ParseError Step:    43 Details: Parse error at step: S=43,UI_CMD=Disco.MinorGridNumericTextBoxId,{\"UnitAbbreviation\":\"\",\"Value\":0.001}. Check the UICommand. </MESSAGE></DETAILS><ELAPSED>41.1606674</ELAPSED><RESULT>ERROR</RESULT></PLUGIN></STEPS><RESULT>ERROR</RESULT><ELAPSED>41.1606674</ELAPSED></TESTCASE></TESTSET>",
    "Owner": "Mahadeo",
    "HasInvestigation": true,
    "InvestigationReport": "Improve reliability of HQ Streamlet image capture",
    "WorkItemId": "1032285"
  },
  {
    "Product": "DISCO",
    "Release": "25.2",
    "Platform": "Windows",
    "TestName": "GFX_Polymesh_FFinterface",
    "Result": "ERROR",
    "FailureMessage": "<TESTSET NAME=\"GFX_Polymesh_FFinterface\" NTESTS=\"1\" TITLE=\"GFX_Polymesh_FFinterface\"><MACHINE>CHQ2DISCOTEST42</MACHINE><PACKAGE_ID>202505201950P00</PACKAGE_ID><STANDALONE_BUILD_DATE /><BUILD_ID_DISPLAY_NAME>R252RC1P00</BUILD_ID_DISPLAY_NAME><VERSION>25.2</VERSION><SUPPORT>SUPPORTED</SUPPORT><RUNTYPE>OFFICIAL</RUNTYPE><MODIFIED_RUNTYPE>OFFICIAL</MODIFIED_RUNTYPE> <TEST_INFO><APPLICATION>ANSYS</APPLICATION><TEST_TYPE>UNIFIED</TEST_TYPE><NAME>GFX_Polymesh_FFinterface</NAME><OWNER>Rohhan</OWNER><PRODUCT>DISCO</PRODUCT><TEST_PATH>DailyTestSuite\\GFX_POLYMESH_FFINTERFACE</TEST_PATH></TEST_INFO><SYSTEM_INFO><SOFTWARE><OS><NAME>Windows 11</NAME><TYPE>Windows</TYPE></OS></SOFTWARE></SYSTEM_INFO><START>05/21/2025 20:54:04</START><TESTCASE TITLE=\"GFX_Polymesh_FFinterface\"><STEPS><PLUGIN NAME=\"DISCO_EXECUTION\"><DETAILS><MESSAGE>Test Categories: Fluid, GFX, PolyMesh</MESSAGE><MESSAGE RESULT=\"ERROR\">Status:  ValidationError Step:    934 Details: Validation error: step#934# during replay. of ICT-BL-GFX_Polymesh_FFinterface-1.png. Images differ by 111472 pixels </MESSAGE></DETAILS><ELAPSED>130.0181705</ELAPSED><RESULT>ERROR</RESULT></PLUGIN></STEPS><RESULT>ERROR</RESULT><ELAPSED>130.0181705</ELAPSED></TESTCASE></TESTSET>",
    "Owner": "Rohhan",
    "HasInvestigation": true,
    "InvestigationReport": "Improve reliability of HQ Streamlet image capture",
    "WorkItemId": "1032285"
  },
  {
    "Product": "DISCO",
    "Release": "25.2",
    "Platform": "Windows",
    "TestName": "BackcompatJournal_HouseExternalFlow_24_2",
    "Result": "ERROR",
    "FailureMessage": "<TESTSET NAME=\"BackcompatJournal_HouseExternalFlow_24_2\" NTESTS=\"1\" TITLE=\"BackcompatJournal_HouseExternalFlow_24_2\"><MACHINE>CHQ2DISCOTEST42</MACHINE><PACKAGE_ID>202505201950P00</PACKAGE_ID><STANDALONE_BUILD_DATE /><BUILD_ID_DISPLAY_NAME>R252RC1P00</BUILD_ID_DISPLAY_NAME><VERSION>25.2</VERSION><SUPPORT>SUPPORTED</SUPPORT><RUNTYPE>OFFICIAL</RUNTYPE><MODIFIED_RUNTYPE>OFFICIAL</MODIFIED_RUNTYPE> <TEST_INFO><APPLICATION>ANSYS</APPLICATION><TEST_TYPE>UNIFIED</TEST_TYPE><NAME>BackcompatJournal_HouseExternalFlow_24_2</NAME><OWNER>Michael</OWNER><PRODUCT>DISCO</PRODUCT><TEST_PATH>BackcompatJournalTestSuite\\BACKCOMPATJOURNAL_HOUSEEXTERNALFLOW_24_2</TEST_PATH></TEST_INFO><SYSTEM_INFO><SOFTWARE><OS><NAME>Windows 11</NAME><TYPE>Windows</TYPE></OS></SOFTWARE></SYSTEM_INFO><START>05/21/2025 20:12:54</START><TESTCASE TITLE=\"BackcompatJournal_HouseExternalFlow_24_2\"><STEPS><PLUGIN NAME=\"DISCO_EXECUTION\"><DETAILS><MESSAGE>Test Categories: </MESSAGE><MESSAGE RESULT=\"ERROR\">Status:  ValidationError Step:    335 Details: Validation error: step#335# during replay. of ICT-BL-BackcompatJournal_HouseExternalFlow_24_2-1.png. Images differ by 32141 pixels </MESSAGE></DETAILS><ELAPSED>65.269437</ELAPSED><RESULT>ERROR</RESULT></PLUGIN></STEPS><RESULT>ERROR</RESULT><ELAPSED>65.269437</ELAPSED></TESTCASE></TESTSET>",
    "Owner": "Michael",
    "HasInvestigation": true,
    "InvestigationReport": "Improve reliability of HQ Streamlet image capture",
    "WorkItemId": "1032285"
  },
  {
    "Product": "DISCO",
    "Release": "25.2",
    "Platform": "Windows",
    "TestName": "MeshQualityCheck_StructuralScript",
    "Result": "ERROR",
    "FailureMessage": "<TESTSET NAME=\"MeshQualityCheck_StructuralScript\" NTESTS=\"1\" TITLE=\"MeshQualityCheck_StructuralScript\"><MACHINE>CHQ2DISCOTEST41</MACHINE><PACKAGE_ID>202505201950P00</PACKAGE_ID><STANDALONE_BUILD_DATE /><BUILD_ID_DISPLAY_NAME>R252RC1P00</BUILD_ID_DISPLAY_NAME><VERSION>25.2</VERSION><SUPPORT>SUPPORTED</SUPPORT><RUNTYPE>OFFICIAL</RUNTYPE><MODIFIED_RUNTYPE>OFFICIAL</MODIFIED_RUNTYPE> <TEST_INFO><APPLICATION>ANSYS</APPLICATION><TEST_TYPE>UNIFIED</TEST_TYPE><NAME>MeshQualityCheck_StructuralScript</NAME><OWNER>Michael</OWNER><PRODUCT>DISCO</PRODUCT><TEST_PATH>RefineScriptTestSuite\\MESHQUALITYCHECK_STRUCTURALSCRIPT</TEST_PATH></TEST_INFO><SYSTEM_INFO><SOFTWARE><OS><NAME>Windows 11</NAME><TYPE>Windows</TYPE></OS></SOFTWARE></SYSTEM_INFO><START>05/21/2025 23:12:42</START><TESTCASE TITLE=\"MeshQualityCheck_StructuralScript\"><STEPS><PLUGIN NAME=\"DISCO_EXECUTION\"><DETAILS><MESSAGE>Test Categories: Structural, Mesh</MESSAGE><MESSAGE RESULT=\"ERROR\"> Status: ValidationError Summary: 2 validation error(s) in test run. See results file for complete details of all failures. First validation error: Max. Jacobian Ratio - Refine - GetValueRefineValue \tActual: 1535.4 \tExpected: 557.4 </MESSAGE></DETAILS><ELAPSED>75.0039958</ELAPSED><MESSAGE ELAPSED=\"6.2482981\" RESULT=\"PASSED\">SCENARIO 1 Open file</MESSAGE><MESSAGE ELAPSED=\"0.2648042\" RESULT=\"PASSED\">SCENARIO 2 Enable Mesh Quality Check Settings</MESSAGE><MESSAGE ELAPSED=\"2.7116854\" RESULT=\"PASSED\">SCENARIO 3 Add mesh quality statistic monitors</MESSAGE><MESSAGE ELAPSED=\"28.00887\" RESULT=\"PASSED\">SCENARIO 4 Generate mesh</MESSAGE><MESSAGE ELAPSED=\"3.0359118\" RESULT=\"FAILED\">SCENARIO 5 Validate monitors - Refine</MESSAGE><MESSAGE RESULT=\"FAILED\">Max. Jacobian Ratio - Refine - GetValueRefineValue [TARGET=557.4] [TEST=1535.4]</MESSAGE><MESSAGE RESULT=\"FAILED\">Max. Aspect Ratio - Refine - GetValueRefineValue [TARGET=27.904] [TEST=25.848]</MESSAGE><MESSAGE ELAPSED=\"0.0094563\" RESULT=\"PASSED\">SCENARIO 6 Validate SID Mesh Quality Messages - Initial Values</MESSAGE><MESSAGE ELAPSED=\"0.9079029\" RESULT=\"PASSED\">SCENARIO 7 Update Mesh Metrics - Min. Values</MESSAGE><MESSAGE ELAPSED=\"0.0004958\" RESULT=\"PASSED\">SCENARIO 8 Validate SID Mesh Quality Messages - Min. Values</MESSAGE><MESSAGE ELAPSED=\"0.7999755\" RESULT=\"PASSED\">SCENARIO 9 Update Mesh Metrics - Max. Values</MESSAGE><MESSAGE ELAPSED=\"0.0658188\" RESULT=\"PASSED\">SCENARIO 10 Validate SID Mesh Quality Messages - Max. Values</MESSAGE><RESULT>ERROR</RESULT></PLUGIN></STEPS><RESULT>ERROR</RESULT><ELAPSED>75.0039958</ELAPSED></TESTCASE></TESTSET>",
    "Owner": "Michael",
    "HasInvestigation": true,
    "InvestigationReport": "Mesh quality metric varies even when you mesh the same model with the same fidelity",
    "WorkItemId": "1176607"
  },
  {
    "Product": "DISCO",
    "Release": "25.2",
    "Platform": "Windows",
    "TestName": "Import_NX_part_assembly",
    "Result": "ERROR",
    "FailureMessage": "<TESTSET NAME=\"Import_NX_part_assembly\" NTESTS=\"1\" TITLE=\"Import_NX_part_assembly\"><MACHINE>CHQ2DISCOTEST43</MACHINE><PACKAGE_ID>202505201950P00</PACKAGE_ID><STANDALONE_BUILD_DATE /><BUILD_ID_DISPLAY_NAME>R252RC1P00</BUILD_ID_DISPLAY_NAME><VERSION>25.2</VERSION><SUPPORT>SUPPORTED</SUPPORT><RUNTYPE>OFFICIAL</RUNTYPE><MODIFIED_RUNTYPE>OFFICIAL</MODIFIED_RUNTYPE> <TEST_INFO><APPLICATION>ANSYS</APPLICATION><TEST_TYPE>UNIFIED</TEST_TYPE><NAME>Import_NX_part_assembly</NAME><OWNER>Pritam</OWNER><PRODUCT>DISCO</PRODUCT><TEST_PATH>DesignTestSuite\\IMPORT_NX_PART_ASSEMBLY</TEST_PATH></TEST_INFO><SYSTEM_INFO><SOFTWARE><OS><NAME>Windows 11</NAME><TYPE>Windows</TYPE></OS></SOFTWARE></SYSTEM_INFO><START>05/22/2025 00:58:49</START><TESTCASE TITLE=\"Import_NX_part_assembly\"><STEPS><PLUGIN NAME=\"DISCO_EXECUTION\"><DETAILS><MESSAGE>Test Categories: GeomImport</MESSAGE><MESSAGE RESULT=\"ERROR\">Status:  ValidationError Step:    318 Details: Validation error: step#318# during replay. The tree node label for '0/0/1' does not match: \tActual:   Structural steel, S275N \tExpected: Solid Materials No nodes matching 'Solid Materials' were found. Full expected path = 'Physics/Solid Materials/(Imported) Bronze' Potential journal fix (please review before applying): Old: S=318,UI_CMD=Disco.PhysicsTree,Action=Select,Preview,1,0/0/1,Physics/Solid Materials/(Imported) Bronze New: S=318,UI_CMD=Disco.PhysicsTree,Action=Select,Preview,1,0/0/1,Physics/Structural%20steel%2C%20S275N/(Imported) Bronze </MESSAGE></DETAILS><ELAPSED>58.7253384</ELAPSED><RESULT>ERROR</RESULT></PLUGIN></STEPS><RESULT>ERROR</RESULT><ELAPSED>58.7253384</ELAPSED></TESTCASE></TESTSET>",
    "Owner": "Pritam",
    "HasInvestigation": true,
    "InvestigationReport": "[Hoops translator] Imported NX assembly loses material properties when imported as heavyweight object",
    "WorkItemId": "753550"
  },
  {
    "Product": "DISCO",
    "Release": "25.2",
    "Platform": "Windows",
    "TestName": "Compressible_Materials_Class3Bug1019521",
    "Result": "ERROR",
    "FailureMessage": "<TESTSET NAME=\"Compressible_Materials_Class3Bug1019521\" NTESTS=\"1\" TITLE=\"Compressible_Materials_Class3Bug1019521\"><MACHINE>CHQ2DISCOTEST22</MACHINE><PACKAGE_ID>202505201950P00</PACKAGE_ID><STANDALONE_BUILD_DATE /><BUILD_ID_DISPLAY_NAME>R252RC1P00</BUILD_ID_DISPLAY_NAME><VERSION>25.2</VERSION><SUPPORT>SUPPORTED</SUPPORT><RUNTYPE>OFFICIAL</RUNTYPE><MODIFIED_RUNTYPE>OFFICIAL</MODIFIED_RUNTYPE> <TEST_INFO><APPLICATION>ANSYS</APPLICATION><TEST_TYPE>UNIFIED</TEST_TYPE><NAME>Compressible_Materials_Class3Bug1019521</NAME><OWNER>Jane</OWNER><PRODUCT>DISCO</PRODUCT><TEST_PATH>ExploreScriptTestSuite\\COMPRESSIBLE_MATERIALS_CLASS3BUG1019521</TEST_PATH></TEST_INFO><SYSTEM_INFO><SOFTWARE><OS><NAME>Windows 11</NAME><TYPE>Windows</TYPE></OS></SOFTWARE></SYSTEM_INFO><START>05/22/2025 03:37:25</START><TESTCASE TITLE=\"Compressible_Materials_Class3Bug1019521\"><STEPS><PLUGIN NAME=\"DISCO_EXECUTION\"><DETAILS><MESSAGE>Test Categories: Fluid, Class3</MESSAGE><MESSAGE RESULT=\"ERROR\"> Status: ValidationError Summary: 2 validation error(s) in test run. See results file for complete details of all failures. First validation error: Validate Max. Velocity - LocationCount \tActual: 1 \tExpected: 2 </MESSAGE></DETAILS><ELAPSED>111.309909</ELAPSED><MESSAGE ELAPSED=\"15.1647429\" RESULT=\"PASSED\">SCENARIO 1 Open Project File</MESSAGE><MESSAGE ELAPSED=\"0.1501882\" RESULT=\"PASSED\">SCENARIO 2 Validate Solver State - Explore</MESSAGE><MESSAGE ELAPSED=\"0.2224898\" RESULT=\"PASSED\">SCENARIO 3 Validate Message with liquid material defined</MESSAGE><MESSAGE ELAPSED=\"0.570368\" RESULT=\"PASSED\">SCENARIO 4 Change the material to a gas</MESSAGE><MESSAGE ELAPSED=\"59.0347397\" RESULT=\"PASSED\">SCENARIO 5 Solve in Explore</MESSAGE><MESSAGE ELAPSED=\"0.0110608\" RESULT=\"FAILED\">SCENARIO 6 Validate results for two fluid regions, both defined as Air</MESSAGE><MESSAGE RESULT=\"FAILED\">Validate Max. Velocity - LocationCount [TARGET=2] [TEST=1]</MESSAGE><MESSAGE RESULT=\"FAILED\">Validate Max. Temperature - LocationCount [TARGET=3] [TEST=2]</MESSAGE><MESSAGE ELAPSED=\"2.5924553\" RESULT=\"PASSED\">SCENARIO 7 Change material to a User Defined liquid and specify properties</MESSAGE><MESSAGE ELAPSED=\"0.0240299\" RESULT=\"PASSED\">SCENARIO 8 Validate Solver State - Explore</MESSAGE><MESSAGE ELAPSED=\"0.6990955\" RESULT=\"PASSED\">SCENARIO 9 Validate Message with a user defined liquid material</MESSAGE><MESSAGE ELAPSED=\"0.0422945\" RESULT=\"PASSED\">SCENARIO 10 Validate Solver State - Refine</MESSAGE><RESULT>ERROR</RESULT></PLUGIN></STEPS><RESULT>ERROR</RESULT><ELAPSED>111.309909</ELAPSED></TESTCASE></TESTSET>",
    "Owner": "Jane",
    "HasInvestigation": true,
    "InvestigationReport": "Location count for monitors is different each run on test Compressible_Materials_Class3Bug1019521",
    "WorkItemId": "1248043"
  },
  {
    "Product": "DISCO",
    "Release": "25.2",
    "Platform": "Windows",
    "TestName": "Fluids_InDepth_Workflow_pt1_and_pt2",
    "Result": "ERROR",
    "FailureMessage": "<TESTSET NAME=\"Fluids_InDepth_Workflow_pt1_and_pt2\" NTESTS=\"1\" TITLE=\"Fluids_InDepth_Workflow_pt1_and_pt2\"><MACHINE>CHQ2DISCOTEST42</MACHINE><PACKAGE_ID>202505201950P00</PACKAGE_ID><STANDALONE_BUILD_DATE /><BUILD_ID_DISPLAY_NAME>R252RC1P00</BUILD_ID_DISPLAY_NAME><VERSION>25.2</VERSION><SUPPORT>SUPPORTED</SUPPORT><RUNTYPE>OFFICIAL</RUNTYPE><MODIFIED_RUNTYPE>OFFICIAL</MODIFIED_RUNTYPE> <TEST_INFO><APPLICATION>ANSYS</APPLICATION><TEST_TYPE>UNIFIED</TEST_TYPE><NAME>Fluids_InDepth_Workflow_pt1_and_pt2</NAME><OWNER>Dipali</OWNER><PRODUCT>DISCO</PRODUCT><TEST_PATH>DailyTestSuite\\FLUIDS_INDEPTH_WORKFLOW_PT1_AND_PT2</TEST_PATH></TEST_INFO><SYSTEM_INFO><SOFTWARE><OS><NAME>Windows 11</NAME><TYPE>Windows</TYPE></OS></SOFTWARE></SYSTEM_INFO><START>05/21/2025 20:57:06</START><TESTCASE TITLE=\"Fluids_InDepth_Workflow_pt1_and_pt2\"><STEPS><PLUGIN NAME=\"DISCO_EXECUTION\"><DETAILS><MESSAGE>Test Categories: Fluid, GFX, AvoidArtemisSyncRun</MESSAGE><MESSAGE RESULT=\"ERROR\">Status:  ValidationError Step:    1233 Details: Validation error: step#1233# during replay. of ICT-BL-Fluids_InDepth_Workflow_pt1_and_pt2-1.png. Images differ by 71358 pixels </MESSAGE></DETAILS><ELAPSED>54.9194176</ELAPSED><RESULT>ERROR</RESULT></PLUGIN></STEPS><RESULT>ERROR</RESULT><ELAPSED>54.9194176</ELAPSED></TESTCASE></TESTSET>",
    "Owner": "Dipali",
    "HasInvestigation": true,
    "InvestigationReport": "Improve_Gradient_Calculation",
    "WorkItemId": "927536"
  },
  {
    "Product": "DISCO",
    "Release": "25.2",
    "Platform": "Windows",
    "TestName": "BackcompatJournal_HouseExternalFlow_Fluent_24_2",
    "Result": "ERROR",
    "FailureMessage": "<TESTSET NAME=\"BackcompatJournal_HouseExternalFlow_Fluent_24_2\" NTESTS=\"1\" TITLE=\"BackcompatJournal_HouseExternalFlow_Fluent_24_2\"><MACHINE>CHQ2DISCOTEST42</MACHINE><PACKAGE_ID>202505201950P00</PACKAGE_ID><STANDALONE_BUILD_DATE /><BUILD_ID_DISPLAY_NAME>R252RC1P00</BUILD_ID_DISPLAY_NAME><VERSION>25.2</VERSION><SUPPORT>SUPPORTED</SUPPORT><RUNTYPE>OFFICIAL</RUNTYPE><MODIFIED_RUNTYPE>OFFICIAL</MODIFIED_RUNTYPE> <TEST_INFO><APPLICATION>ANSYS</APPLICATION><TEST_TYPE>UNIFIED</TEST_TYPE><NAME>BackcompatJournal_HouseExternalFlow_Fluent_24_2</NAME><OWNER>Michael</OWNER><PRODUCT>DISCO</PRODUCT><TEST_PATH>BackcompatJournalTestSuite\\BACKCOMPATJOURNAL_HOUSEEXTERNALFLOW_FLUENT_24_2</TEST_PATH></TEST_INFO><SYSTEM_INFO><SOFTWARE><OS><NAME>Windows 11</NAME><TYPE>Windows</TYPE></OS></SOFTWARE></SYSTEM_INFO><START>05/21/2025 20:14:05</START><TESTCASE TITLE=\"BackcompatJournal_HouseExternalFlow_Fluent_24_2\"><STEPS><PLUGIN NAME=\"DISCO_EXECUTION\"><DETAILS><MESSAGE>Test Categories: GFX</MESSAGE><MESSAGE RESULT=\"ERROR\">Status:  ValidationError Step:    410 Details: Validation error: step#410# during replay. of ICT-BL-BackcompatJournal_HouseExternalFlow_Fluent_24_2-1.png. Images differ by 27893 pixels </MESSAGE></DETAILS><ELAPSED>93.3296285</ELAPSED><RESULT>ERROR</RESULT></PLUGIN></STEPS><RESULT>ERROR</RESULT><ELAPSED>93.3296285</ELAPSED></TESTCASE></TESTSET>",
    "Owner": "Michael",
    "HasInvestigation": true,
    "InvestigationReport": "Improve reliability of HQ Streamlet image capture",
    "WorkItemId": "1032285"
  },
  {
    "Product": "DISCO",
    "Release": "25.2",
    "Platform": "Windows",
    "TestName": "AcademicLicense_NodeValidation_Fluid",
    "Result": "ERROR",
    "FailureMessage": "<TESTSET NAME=\"AcademicLicense_NodeValidation_Fluid\" NTESTS=\"1\" TITLE=\"AcademicLicense_NodeValidation_Fluid\"><MACHINE>CHQ2DISCOTEST22</MACHINE><PACKAGE_ID>202505201950P00</PACKAGE_ID><STANDALONE_BUILD_DATE /><BUILD_ID_DISPLAY_NAME>R252RC1P00</BUILD_ID_DISPLAY_NAME><VERSION>25.2</VERSION><SUPPORT>SUPPORTED</SUPPORT><RUNTYPE>OFFICIAL</RUNTYPE><MODIFIED_RUNTYPE>OFFICIAL</MODIFIED_RUNTYPE> <TEST_INFO><APPLICATION>ANSYS</APPLICATION><TEST_TYPE>UNIFIED</TEST_TYPE><NAME>AcademicLicense_NodeValidation_Fluid</NAME><OWNER>Christine</OWNER><PRODUCT>DISCO</PRODUCT><TEST_PATH>LicenseTestSuite\\ACADEMICLICENSE_NODEVALIDATION_FLUID</TEST_PATH></TEST_INFO><SYSTEM_INFO><SOFTWARE><OS><NAME>Windows 11</NAME><TYPE>Windows</TYPE></OS></SOFTWARE></SYSTEM_INFO><START>05/21/2025 23:06:40</START><TESTCASE TITLE=\"AcademicLicense_NodeValidation_Fluid\"><STEPS><PLUGIN NAME=\"DISCO_EXECUTION\"><DETAILS><MESSAGE>Test Categories: </MESSAGE><MESSAGE RESULT=\"ERROR\">Status:  ValidationError Step:    88 Details: Validation error: step#88# during replay. While setting selection: The object 'PhysicsObject (id=11:1)' (Monitor: Max. Velocity 1) has some differences     Actual:   Values=Variation: DV1, Solver: Artemis, Value: Speed, 2.106831, MeterPerSecond     Expected: Values=Variation: DV1, Solver: Artemis, Value: Speed, 1.994285, MeterPerSecond </MESSAGE></DETAILS><ELAPSED>367.9109861</ELAPSED><RESULT>ERROR</RESULT></PLUGIN></STEPS><RESULT>ERROR</RESULT><ELAPSED>367.9109861</ELAPSED><STEPS><PLUGIN NAME=\"TFS_DISCO_EXECUTION\"><DETAILS><MESSAGE RESULT=\"ERROR\">Assert.Fail failed. Test has failed TestCleanup method Ansys.Disco.Integration.Tests.JournalTests.LicenseTestSuite.LicenseTestSuite.AfterEach threw exception. Microsoft.VisualStudio.TestTools.UnitTesting.AssertFailedException: Assert.Fail failed. Status:  ValidationError Step:    88 Details: Validation error: step#88# during replay. While setting selection: The object 'PhysicsObject (id=11:1)' (Monitor: Max. Velocity 1) has some differences     Actual:   Values=Variation: DV1, Solver: Artemis, Value: Speed, 2.106831, MeterPerSecond     Expected: Values=Variation: DV1, Solver: Artemis, Value: Speed, 1.994285, MeterPerSecond .</MESSAGE></DETAILS><ELAPSED>387</ELAPSED><RESULT>ERROR</RESULT></PLUGIN></STEPS></TESTCASE></TESTSET>",
    "Owner": "Christine",
    "HasInvestigation": true,
    "InvestigationReport": "License tests failing - under investigation",
    "WorkItemId": "1188864"
  },
  {
    "Product": "DISCO",
    "Release": "25.2",
    "Platform": "Windows",
    "TestName": "Electromagnetic_Auto_Detect_Local_Fidelities",
    "Result": "TIMEOUT",
    "FailureMessage": "<TESTSET NAME=\"Electromagnetic_Auto_Detect_Local_Fidelities\" NTESTS=\"1\" TITLE=\"Electromagnetic_Auto_Detect_Local_Fidelities\"><MACHINE>CHQ2DISCOTEST42</MACHINE><PACKAGE_ID>202505201950P00</PACKAGE_ID><STANDALONE_BUILD_DATE /><BUILD_ID_DISPLAY_NAME>R252RC1P00</BUILD_ID_DISPLAY_NAME><VERSION>25.2</VERSION><SUPPORT>SUPPORTED</SUPPORT><RUNTYPE>OFFICIAL</RUNTYPE><MODIFIED_RUNTYPE>OFFICIAL</MODIFIED_RUNTYPE> <TEST_INFO><APPLICATION>ANSYS</APPLICATION><TEST_TYPE>UNIFIED</TEST_TYPE><NAME>Electromagnetic_Auto_Detect_Local_Fidelities</NAME><OWNER>Alex</OWNER><PRODUCT>DISCO</PRODUCT><TEST_PATH>CanadarmTestSuite\\ELECTROMAGNETIC_AUTO_DETECT_LOCAL_FIDELITIES</TEST_PATH></TEST_INFO><SYSTEM_INFO><SOFTWARE><OS><NAME>Windows 11</NAME><TYPE>Windows</TYPE></OS></SOFTWARE></SYSTEM_INFO><START>05/21/2025 20:15:43</START><TESTCASE TITLE=\"Electromagnetic_Auto_Detect_Local_Fidelities\"><STEPS><PLUGIN NAME=\"DISCO_EXECUTION\"><DETAILS><MESSAGE>Test Categories: AvoidArtemisSyncRun</MESSAGE><MESSAGE RESULT=\"TIMEOUT\">Discovery processes associated with test 'Electromagnetic_Auto_Detect_Local_Fidelities' did not finish closing before timeout was hit.Test 'Electromagnetic_Auto_Detect_Local_Fidelities' exceeded execution timeout period at step 0.Test 'Electromagnetic_Auto_Detect_Local_Fidelities' exceeded execution timeout period at step 0.</MESSAGE></DETAILS><ELAPSED>500.2758349</ELAPSED><RESULT>TIMEOUT</RESULT></PLUGIN></STEPS><RESULT>TIMEOUT</RESULT><ELAPSED>500.2758349</ELAPSED></TESTCASE></TESTSET>",
    "Owner": "Alex",
    "HasInvestigation": true,
    "InvestigationReport": "Discovery exe doesnt not end after running this journal which creates an auto generated fidelity for an Emag setup",
    "WorkItemId": "1266477"
  },
  {
    "Product": "DISCO",
    "Release": "25.2",
    "Platform": "Windows",
    "TestName": "GFX_PlaneContour_CHT_Refine",
    "Result": "ERROR",
    "FailureMessage": "<TESTSET NAME=\"GFX_PlaneContour_CHT_Refine\" NTESTS=\"1\" TITLE=\"GFX_PlaneContour_CHT_Refine\"><MACHINE>CHQ2DISCOTEST42</MACHINE><PACKAGE_ID>202505201950P00</PACKAGE_ID><STANDALONE_BUILD_DATE /><BUILD_ID_DISPLAY_NAME>R252RC1P00</BUILD_ID_DISPLAY_NAME><VERSION>25.2</VERSION><SUPPORT>SUPPORTED</SUPPORT><RUNTYPE>OFFICIAL</RUNTYPE><MODIFIED_RUNTYPE>OFFICIAL</MODIFIED_RUNTYPE> <TEST_INFO><APPLICATION>ANSYS</APPLICATION><TEST_TYPE>UNIFIED</TEST_TYPE><NAME>GFX_PlaneContour_CHT_Refine</NAME><OWNER>Neelesh</OWNER><PRODUCT>DISCO</PRODUCT><TEST_PATH>DailyTestSuite\\GFX_PLANECONTOUR_CHT_REFINE</TEST_PATH></TEST_INFO><SYSTEM_INFO><SOFTWARE><OS><NAME>Windows 11</NAME><TYPE>Windows</TYPE></OS></SOFTWARE></SYSTEM_INFO><START>05/21/2025 20:47:56</START><TESTCASE TITLE=\"GFX_PlaneContour_CHT_Refine\"><STEPS><PLUGIN NAME=\"DISCO_EXECUTION\"><DETAILS><MESSAGE>Test Categories: GFX, Fluent, PolyMesh</MESSAGE><MESSAGE RESULT=\"ERROR\">Status:  ValidationError Step:    441 Details: Validation error: step#441# during replay. Expected 16 objects, but 17 were selected: \tActual:   (1) SetRegionScopeCommand, (1) MakeResultPlotCommand, (1) SetColoringVariableCommand, (1) SetPrimaryVectorVariableCommand, (1) SetColoringCommand, (1) SetMeshPropertiesCommand, (1) SetLicPropertiesCommand, (1) SetDisplayTypesCommand, (1) SetIsoSurfacePropertiesCommand, (1) SetMinMaxPropertiesCommand, (1) SetParticlePropertiesCommand, (1) SetUserDefinedRangeCommand, (1) SetSliceCommand, (1) SetStreamletPropertiesCommand, (1) SetCurveSetPropertiesCommand, (1) SetSymbolPlotPropertiesCommand, (1) ShowCommand \tExpected: (1) SetRegionScopeCommand, (1) MakeResultPlotCommand, (1) SetColoringVariableCommand, (1) SetPrimaryVectorVariableCommand, (1) SetColoringCommand, (1) SetLicPropertiesCommand, (1) SetDisplayTypesCommand, (1) SetIsoSurfacePropertiesCommand, (1) SetMinMaxPropertiesCommand, (1) SetParticlePropertiesCommand, (1) SetUserDefinedRangeCommand, (1) SetSliceCommand, (1) SetStreamletPropertiesCommand, (1) SetCurveSetPropertiesCommand, (1) SetSymbolPlotPropertiesCommand, (1) ShowCommand </MESSAGE></DETAILS><ELAPSED>362.9448541</ELAPSED><RESULT>ERROR</RESULT></PLUGIN></STEPS><RESULT>ERROR</RESULT><ELAPSED>362.9448541</ELAPSED></TESTCASE></TESTSET>",
    "Owner": "Neelesh",
    "HasInvestigation": true,
    "InvestigationReport": "Test needs to be updated with new graphite validation request commands. Will be updated in develop.",
    "WorkItemId": ""
  },
  {
    "Product": "DISCO",
    "Release": "25.2",
    "Platform": "Windows",
    "TestName": "Import_Export_ply",
    "Result": "TIMEOUT",
    "FailureMessage": "<TESTSET NAME=\"Import_Export_ply\" NTESTS=\"1\" TITLE=\"Import_Export_ply\"><MACHINE>CHQ2DISCOTEST43</MACHINE><PACKAGE_ID>202505201950P00</PACKAGE_ID><STANDALONE_BUILD_DATE /><BUILD_ID_DISPLAY_NAME>R252RC1P00</BUILD_ID_DISPLAY_NAME><VERSION>25.2</VERSION><SUPPORT>SUPPORTED</SUPPORT><RUNTYPE>OFFICIAL</RUNTYPE><MODIFIED_RUNTYPE>OFFICIAL</MODIFIED_RUNTYPE> <TEST_INFO><APPLICATION>ANSYS</APPLICATION><TEST_TYPE>UNIFIED</TEST_TYPE><NAME>Import_Export_ply</NAME><OWNER>Pritam</OWNER><PRODUCT>DISCO</PRODUCT><TEST_PATH>DesignScriptTestSuite\\IMPORT_EXPORT_PLY</TEST_PATH></TEST_INFO><SYSTEM_INFO><SOFTWARE><OS><NAME>Windows 11</NAME><TYPE>Windows</TYPE></OS></SOFTWARE></SYSTEM_INFO><START>05/22/2025 00:46:36</START><TESTCASE TITLE=\"Import_Export_ply\"><STEPS><PLUGIN NAME=\"DISCO_EXECUTION\"><DETAILS><MESSAGE>Test Categories: GeomImport</MESSAGE><MESSAGE RESULT=\"TIMEOUT\">Discovery processes associated with test 'Import_Export_ply' did not finish closing before timeout was hit.Test 'Import_Export_ply' exceeded execution timeout period at step 0.Test 'Import_Export_ply' exceeded execution timeout period at step 0.</MESSAGE></DETAILS><ELAPSED>90.3678144</ELAPSED><RESULT>TIMEOUT</RESULT></PLUGIN></STEPS><RESULT>TIMEOUT</RESULT><ELAPSED>90.3678144</ELAPSED></TESTCASE></TESTSET>",
    "Owner": "Pritam",
    "HasInvestigation": true,
    "InvestigationReport": "Regression: Import_Export_ply,Import_Export_FluentMesh failing",
    "WorkItemId": "1222449"
  },
  {
    "Product": "DISCO",
    "Release": "25.2",
    "Platform": "Windows",
    "TestName": "TestingAddinV252_VisResultSets",
    "Result": "ERROR",
    "FailureMessage": "<TESTSET NAME=\"TestingAddinV252_VisResultSets\" NTESTS=\"1\" TITLE=\"TestingAddinV252_VisResultSets\"><MACHINE>CHQ2DISCOTEST43</MACHINE><PACKAGE_ID>202505201950P00</PACKAGE_ID><STANDALONE_BUILD_DATE /><BUILD_ID_DISPLAY_NAME>R252RC1P00</BUILD_ID_DISPLAY_NAME><VERSION>25.2</VERSION><SUPPORT>SUPPORTED</SUPPORT><RUNTYPE>OFFICIAL</RUNTYPE><MODIFIED_RUNTYPE>OFFICIAL</MODIFIED_RUNTYPE> <TEST_INFO><APPLICATION>ANSYS</APPLICATION><TEST_TYPE>UNIFIED</TEST_TYPE><NAME>TestingAddinV252_VisResultSets</NAME><OWNER>Craig</OWNER><PRODUCT>DISCO</PRODUCT><TEST_PATH>AddinTestSuite\\TESTINGADDINV252_VISRESULTSETS</TEST_PATH></TEST_INFO><SYSTEM_INFO><SOFTWARE><OS><NAME>Windows 11</NAME><TYPE>Windows</TYPE></OS></SOFTWARE></SYSTEM_INFO><START>05/21/2025 17:38:21</START><TESTCASE TITLE=\"TestingAddinV252_VisResultSets\"><STEPS><PLUGIN NAME=\"DISCO_EXECUTION\"><DETAILS><MESSAGE>Test Categories: Addin [TestingV252]</MESSAGE><MESSAGE RESULT=\"ERROR\">Status:  ValidationError Step:    334 Details: Validation error: step#334# during replay. An exception occurred while executing Disco.AddinShowContourCommand   Exception: System.ArgumentException   Message: Requested value 'Pressure2' was not found. </MESSAGE></DETAILS><ELAPSED>50.9043241</ELAPSED><RESULT>ERROR</RESULT></PLUGIN></STEPS><RESULT>ERROR</RESULT><ELAPSED>50.9043241</ELAPSED></TESTCASE></TESTSET>",
    "Owner": "Craig",
    "HasInvestigation": false
  },
  {
    "Product": "DISCO",
    "Release": "25.2",
    "Platform": "Windows",
    "TestName": "ScriptParameters_FluidSolve",
    "Result": "ERROR",
    "FailureMessage": "<TESTSET NAME=\"ScriptParameters_FluidSolve\" NTESTS=\"1\" TITLE=\"ScriptParameters_FluidSolve\"><MACHINE>CHQ2DISCOTEST22</MACHINE><PACKAGE_ID>202505201950P00</PACKAGE_ID><STANDALONE_BUILD_DATE /><BUILD_ID_DISPLAY_NAME>R252RC1P00</BUILD_ID_DISPLAY_NAME><VERSION>25.2</VERSION><SUPPORT>SUPPORTED</SUPPORT><RUNTYPE>OFFICIAL</RUNTYPE><MODIFIED_RUNTYPE>OFFICIAL</MODIFIED_RUNTYPE> <TEST_INFO><APPLICATION>ANSYS</APPLICATION><TEST_TYPE>UNIFIED</TEST_TYPE><NAME>ScriptParameters_FluidSolve</NAME><OWNER>Craig</OWNER><PRODUCT>DISCO</PRODUCT><TEST_PATH>ExploreTestSuite\\SCRIPTPARAMETERS_FLUIDSOLVE</TEST_PATH></TEST_INFO><SYSTEM_INFO><SOFTWARE><OS><NAME>Windows 11</NAME><TYPE>Windows</TYPE></OS></SOFTWARE></SYSTEM_INFO><START>05/22/2025 04:00:13</START><TESTCASE TITLE=\"ScriptParameters_FluidSolve\"><STEPS><PLUGIN NAME=\"DISCO_EXECUTION\"><DETAILS><MESSAGE>Test Categories: Fluid, JournalScript, ScriptParameters</MESSAGE><MESSAGE RESULT=\"ERROR\">Status:  ValidationError Step:    534 Details: Validation error: step#534# during replay. The tree node label for '0/2' does not match: \tActual:   Gravity \tExpected: Non-Slip Wall (default) No nodes matching 'Non-Slip Wall (default)' were found. Full expected path = 'Physics/Non-Slip Wall (default)' Potential journal fix (please review before applying): Old: S=534,UI_CMD=Disco.PhysicsTree,Action=Select,Preview,1,0/2,Physics/Non-Slip Wall (default) New: S=534,UI_CMD=Disco.PhysicsTree,Action=Select,Preview,1,0/2,Physics/Gravity </MESSAGE></DETAILS><ELAPSED>74.7973904</ELAPSED><RESULT>ERROR</RESULT></PLUGIN></STEPS><RESULT>ERROR</RESULT><ELAPSED>74.7973904</ELAPSED></TESTCASE></TESTSET>",
    "Owner": "Craig",
    "HasInvestigation": true,
    "InvestigationReport": "Script Parameter update is recording second change index and failing regression test ScriptParameters_FluidSolve",
    "WorkItemId": "1201824"
  },
  {
    "Product": "DISCO",
    "Release": "25.2",
    "Platform": "Windows",
    "TestName": "Import_Export_FluentMesh",
    "Result": "TIMEOUT",
    "FailureMessage": "<TESTSET NAME=\"Import_Export_FluentMesh\" NTESTS=\"1\" TITLE=\"Import_Export_FluentMesh\"><MACHINE>CHQ2DISCOTEST43</MACHINE><PACKAGE_ID>202505201950P00</PACKAGE_ID><STANDALONE_BUILD_DATE /><BUILD_ID_DISPLAY_NAME>R252RC1P00</BUILD_ID_DISPLAY_NAME><VERSION>25.2</VERSION><SUPPORT>SUPPORTED</SUPPORT><RUNTYPE>OFFICIAL</RUNTYPE><MODIFIED_RUNTYPE>OFFICIAL</MODIFIED_RUNTYPE> <TEST_INFO><APPLICATION>ANSYS</APPLICATION><TEST_TYPE>UNIFIED</TEST_TYPE><NAME>Import_Export_FluentMesh</NAME><OWNER>Ryan</OWNER><PRODUCT>DISCO</PRODUCT><TEST_PATH>DesignScriptTestSuite\\IMPORT_EXPORT_FLUENTMESH</TEST_PATH></TEST_INFO><SYSTEM_INFO><SOFTWARE><OS><NAME>Windows 11</NAME><TYPE>Windows</TYPE></OS></SOFTWARE></SYSTEM_INFO><START>05/22/2025 00:51:01</START><TESTCASE TITLE=\"Import_Export_FluentMesh\"><STEPS><PLUGIN NAME=\"DISCO_EXECUTION\"><DETAILS><MESSAGE>Test Categories: DesignStage, GeomImport</MESSAGE><MESSAGE RESULT=\"TIMEOUT\">Discovery processes associated with test 'Import_Export_FluentMesh' did not finish closing before timeout was hit.Test 'Import_Export_FluentMesh' exceeded execution timeout period at step 0.Test 'Import_Export_FluentMesh' exceeded execution timeout period at step 0.</MESSAGE></DETAILS><ELAPSED>90.1420606</ELAPSED><RESULT>TIMEOUT</RESULT></PLUGIN></STEPS><RESULT>TIMEOUT</RESULT><ELAPSED>90.1420606</ELAPSED></TESTCASE></TESTSET>",
    "Owner": "Ryan",
    "HasInvestigation": true,
    "InvestigationReport": "Fluent mesh export scaled on import",
    "WorkItemId": "1222449"
  },
  {
    "Product": "DISCO",
    "Release": "25.2",
    "Platform": "Windows",
    "TestName": "Import_creo_prt1",
    "Result": "ERROR",
    "FailureMessage": "<TESTSET NAME=\"Import_creo_prt1\" NTESTS=\"1\" TITLE=\"Import_creo_prt1\"><MACHINE>CHQ2DISCOTEST43</MACHINE><PACKAGE_ID>202505201950P00</PACKAGE_ID><STANDALONE_BUILD_DATE /><BUILD_ID_DISPLAY_NAME>R252RC1P00</BUILD_ID_DISPLAY_NAME><VERSION>25.2</VERSION><SUPPORT>SUPPORTED</SUPPORT><RUNTYPE>OFFICIAL</RUNTYPE><MODIFIED_RUNTYPE>OFFICIAL</MODIFIED_RUNTYPE> <TEST_INFO><APPLICATION>ANSYS</APPLICATION><TEST_TYPE>UNIFIED</TEST_TYPE><NAME>Import_creo_prt1</NAME><OWNER>Pritam</OWNER><PRODUCT>DISCO</PRODUCT><TEST_PATH>DesignTestSuite\\IMPORT_CREO_PRT1</TEST_PATH></TEST_INFO><SYSTEM_INFO><SOFTWARE><OS><NAME>Windows 11</NAME><TYPE>Windows</TYPE></OS></SOFTWARE></SYSTEM_INFO><START>05/22/2025 00:57:57</START><TESTCASE TITLE=\"Import_creo_prt1\"><STEPS><PLUGIN NAME=\"DISCO_EXECUTION\"><DETAILS><MESSAGE>Test Categories: GeomImport</MESSAGE><MESSAGE RESULT=\"ERROR\">Status:  ValidationError Step:    42 Details: Validation error: step#42# during replay. The tree node label for '0' does not match: \tActual:   815397.prt \tExpected: 815397 No nodes matching '815397' were found. Full expected path = '815397' Potential journal fix (please review before applying): Old: S=42,UI_CMD=Disco.DesignTree,Action=Select,Preview,1,0,815397 New: S=42,UI_CMD=Disco.DesignTree,Action=Select,Preview,1,0,815397.prt </MESSAGE></DETAILS><ELAPSED>40.7916257</ELAPSED><RESULT>ERROR</RESULT></PLUGIN></STEPS><RESULT>ERROR</RESULT><ELAPSED>40.7916257</ELAPSED></TESTCASE></TESTSET>",
    "Owner": "Pritam",
    "HasInvestigation": true,
    "InvestigationReport": "[Hoops Translator] Creo part with \".prt.1\" extension shows \".prt\" in structure tree file name",
    "WorkItemId": "788192"
  },
  {
    "Product": "DISCO",
    "Release": "25.2",
    "Platform": "Windows",
    "TestName": "GFX_Fluids_SuppressResults",
    "Result": "ERROR",
    "FailureMessage": "<TESTSET NAME=\"GFX_Fluids_SuppressResults\" NTESTS=\"1\" TITLE=\"GFX_Fluids_SuppressResults\"><MACHINE>CHQ2DISCOTEST42</MACHINE><PACKAGE_ID>202505201950P00</PACKAGE_ID><STANDALONE_BUILD_DATE /><BUILD_ID_DISPLAY_NAME>R252RC1P00</BUILD_ID_DISPLAY_NAME><VERSION>25.2</VERSION><SUPPORT>SUPPORTED</SUPPORT><RUNTYPE>OFFICIAL</RUNTYPE><MODIFIED_RUNTYPE>OFFICIAL</MODIFIED_RUNTYPE> <TEST_INFO><APPLICATION>ANSYS</APPLICATION><TEST_TYPE>UNIFIED</TEST_TYPE><NAME>GFX_Fluids_SuppressResults</NAME><OWNER>Swapnil</OWNER><PRODUCT>DISCO</PRODUCT><TEST_PATH>DailyTestSuite\\GFX_FLUIDS_SUPPRESSRESULTS</TEST_PATH></TEST_INFO><SYSTEM_INFO><SOFTWARE><OS><NAME>Windows 11</NAME><TYPE>Windows</TYPE></OS></SOFTWARE></SYSTEM_INFO><START>05/21/2025 20:35:34</START><TESTCASE TITLE=\"GFX_Fluids_SuppressResults\"><STEPS><PLUGIN NAME=\"DISCO_EXECUTION\"><DETAILS><MESSAGE>Test Categories: Fluid, GFX, PolyMesh</MESSAGE><MESSAGE RESULT=\"ERROR\">Status:  ValidationError Step:    688 Details: Validation error: step#688# during replay. of ICT-BL-GFX_Fluids_SuppressResults-5.png. Images differ by 61174 pixels </MESSAGE></DETAILS><ELAPSED>81.8715938</ELAPSED><RESULT>ERROR</RESULT></PLUGIN></STEPS><RESULT>ERROR</RESULT><ELAPSED>81.8715938</ELAPSED></TESTCASE></TESTSET>",
    "Owner": "Swapnil",
    "HasInvestigation": true,
    "InvestigationReport": "Improve reliability of HQ Streamlet image capture",
    "WorkItemId": "1032285"
  },
  {
    "Product": "DISCO",
    "Release": "25.2",
    "Platform": "Windows",
    "TestName": "Structural_JointDisplaced_RemPointDef",
    "Result": "ERROR",
    "FailureMessage": "<TESTSET NAME=\"Structural_JointDisplaced_RemPointDef\" NTESTS=\"1\" TITLE=\"Structural_JointDisplaced_RemPointDef\"><MACHINE>CHQ2DISCOTEST41</MACHINE><PACKAGE_ID>202505201950P00</PACKAGE_ID><STANDALONE_BUILD_DATE /><BUILD_ID_DISPLAY_NAME>R252RC1P00</BUILD_ID_DISPLAY_NAME><VERSION>25.2</VERSION><SUPPORT>SUPPORTED</SUPPORT><RUNTYPE>OFFICIAL</RUNTYPE><MODIFIED_RUNTYPE>OFFICIAL</MODIFIED_RUNTYPE> <TEST_INFO><APPLICATION>ANSYS</APPLICATION><TEST_TYPE>UNIFIED</TEST_TYPE><NAME>Structural_JointDisplaced_RemPointDef</NAME><OWNER>Michael</OWNER><PRODUCT>DISCO</PRODUCT><TEST_PATH>RefineScriptTestSuite\\STRUCTURAL_JOINTDISPLACED_REMPOINTDEF</TEST_PATH></TEST_INFO><SYSTEM_INFO><SOFTWARE><OS><NAME>Windows 11</NAME><TYPE>Windows</TYPE></OS></SOFTWARE></SYSTEM_INFO><START>05/21/2025 23:32:22</START><TESTCASE TITLE=\"Structural_JointDisplaced_RemPointDef\"><STEPS><PLUGIN NAME=\"DISCO_EXECUTION\"><DETAILS><MESSAGE>Test Categories: Structural, Thermal</MESSAGE><MESSAGE RESULT=\"ERROR\"> Script Error: Condition label is invalid Error occurred at line 65:   monitor=Results.Monitor.GetByLabel(\"Avg. Reaction Force 3\") Additional details are available in the log file. </MESSAGE></DETAILS><ELAPSED>49.6545187</ELAPSED><MESSAGE ELAPSED=\"15.4806739\" RESULT=\"PASSED\">SCENARIO 1 ExhaustManifold_DisplacedSupport.dsco</MESSAGE><MESSAGE ELAPSED=\"0.5712927\" RESULT=\"FAILED\">SCENARIO 2 Validate the Results of Solve 1 (Displacement) - Explore</MESSAGE><RESULT>ERROR</RESULT></PLUGIN></STEPS><RESULT>ERROR</RESULT><ELAPSED>49.6545187</ELAPSED></TESTCASE></TESTSET>",
    "Owner": "Michael",
    "HasInvestigation": true,
    "InvestigationReport": "Fluid_CutterBodies_WallsInterfaces, Fluid_RotatingWall_Bug675469  throw LockRecursionException",
    "WorkItemId": "1094642"
  },
  {
    "Product": "DISCO",
    "Release": "25.2",
    "Platform": "Windows",
    "TestName": "Import_Export_stp",
    "Result": "ERROR",
    "FailureMessage": "<TESTSET NAME=\"Import_Export_stp\" NTESTS=\"1\" TITLE=\"Import_Export_stp\"><MACHINE>CHQ2DISCOTEST43</MACHINE><PACKAGE_ID>202505201950P00</PACKAGE_ID><STANDALONE_BUILD_DATE /><BUILD_ID_DISPLAY_NAME>R252RC1P00</BUILD_ID_DISPLAY_NAME><VERSION>25.2</VERSION><SUPPORT>SUPPORTED</SUPPORT><RUNTYPE>OFFICIAL</RUNTYPE><MODIFIED_RUNTYPE>OFFICIAL</MODIFIED_RUNTYPE> <TEST_INFO><APPLICATION>ANSYS</APPLICATION><TEST_TYPE>UNIFIED</TEST_TYPE><NAME>Import_Export_stp</NAME><OWNER>Pritam</OWNER><PRODUCT>DISCO</PRODUCT><TEST_PATH>DesignScriptTestSuite\\IMPORT_EXPORT_STP</TEST_PATH></TEST_INFO><SYSTEM_INFO><SOFTWARE><OS><NAME>Windows 11</NAME><TYPE>Windows</TYPE></OS></SOFTWARE></SYSTEM_INFO><START>05/22/2025 00:50:05</START><TESTCASE TITLE=\"Import_Export_stp\"><STEPS><PLUGIN NAME=\"DISCO_EXECUTION\"><DETAILS><MESSAGE>Test Categories: GeomImport</MESSAGE><MESSAGE RESULT=\"ERROR\"> Script Error: One or more errors occurred. Error occurred at line 50:   File.SaveAs(testFilePath2) Additional details are available in the log file. </MESSAGE></DETAILS><ELAPSED>45.0643394</ELAPSED><MESSAGE ELAPSED=\"6.7885304\" RESULT=\"PASSED\">SCENARIO 1 Open ASTS_131103.stp</MESSAGE><MESSAGE ELAPSED=\"1.3921663\" RESULT=\"FAILED\">SCENARIO 2 Save as STEP file</MESSAGE><RESULT>ERROR</RESULT></PLUGIN></STEPS><RESULT>ERROR</RESULT><ELAPSED>45.0643394</ELAPSED></TESTCASE></TESTSET>",
    "Owner": "Pritam",
    "HasInvestigation": true,
    "InvestigationReport": "Fluid_CutterBodies_WallsInterfaces, Fluid_RotatingWall_Bug675469  throw LockRecursionException",
    "WorkItemId": "1094642"
  },
  {
    "Product": "DISCO",
    "Release": "25.2",
    "Platform": "Windows",
    "TestName": "Shared_OnDemand_Fluid",
    "Result": "TIMEOUT",
    "FailureMessage": "<TESTSET NAME=\"Shared_OnDemand_Fluid\" NTESTS=\"1\" TITLE=\"Shared_OnDemand_Fluid\"><MACHINE>CHQ2DISCOTEST22</MACHINE><PACKAGE_ID>202505201950P00</PACKAGE_ID><STANDALONE_BUILD_DATE /><BUILD_ID_DISPLAY_NAME>R252RC1P00</BUILD_ID_DISPLAY_NAME><VERSION>25.2</VERSION><SUPPORT>SUPPORTED</SUPPORT><RUNTYPE>OFFICIAL</RUNTYPE><MODIFIED_RUNTYPE>OFFICIAL</MODIFIED_RUNTYPE> <TEST_INFO><APPLICATION>ANSYS</APPLICATION><TEST_TYPE>UNIFIED</TEST_TYPE><NAME>Shared_OnDemand_Fluid</NAME><OWNER>Christine</OWNER><PRODUCT>DISCO</PRODUCT><TEST_PATH>WebLicenseTestSuite\\SHARED_ONDEMAND_FLUID</TEST_PATH></TEST_INFO><SYSTEM_INFO><SOFTWARE><OS><NAME>Windows 11</NAME><TYPE>Windows</TYPE></OS></SOFTWARE></SYSTEM_INFO><START>05/21/2025 22:56:28</START><TESTCASE TITLE=\"Shared_OnDemand_Fluid\"><STEPS><PLUGIN NAME=\"DISCO_EXECUTION\"><DETAILS><MESSAGE>Test Categories: Shared</MESSAGE><MESSAGE RESULT=\"TIMEOUT\">Discovery processes associated with test 'Shared_OnDemand_Fluid' did not finish closing before timeout was hit.Test 'Shared_OnDemand_Fluid' exceeded execution timeout period at step 0.Test 'Shared_OnDemand_Fluid' exceeded execution timeout period at step 0.</MESSAGE></DETAILS><ELAPSED>362.1842522</ELAPSED><RESULT>TIMEOUT</RESULT></PLUGIN></STEPS><RESULT>TIMEOUT</RESULT><ELAPSED>362.1842522</ELAPSED><STEPS><PLUGIN NAME=\"TFS_DISCO_EXECUTION\"><DETAILS><MESSAGE RESULT=\"TIMEOUT\">Assert.Fail failed. The test has timed out after 360s TestCleanup method Ansys.Disco.Integration.Tests.JournalTests.WebLicenseTestSuite.WebLicenseTestSuite.AfterEach threw exception. Microsoft.VisualStudio.TestTools.UnitTesting.AssertFailedException: Assert.Fail failed. Test 'Shared_OnDemand_Fluid' exceeded execution timeout period at step 0..</MESSAGE></DETAILS><ELAPSED>367</ELAPSED><RESULT>TIMEOUT</RESULT></PLUGIN></STEPS></TESTCASE></TESTSET>",
    "Owner": "Christine",
    "HasInvestigation": true,
    "InvestigationReport": "CFD Solver web licensing checkout fails",
    "WorkItemId": "1266390"
  },
  {
    "Product": "DISCO",
    "Release": "25.2",
    "Platform": "Windows",
    "TestName": "HistoryTracking_RecalculateContacts",
    "Result": "ERROR",
    "FailureMessage": "<TESTSET NAME=\"HistoryTracking_RecalculateContacts\" NTESTS=\"1\" TITLE=\"HistoryTracking_RecalculateContacts\"><MACHINE>CHQ2DISCOTEST22</MACHINE><PACKAGE_ID>202505201950P00</PACKAGE_ID><STANDALONE_BUILD_DATE /><BUILD_ID_DISPLAY_NAME>R252RC1P00</BUILD_ID_DISPLAY_NAME><VERSION>25.2</VERSION><SUPPORT>SUPPORTED</SUPPORT><RUNTYPE>OFFICIAL</RUNTYPE><MODIFIED_RUNTYPE>OFFICIAL</MODIFIED_RUNTYPE> <TEST_INFO><APPLICATION>ANSYS</APPLICATION><TEST_TYPE>UNIFIED</TEST_TYPE><NAME>HistoryTracking_RecalculateContacts</NAME><OWNER>Ryan</OWNER><PRODUCT>DISCO</PRODUCT><TEST_PATH>ExploreTestSuite\\HISTORYTRACKING_RECALCULATECONTACTS</TEST_PATH></TEST_INFO><SYSTEM_INFO><SOFTWARE><OS><NAME>Windows 11</NAME><TYPE>Windows</TYPE></OS></SOFTWARE></SYSTEM_INFO><START>05/22/2025 03:57:31</START><TESTCASE TITLE=\"HistoryTracking_RecalculateContacts\"><STEPS><PLUGIN NAME=\"DISCO_EXECUTION\"><DETAILS><MESSAGE>Test Categories: HistoryTracking</MESSAGE><MESSAGE RESULT=\"ERROR\">Status:  ValidationError Step:    326 Details: Validation error: step#326# during replay. The tree node label for '0/4/1' does not match: \tActual:   Stationary Wall (Insulated) (default) \tExpected: Non-Slip Wall (default) No nodes matching 'Non-Slip Wall (default)' were found. Full expected path = 'Physics/Fluid Flow/Non-Slip Wall (default)' Potential journal fix (please review before applying): Old: S=326,UI_CMD=Disco.PhysicsTree,Action=Select,Preview,1,0/4/1,Physics/Fluid Flow/Non-Slip Wall (default) New: S=326,UI_CMD=Disco.PhysicsTree,Action=Select,Preview,1,0/4/1,Physics/Fluid Flow/Stationary Wall (Insulated) (default) </MESSAGE></DETAILS><ELAPSED>157.4361289</ELAPSED><RESULT>ERROR</RESULT></PLUGIN></STEPS><RESULT>ERROR</RESULT><ELAPSED>157.4361289</ELAPSED></TESTCASE></TESTSET>",
    "Owner": "Ryan",
    "HasInvestigation": true,
    "InvestigationReport": "Regressions from sc.237",
    "WorkItemId": "1140398"
  },
  {
    "Product": "DISCO",
    "Release": "25.2",
    "Platform": "Windows",
    "TestName": "StreamletsCurved",
    "Result": "ERROR",
    "FailureMessage": "<TESTSET NAME=\"StreamletsCurved\" NTESTS=\"1\" TITLE=\"StreamletsCurved\"><MACHINE>CHQ2DISCOTEST42</MACHINE><PACKAGE_ID>202505201950P00</PACKAGE_ID><STANDALONE_BUILD_DATE /><BUILD_ID_DISPLAY_NAME>R252RC1P00</BUILD_ID_DISPLAY_NAME><VERSION>25.2</VERSION><SUPPORT>SUPPORTED</SUPPORT><RUNTYPE>OFFICIAL</RUNTYPE><MODIFIED_RUNTYPE>OFFICIAL</MODIFIED_RUNTYPE> <TEST_INFO><APPLICATION>ANSYS</APPLICATION><TEST_TYPE>UNIFIED</TEST_TYPE><NAME>StreamletsCurved</NAME><OWNER>Mahadeo</OWNER><PRODUCT>DISCO</PRODUCT><TEST_PATH>DailyTestSuite\\STREAMLETSCURVED</TEST_PATH></TEST_INFO><SYSTEM_INFO><SOFTWARE><OS><NAME>Windows 11</NAME><TYPE>Windows</TYPE></OS></SOFTWARE></SYSTEM_INFO><START>05/21/2025 20:37:01</START><TESTCASE TITLE=\"StreamletsCurved\"><STEPS><PLUGIN NAME=\"DISCO_EXECUTION\"><DETAILS><MESSAGE>Test Categories: Fluid, Thermal</MESSAGE><MESSAGE RESULT=\"ERROR\">Status:  ValidationError Step:    1030 Details: Validation error: step#1030# during replay. of ICT-BL-StreamletsCurved-3.png. Images differ by 1176 pixels </MESSAGE></DETAILS><ELAPSED>90.9808233</ELAPSED><RESULT>ERROR</RESULT></PLUGIN></STEPS><RESULT>ERROR</RESULT><ELAPSED>90.9808233</ELAPSED></TESTCASE></TESTSET>",
    "Owner": "Mahadeo",
    "HasInvestigation": true,
    "InvestigationReport": "Improve reliability of HQ Streamlet image capture",
    "WorkItemId": "1032285"
  },
  {
    "Product": "DISCO",
    "Release": "25.2",
    "Platform": "Windows",
    "TestName": "Import_Export_acis_sat_sab",
    "Result": "ERROR",
    "FailureMessage": "<TESTSET NAME=\"Import_Export_acis_sat_sab\" NTESTS=\"1\" TITLE=\"Import_Export_acis_sat_sab\"><MACHINE>CHQ2DISCOTEST43</MACHINE><PACKAGE_ID>202505201950P00</PACKAGE_ID><STANDALONE_BUILD_DATE /><BUILD_ID_DISPLAY_NAME>R252RC1P00</BUILD_ID_DISPLAY_NAME><VERSION>25.2</VERSION><SUPPORT>SUPPORTED</SUPPORT><RUNTYPE>OFFICIAL</RUNTYPE><MODIFIED_RUNTYPE>OFFICIAL</MODIFIED_RUNTYPE> <TEST_INFO><APPLICATION>ANSYS</APPLICATION><TEST_TYPE>UNIFIED</TEST_TYPE><NAME>Import_Export_acis_sat_sab</NAME><OWNER>Pritam</OWNER><PRODUCT>DISCO</PRODUCT><TEST_PATH>DesignScriptTestSuite\\IMPORT_EXPORT_ACIS_SAT_SAB</TEST_PATH></TEST_INFO><SYSTEM_INFO><SOFTWARE><OS><NAME>Windows 11</NAME><TYPE>Windows</TYPE></OS></SOFTWARE></SYSTEM_INFO><START>05/22/2025 00:48:09</START><TESTCASE TITLE=\"Import_Export_acis_sat_sab\"><STEPS><PLUGIN NAME=\"DISCO_EXECUTION\"><DETAILS><MESSAGE>Test Categories: GeomImport</MESSAGE><MESSAGE RESULT=\"ERROR\"> Status: ValidationError Summary: 1 validation error(s) in test run. See results file for complete details of all failures. First validation error: Validate Save_As_ACISsat.sat Body Properties - Edge Count \tActual: 37 \tExpected: 36 </MESSAGE></DETAILS><ELAPSED>51.2125809</ELAPSED><MESSAGE ELAPSED=\"2.43911\" RESULT=\"PASSED\">SCENARIO 1 Open ACIS_28.sat geometry</MESSAGE><MESSAGE ELAPSED=\"0.095377\" RESULT=\"PASSED\">SCENARIO 2 validate ACIS_28.sat geometry details</MESSAGE><MESSAGE ELAPSED=\"2.9159234\" RESULT=\"PASSED\">SCENARIO 3 Save as .sat file</MESSAGE><MESSAGE ELAPSED=\"0.772306\" RESULT=\"PASSED\">SCENARIO 4 Insert PMI.sab geometry</MESSAGE><MESSAGE ELAPSED=\"0.0331864\" RESULT=\"PASSED\">SCENARIO 5 validate ACIS_28.sat geometry details</MESSAGE><MESSAGE ELAPSED=\"3.4238994\" RESULT=\"PASSED\">SCENARIO 6 Save as .sab file</MESSAGE><MESSAGE ELAPSED=\"2.3816486\" RESULT=\"PASSED\">SCENARIO 7 Open Save_As_ACISsat.sat</MESSAGE><MESSAGE ELAPSED=\"0.9539369\" RESULT=\"FAILED\">SCENARIO 8 validate Save_As_ACISsat.sat geometry details</MESSAGE><MESSAGE RESULT=\"FAILED\">Validate Save_As_ACISsat.sat Body Properties - Edge Count [TARGET=36] [TEST=37]</MESSAGE><MESSAGE ELAPSED=\"2.0898461\" RESULT=\"PASSED\">SCENARIO 9 Open Save_As_ACISsab.sab</MESSAGE><MESSAGE ELAPSED=\"0.113936\" RESULT=\"PASSED\">SCENARIO 10 validate Save_As_ACISsab.sab geometry details</MESSAGE><RESULT>ERROR</RESULT></PLUGIN></STEPS><RESULT>ERROR</RESULT><ELAPSED>51.2125809</ELAPSED></TESTCASE></TESTSET>",
    "Owner": "Pritam",
    "HasInvestigation": true,
    "InvestigationReport": "File.ResetProject() is not working if run test in VS",
    "WorkItemId": "1022885"
  },
  {
    "Product": "DISCO",
    "Release": "25.2",
    "Platform": "Windows",
    "TestName": "Fill_Objective_Volumechange",
    "Result": "ERROR",
    "FailureMessage": "<TESTSET NAME=\"Fill_Objective_Volumechange\" NTESTS=\"1\" TITLE=\"Fill_Objective_Volumechange\"><MACHINE>CHQ2DISCOTEST43</MACHINE><PACKAGE_ID>202505201950P00</PACKAGE_ID><STANDALONE_BUILD_DATE /><BUILD_ID_DISPLAY_NAME>R252RC1P00</BUILD_ID_DISPLAY_NAME><VERSION>25.2</VERSION><SUPPORT>SUPPORTED</SUPPORT><RUNTYPE>OFFICIAL</RUNTYPE><MODIFIED_RUNTYPE>OFFICIAL</MODIFIED_RUNTYPE> <TEST_INFO><APPLICATION>ANSYS</APPLICATION><TEST_TYPE>UNIFIED</TEST_TYPE><NAME>Fill_Objective_Volumechange</NAME><OWNER>Jitesh</OWNER><PRODUCT>DISCO</PRODUCT><TEST_PATH>DesignTestSuite\\FILL_OBJECTIVE_VOLUMECHANGE</TEST_PATH></TEST_INFO><SYSTEM_INFO><SOFTWARE><OS><NAME>Windows 11</NAME><TYPE>Windows</TYPE></OS></SOFTWARE></SYSTEM_INFO><START>05/22/2025 00:57:05</START><TESTCASE TITLE=\"Fill_Objective_Volumechange\"><STEPS><PLUGIN NAME=\"DISCO_EXECUTION\"><DETAILS><MESSAGE>Test Categories: </MESSAGE><MESSAGE RESULT=\"ERROR\">Status:  ValidationError Step:    79 Details: Validation error: step#79# during replay. While setting selection: Expected 0 objects, but 1 were selected: \tActual:   (1) Body \tExpected:  </MESSAGE></DETAILS><ELAPSED>42.9059878</ELAPSED><RESULT>ERROR</RESULT></PLUGIN></STEPS><RESULT>ERROR</RESULT><ELAPSED>42.9059878</ELAPSED></TESTCASE></TESTSET>",
    "Owner": "Jitesh",
    "HasInvestigation": true,
    "InvestigationReport": "Extruding a pattern causes error",
    "WorkItemId": "1175970"
  },
  {
    "Product": "DISCO",
    "Release": "25.2",
    "Platform": "Windows",
    "TestName": "SampleAddinV232_Annotate_Graphics_Other",
    "Result": "ERROR",
    "FailureMessage": "<TESTSET NAME=\"SampleAddinV232_Annotate_Graphics_Other\" NTESTS=\"1\" TITLE=\"SampleAddinV232_Annotate_Graphics_Other\"><MACHINE>CHQ2DISCOTEST43</MACHINE><PACKAGE_ID>202505201950P00</PACKAGE_ID><STANDALONE_BUILD_DATE /><BUILD_ID_DISPLAY_NAME>R252RC1P00</BUILD_ID_DISPLAY_NAME><VERSION>25.2</VERSION><SUPPORT>SUPPORTED</SUPPORT><RUNTYPE>OFFICIAL</RUNTYPE><MODIFIED_RUNTYPE>OFFICIAL</MODIFIED_RUNTYPE> <TEST_INFO><APPLICATION>ANSYS</APPLICATION><TEST_TYPE>UNIFIED</TEST_TYPE><NAME>SampleAddinV232_Annotate_Graphics_Other</NAME><OWNER>Craig</OWNER><PRODUCT>DISCO</PRODUCT><TEST_PATH>AddinTestSuite\\SAMPLEADDINV232_ANNOTATE_GRAPHICS_OTHER</TEST_PATH></TEST_INFO><SYSTEM_INFO><SOFTWARE><OS><NAME>Windows 11</NAME><TYPE>Windows</TYPE></OS></SOFTWARE></SYSTEM_INFO><START>05/21/2025 18:52:17</START><TESTCASE TITLE=\"SampleAddinV232_Annotate_Graphics_Other\"><STEPS><PLUGIN NAME=\"DISCO_EXECUTION\"><DETAILS><MESSAGE>Test Categories: Addin [SampleAddinV232]</MESSAGE><MESSAGE RESULT=\"ERROR\">Status:  ValidationError Step:    163 Details: Validation error: step#163# during replay. of ICT-BL-SampleAddinV232_Annotate_Graphics_Other-2.png. Images differ by 33521 pixels </MESSAGE></DETAILS><ELAPSED>55.3321992</ELAPSED><RESULT>ERROR</RESULT></PLUGIN></STEPS><RESULT>ERROR</RESULT><ELAPSED>55.3321992</ELAPSED></TESTCASE></TESTSET>",
    "Owner": "Craig",
    "HasInvestigation": true,
    "InvestigationReport": "SampleAddInV232 - Suppression of annotations is broken",
    "WorkItemId": "1157532"
  },
  {
    "Product": "DISCO",
    "Release": "25.2",
    "Platform": "Windows",
    "TestName": "Perf_ContactToJoints",
    "Result": "ERROR",
    "FailureMessage": "<TESTSET NAME=\"Perf_ContactToJoints\" NTESTS=\"1\" TITLE=\"Perf_ContactToJoints\"><MACHINE>CHQ2DISCOTEST49</MACHINE><PACKAGE_ID>202505201950P00</PACKAGE_ID><STANDALONE_BUILD_DATE /><BUILD_ID_DISPLAY_NAME>R252RC1P00</BUILD_ID_DISPLAY_NAME><VERSION>25.2</VERSION><SUPPORT>SUPPORTED</SUPPORT><RUNTYPE>OFFICIAL</RUNTYPE><MODIFIED_RUNTYPE>OFFICIAL</MODIFIED_RUNTYPE> <TEST_INFO><APPLICATION>ANSYS</APPLICATION><TEST_TYPE>UNIFIED</TEST_TYPE><NAME>Perf_ContactToJoints</NAME><OWNER>Vidish</OWNER><PRODUCT>DISCO</PRODUCT><TEST_PATH>PerformanceTestSuite\\PERF_CONTACTTOJOINTS</TEST_PATH></TEST_INFO><SYSTEM_INFO><SOFTWARE><OS><NAME>Windows 11</NAME><TYPE>Windows</TYPE></OS></SOFTWARE></SYSTEM_INFO><START>05/22/2025 02:03:35</START><TESTCASE TITLE=\"Perf_ContactToJoints\"><STEPS><PLUGIN NAME=\"DISCO_EXECUTION\"><DETAILS><MESSAGE>Test Categories: RefineStage, Structural, AvoidArtemisSyncRun</MESSAGE><MESSAGE RESULT=\"ERROR\">Status:  ValidationError Step:    658 Details: Validation error: step#658# during replay. While setting selection: Mismatched object types: \tActual:   (120) JointCondition, (20) Null \tExpected: (20) JointCondition </MESSAGE></DETAILS><ELAPSED>82.9670844</ELAPSED><RESULT>ERROR</RESULT></PLUGIN></STEPS><RESULT>ERROR</RESULT><ELAPSED>82.9670844</ELAPSED><STEPS><PLUGIN NAME=\"TFS_DISCO_EXECUTION\"><DETAILS><MESSAGE RESULT=\"ERROR\">Assert.Fail failed. Test has failed TestCleanup method Ansys.Disco.Integration.Tests.JournalTests.PerformanceTestSuite.AfterEach threw exception. Microsoft.VisualStudio.TestTools.UnitTesting.AssertFailedException: Assert.Fail failed. Status:  ValidationError Step:    658 Details: Validation error: step#658# during replay. While setting selection: Mismatched object types: \tActual:   (120) JointCondition, (20) Null \tExpected: (20) JointCondition .</MESSAGE></DETAILS><ELAPSED>94</ELAPSED><RESULT>ERROR</RESULT></PLUGIN></STEPS></TESTCASE></TESTSET>",
    "Owner": "Vidish",
    "HasInvestigation": true,
    "InvestigationReport": "Regression: Perf_ContactToJoints failing",
    "WorkItemId": "1226795"
  },
  {
    "Product": "DISCO",
    "Release": "25.2",
    "Platform": "Windows",
    "TestName": "Structural_Explore_BearingLoad",
    "Result": "ERROR",
    "FailureMessage": "<TESTSET NAME=\"Structural_Explore_BearingLoad\" NTESTS=\"1\" TITLE=\"Structural_Explore_BearingLoad\"><MACHINE>CHQ2DISCOTEST22</MACHINE><PACKAGE_ID>202505201950P00</PACKAGE_ID><STANDALONE_BUILD_DATE /><BUILD_ID_DISPLAY_NAME>R252RC1P00</BUILD_ID_DISPLAY_NAME><VERSION>25.2</VERSION><SUPPORT>SUPPORTED</SUPPORT><RUNTYPE>OFFICIAL</RUNTYPE><MODIFIED_RUNTYPE>OFFICIAL</MODIFIED_RUNTYPE> <TEST_INFO><APPLICATION>ANSYS</APPLICATION><TEST_TYPE>UNIFIED</TEST_TYPE><NAME>Structural_Explore_BearingLoad</NAME><OWNER>Michael</OWNER><PRODUCT>DISCO</PRODUCT><TEST_PATH>ExploreScriptTestSuite\\STRUCTURAL_EXPLORE_BEARINGLOAD</TEST_PATH></TEST_INFO><SYSTEM_INFO><SOFTWARE><OS><NAME>Windows 11</NAME><TYPE>Windows</TYPE></OS></SOFTWARE></SYSTEM_INFO><START>05/22/2025 03:35:59</START><TESTCASE TITLE=\"Structural_Explore_BearingLoad\"><STEPS><PLUGIN NAME=\"DISCO_EXECUTION\"><DETAILS><MESSAGE>Test Categories: Structural, Modal</MESSAGE><MESSAGE RESULT=\"ERROR\"> Status: ValidationError Summary: 2 validation error(s) in test run. See results file for complete details of all failures. First validation error: Max. X Displacement 1 - Explore - GetValueExploreValue \tActual: 5.7789616221271E-06 \tExpected: 4.02E-06 </MESSAGE></DETAILS><ELAPSED>80.0071507</ELAPSED><MESSAGE ELAPSED=\"3.0007812\" RESULT=\"PASSED\">SCENARIO 1 Open Project File</MESSAGE><MESSAGE ELAPSED=\"2.6220647\" RESULT=\"PASSED\">SCENARIO 2 Apply Bearing Load</MESSAGE><MESSAGE ELAPSED=\"4.5749397\" RESULT=\"PASSED\">SCENARIO 3 Create Monitors</MESSAGE><MESSAGE ELAPSED=\"2.037243\" RESULT=\"PASSED\">SCENARIO 4 Explore Solve 1</MESSAGE><MESSAGE ELAPSED=\"0.0007119\" RESULT=\"FAILED\">SCENARIO 5 Explore Solve 2</MESSAGE><MESSAGE RESULT=\"FAILED\">Max. X Displacement 1 - Explore - GetValueExploreValue [TARGET=4.02E-06] [TEST=5.7789616221271E-06]</MESSAGE><MESSAGE RESULT=\"FAILED\">Z Reaction Force 2 - Explore - GetValueExploreValue [TARGET=9070] [TEST=10000.0029296875]</MESSAGE><MESSAGE ELAPSED=\"0.4527541\" RESULT=\"PASSED\">SCENARIO 6 Suppress Bearing Load</MESSAGE><MESSAGE ELAPSED=\"3.9437378\" RESULT=\"PASSED\">SCENARIO 7 Add New Bearing Load</MESSAGE><MESSAGE ELAPSED=\"13.3985982\" RESULT=\"PASSED\">SCENARIO 8 Explore Solve 3</MESSAGE><MESSAGE ELAPSED=\"0.0002504\" RESULT=\"PASSED\">SCENARIO 9 Validate Mode 1 Frequency - Explore</MESSAGE><MESSAGE ELAPSED=\"0.0001498\" RESULT=\"PASSED\">SCENARIO 10 Validate Mode 2 Frequency - Explore</MESSAGE><MESSAGE ELAPSED=\"1.5432936\" RESULT=\"PASSED\">SCENARIO 11 Validate Mode 3 Frequency - Explore</MESSAGE><MESSAGE ELAPSED=\"2.967644\" RESULT=\"PASSED\">SCENARIO 12 Save Project</MESSAGE><MESSAGE ELAPSED=\"6.9799151\" RESULT=\"PASSED\">SCENARIO 13 Resume Project</MESSAGE><MESSAGE ELAPSED=\"0.0017398\" RESULT=\"PASSED\">SCENARIO 14 Explore Solve 4</MESSAGE><RESULT>ERROR</RESULT></PLUGIN></STEPS><RESULT>ERROR</RESULT><ELAPSED>80.0071507</ELAPSED></TESTCASE></TESTSET>",
    "Owner": "Michael",
    "HasInvestigation": true,
    "InvestigationReport": "Bearing load script test keeps hanging after script suppresses condition",
    "WorkItemId": "1179367"
  },
  {
    "Product": "DISCO",
    "Release": "25.2",
    "Platform": "Windows",
    "TestName": "Import_Export_Rhino_3dm",
    "Result": "ERROR",
    "FailureMessage": "<TESTSET NAME=\"Import_Export_Rhino_3dm\" NTESTS=\"1\" TITLE=\"Import_Export_Rhino_3dm\"><MACHINE>CHQ2DISCOTEST43</MACHINE><PACKAGE_ID>202505201950P00</PACKAGE_ID><STANDALONE_BUILD_DATE /><BUILD_ID_DISPLAY_NAME>R252RC1P00</BUILD_ID_DISPLAY_NAME><VERSION>25.2</VERSION><SUPPORT>SUPPORTED</SUPPORT><RUNTYPE>OFFICIAL</RUNTYPE><MODIFIED_RUNTYPE>OFFICIAL</MODIFIED_RUNTYPE> <TEST_INFO><APPLICATION>ANSYS</APPLICATION><TEST_TYPE>UNIFIED</TEST_TYPE><NAME>Import_Export_Rhino_3dm</NAME><OWNER>Pritam</OWNER><PRODUCT>DISCO</PRODUCT><TEST_PATH>DesignScriptTestSuite\\IMPORT_EXPORT_RHINO_3DM</TEST_PATH></TEST_INFO><SYSTEM_INFO><SOFTWARE><OS><NAME>Windows 11</NAME><TYPE>Windows</TYPE></OS></SOFTWARE></SYSTEM_INFO><START>05/22/2025 00:49:10</START><TESTCASE TITLE=\"Import_Export_Rhino_3dm\"><STEPS><PLUGIN NAME=\"DISCO_EXECUTION\"><DETAILS><MESSAGE>Test Categories: GeomImport</MESSAGE><MESSAGE RESULT=\"ERROR\"> Status: ValidationError Summary: 2 validation error(s) in test run. See results file for complete details of all failures. First validation error: Validate Geometry - Edge Count \tActual: 61 \tExpected: 60 </MESSAGE></DETAILS><ELAPSED>45.1603337</ELAPSED><MESSAGE ELAPSED=\"3.7198772\" RESULT=\"PASSED\">SCENARIO 1 Open T-flange-RH5.3dm</MESSAGE><MESSAGE ELAPSED=\"2.4017496\" RESULT=\"PASSED\">SCENARIO 2 Save as Rhino file</MESSAGE><MESSAGE ELAPSED=\"3.2524882\" RESULT=\"FAILED\">SCENARIO 3 Open Save_As_Rhino.3dm</MESSAGE><MESSAGE RESULT=\"FAILED\">Validate Geometry - Edge Count [TARGET=60] [TEST=61]</MESSAGE><MESSAGE RESULT=\"FAILED\">Save_As_Rhino Solid Body Name - General Validation [TARGET=Solid] [TEST=Base]</MESSAGE><RESULT>ERROR</RESULT></PLUGIN></STEPS><RESULT>ERROR</RESULT><ELAPSED>45.1603337</ELAPSED></TESTCASE></TESTSET>",
    "Owner": "Pritam",
    "HasInvestigation": true,
    "InvestigationReport": "Fluid_CutterBodies_WallsInterfaces, Fluid_RotatingWall_Bug675469  throw LockRecursionException",
    "WorkItemId": "1094642"
  }
]